phase=business
round=1
minutes=1
started_at=2026-06-16T12:00:41.8110208+08:00

## consensus business stake vote reward
started_at=2026-06-16T12:00:41.8607574+08:00
command=go test .\consensus -run TestPoSRealAccountStakeVoteAndBlockFlow|TestValidatorJoinsOnlyAfterRegisterStakeTransaction|TestStageBusiness|TestApplyBlockRewards|TestFaultInjectionLeaderOfflineFormsSkipQC|TestBLS -count 1
ended_at=2026-06-16T12:00:43.5415401+08:00
duration_seconds=1.681
exit_code=0
--- output ---
ok  	solana_golang/consensus	0.615s


## posnode rpc turbine sync
started_at=2026-06-16T12:00:43.5521201+08:00
command=go test .\cmd\posnode -run TestHTTPJSONRPC|TestStageBusinessRPC|TestConsensusStatus|TestTurbine|TestTransactionFastPath|TestFaultInjection|TestAddTransaction|TestVerifyQuorumCertificate -count 1
ended_at=2026-06-16T12:00:47.9349967+08:00
duration_seconds=4.383
exit_code=0
--- output ---
ok  	solana_golang/cmd/posnode	1.064s


## blockchain reorg persistence
started_at=2026-06-16T12:00:47.9436265+08:00
command=go test .\blockchain -run TestBuildGenesisStateCreatesTreasuryAndValidators|TestLedgerCommitPersistsAndReloads|TestLedgerReorganizeToBetterFork|TestStageBusinessFinalizedBlocksRejectDeepReorg|TestFaultInjectionReorgPersistsAfterNodeRestart -count 1
ended_at=2026-06-16T12:00:52.8433911+08:00
duration_seconds=4.9
exit_code=0
--- output ---
ok  	solana_golang/blockchain	1.120s


## p2p fault network routing
started_at=2026-06-16T12:00:52.8448983+08:00
command=go test .\p2p -run TestFaultInjection|TestHostHeartbeatClosesExpiredConnection|TestHostRequestRetries|TestHostDialPeerBacksOff|TestHostRateLimitsInboundMessages|TestPeerProtection|TestQueuedConnection|TestConnectionMessageSequencer -count 1
ended_at=2026-06-16T12:00:55.4133907+08:00
duration_seconds=2.568
exit_code=0
--- output ---
ok  	solana_golang/p2p	1.327s


## privacy audit confidential flow
started_at=2026-06-16T12:00:55.4158989+08:00
command=go test .\programs\privacy .\zk .\runtime -count 1
ended_at=2026-06-16T12:00:57.7014032+08:00
duration_seconds=2.286
exit_code=0
--- output ---
ok  	solana_golang/programs/privacy	1.134s
ok  	solana_golang/zk	1.134s
ok  	solana_golang/runtime	1.088s


## consensus business stake vote reward
started_at=2026-06-16T12:00:57.7099463+08:00
command=go test .\consensus -run TestPoSRealAccountStakeVoteAndBlockFlow|TestValidatorJoinsOnlyAfterRegisterStakeTransaction|TestStageBusiness|TestApplyBlockRewards|TestFaultInjectionLeaderOfflineFormsSkipQC|TestBLS -count 1
ended_at=2026-06-16T12:00:59.6202130+08:00
duration_seconds=1.91
exit_code=0
--- output ---
ok  	solana_golang/consensus	0.624s


## posnode rpc turbine sync
started_at=2026-06-16T12:00:59.6227259+08:00
command=go test .\cmd\posnode -run TestHTTPJSONRPC|TestStageBusinessRPC|TestConsensusStatus|TestTurbine|TestTransactionFastPath|TestFaultInjection|TestAddTransaction|TestVerifyQuorumCertificate -count 1
ended_at=2026-06-16T12:01:04.2731185+08:00
duration_seconds=4.65
exit_code=0
--- output ---
ok  	solana_golang/cmd/posnode	1.028s


## blockchain reorg persistence
started_at=2026-06-16T12:01:04.2751292+08:00
command=go test .\blockchain -run TestBuildGenesisStateCreatesTreasuryAndValidators|TestLedgerCommitPersistsAndReloads|TestLedgerReorganizeToBetterFork|TestStageBusinessFinalizedBlocksRejectDeepReorg|TestFaultInjectionReorgPersistsAfterNodeRestart -count 1
ended_at=2026-06-16T12:01:08.4849796+08:00
duration_seconds=4.21
exit_code=0
--- output ---
ok  	solana_golang/blockchain	1.098s


## p2p fault network routing
started_at=2026-06-16T12:01:08.4916619+08:00
command=go test .\p2p -run TestFaultInjection|TestHostHeartbeatClosesExpiredConnection|TestHostRequestRetries|TestHostDialPeerBacksOff|TestHostRateLimitsInboundMessages|TestPeerProtection|TestQueuedConnection|TestConnectionMessageSequencer -count 1
ended_at=2026-06-16T12:01:11.8574069+08:00
duration_seconds=3.366
exit_code=0
--- output ---
ok  	solana_golang/p2p	2.109s


## privacy audit confidential flow
started_at=2026-06-16T12:01:11.8675578+08:00
command=go test .\programs\privacy .\zk .\runtime -count 1
ended_at=2026-06-16T12:01:14.1109487+08:00
duration_seconds=2.243
exit_code=0
--- output ---
ok  	solana_golang/programs/privacy	0.966s
ok  	solana_golang/zk	0.743s
ok  	solana_golang/runtime	0.751s


## consensus business stake vote reward
started_at=2026-06-16T12:01:14.1139659+08:00
command=go test .\consensus -run TestPoSRealAccountStakeVoteAndBlockFlow|TestValidatorJoinsOnlyAfterRegisterStakeTransaction|TestStageBusiness|TestApplyBlockRewards|TestFaultInjectionLeaderOfflineFormsSkipQC|TestBLS -count 1
ended_at=2026-06-16T12:01:15.9718040+08:00
duration_seconds=1.858
exit_code=0
--- output ---
ok  	solana_golang/consensus	0.591s


## posnode rpc turbine sync
started_at=2026-06-16T12:01:15.9738153+08:00
command=go test .\cmd\posnode -run TestHTTPJSONRPC|TestStageBusinessRPC|TestConsensusStatus|TestTurbine|TestTransactionFastPath|TestFaultInjection|TestAddTransaction|TestVerifyQuorumCertificate -count 1
ended_at=2026-06-16T12:01:21.1508781+08:00
duration_seconds=5.177
exit_code=0
--- output ---
ok  	solana_golang/cmd/posnode	1.019s


## blockchain reorg persistence
started_at=2026-06-16T12:01:21.1529343+08:00
command=go test .\blockchain -run TestBuildGenesisStateCreatesTreasuryAndValidators|TestLedgerCommitPersistsAndReloads|TestLedgerReorganizeToBetterFork|TestStageBusinessFinalizedBlocksRejectDeepReorg|TestFaultInjectionReorgPersistsAfterNodeRestart -count 1
ended_at=2026-06-16T12:01:25.3411075+08:00
duration_seconds=4.188
exit_code=0
--- output ---
ok  	solana_golang/blockchain	1.169s


## p2p fault network routing
started_at=2026-06-16T12:01:25.3431317+08:00
command=go test .\p2p -run TestFaultInjection|TestHostHeartbeatClosesExpiredConnection|TestHostRequestRetries|TestHostDialPeerBacksOff|TestHostRateLimitsInboundMessages|TestPeerProtection|TestQueuedConnection|TestConnectionMessageSequencer -count 1
ended_at=2026-06-16T12:01:28.2234971+08:00
duration_seconds=2.88
exit_code=0
--- output ---
ok  	solana_golang/p2p	1.704s


## privacy audit confidential flow
started_at=2026-06-16T12:01:28.2334231+08:00
command=go test .\programs\privacy .\zk .\runtime -count 1
ended_at=2026-06-16T12:01:30.1644852+08:00
duration_seconds=1.931
exit_code=0
--- output ---
ok  	solana_golang/programs/privacy	0.972s
ok  	solana_golang/zk	0.781s
ok  	solana_golang/runtime	0.920s


## consensus business stake vote reward
started_at=2026-06-16T12:01:30.1665044+08:00
command=go test .\consensus -run TestPoSRealAccountStakeVoteAndBlockFlow|TestValidatorJoinsOnlyAfterRegisterStakeTransaction|TestStageBusiness|TestApplyBlockRewards|TestFaultInjectionLeaderOfflineFormsSkipQC|TestBLS -count 1
ended_at=2026-06-16T12:01:31.7222101+08:00
duration_seconds=1.556
exit_code=0
--- output ---
ok  	solana_golang/consensus	0.568s


## posnode rpc turbine sync
started_at=2026-06-16T12:01:31.7312545+08:00
command=go test .\cmd\posnode -run TestHTTPJSONRPC|TestStageBusinessRPC|TestConsensusStatus|TestTurbine|TestTransactionFastPath|TestFaultInjection|TestAddTransaction|TestVerifyQuorumCertificate -count 1
ended_at=2026-06-16T12:01:36.0934749+08:00
duration_seconds=4.362
exit_code=0
--- output ---
ok  	solana_golang/cmd/posnode	1.074s


## blockchain reorg persistence
started_at=2026-06-16T12:01:36.0949856+08:00
command=go test .\blockchain -run TestBuildGenesisStateCreatesTreasuryAndValidators|TestLedgerCommitPersistsAndReloads|TestLedgerReorganizeToBetterFork|TestStageBusinessFinalizedBlocksRejectDeepReorg|TestFaultInjectionReorgPersistsAfterNodeRestart -count 1
ended_at=2026-06-16T12:01:40.6830795+08:00
duration_seconds=4.588
exit_code=0
--- output ---
ok  	solana_golang/blockchain	1.111s


## p2p fault network routing
started_at=2026-06-16T12:01:40.6846447+08:00
command=go test .\p2p -run TestFaultInjection|TestHostHeartbeatClosesExpiredConnection|TestHostRequestRetries|TestHostDialPeerBacksOff|TestHostRateLimitsInboundMessages|TestPeerProtection|TestQueuedConnection|TestConnectionMessageSequencer -count 1
ended_at=2026-06-16T12:01:43.6105614+08:00
duration_seconds=2.926
exit_code=0
--- output ---
ok  	solana_golang/p2p	1.723s


## privacy audit confidential flow
started_at=2026-06-16T12:01:43.6222534+08:00
command=go test .\programs\privacy .\zk .\runtime -count 1
ended_at=2026-06-16T12:01:45.7556797+08:00
duration_seconds=2.133
exit_code=0
--- output ---
ok  	solana_golang/programs/privacy	0.923s
ok  	solana_golang/zk	0.790s
ok  	solana_golang/runtime	0.882s


phase_ended_at=2026-06-16T12:01:45.7572206+08:00
phase_duration_seconds=63.946
cycles=4
