{"time":"2026-06-16T19:22:40.2103409+08:00","level":"INFO","msg":"posnode ledger ready","height":0,"slot":0,"block_hash":"5y76RFB7xLaq6pBMKE4AEj1qpyCKNxHEwSJ2KLZeaaje","state_root":"5y76RFB7xLaq6pBMKE4AEj1qpyCKNxHEwSJ2KLZeaaje","mempool":0}
{"time":"2026-06-16T19:22:40.240899+08:00","level":"INFO","msg":"posnode epoch ready","epoch":0,"start_slot":1,"end_slot":1500,"validators":2,"total_stake":20000000}
{"time":"2026-06-16T19:22:40.300007+08:00","level":"INFO","msg":"p2p host initialized","peer_id":"4Z2N3ENSg8mWgFrheNenR3QQTFoWWVRWxtU3VxfT1UDU","secure_session":true,"max_peers":128,"max_connections":128,"max_message_size":4194304,"quic_stream_pool_size":8,"control_rate_limit":128,"data_rate_limit":16384,"write_queue_size":1024,"write_timeout":5000000000,"broadcast_concurrency":32,"protocol_workers":16,"protocol_partitions":16,"dial_timeout":5000000000,"request_timeout":10000000000,"handshake_timeout":5000000000}
{"time":"2026-06-16T19:22:40.3005096+08:00","level":"INFO","msg":"posnode started","node":"node-bootstrap-probe","peer_id":"4Z2N3ENSg8mWgFrheNenR3QQTFoWWVRWxtU3VxfT1UDU","staker":"8HKwdE93MdZbsRuCcz28kyyghKtqbo6GtherAk12cGX9","validator":"4QbkPyyNjJdVSBHWeeZzF3YXWc9Dx6vyKe6pJLzFVMVv","consensus":"CLXtBFfCfe3GaUVKq6qSkKXMmWxJjpv6tZAwa8HXmq2z","genesis_supply":1000000000000000000,"genesis_start_unix_millis":1781599860553,"finality_depth":2,"p2p_insecure_allowed":false,"state_recovery_enabled":true,"data_path":"F:/workSpace2029/solana_golang/data/posnode-bootstrap-probe"}
{"time":"2026-06-16T19:22:40.3005096+08:00","level":"INFO","msg":"p2p host listen","address":"/ip4/0.0.0.0/tcp/5122/p2p/4Z2N3ENSg8mWgFrheNenR3QQTFoWWVRWxtU3VxfT1UDU","protocol":"tcp"}
{"time":"2026-06-16T19:22:40.3018194+08:00","level":"INFO","msg":"rpc server starting","address":"127.0.0.1:8909"}
{"time":"2026-06-16T19:22:40.3040291+08:00","level":"INFO","msg":"p2p tcp listen","address":"/ip4/0.0.0.0/tcp/5122/p2p/4Z2N3ENSg8mWgFrheNenR3QQTFoWWVRWxtU3VxfT1UDU","protocol":"tcp"}
{"time":"2026-06-16T19:22:40.5011567+08:00","level":"INFO","msg":"p2p bootstrap started","bootnodes":1,"min_outbound_peers":4,"query_limit":32}
{"time":"2026-06-16T19:22:40.5442133+08:00","level":"INFO","msg":"p2p tcp dial","address":"/ip4/101.35.87.31/tcp/5100/p2p/GAEb8wVMHNiKiRaWmZtnmAvLtKoCAfJnzSMBcH4C3B57","peer_id":"GAEb8wVMHNiKiRaWmZtnmAvLtKoCAfJnzSMBcH4C3B57"}
{"time":"2026-06-16T19:22:40.5765318+08:00","level":"INFO","msg":"p2p host connected","peer_id":"GAEb8wVMHNiKiRaWmZtnmAvLtKoCAfJnzSMBcH4C3B57","protocol":"tcp"}
{"time":"2026-06-16T19:22:40.5770458+08:00","level":"WARN","msg":"p2p protocol job failed","peer_id":"GAEb8wVMHNiKiRaWmZtnmAvLtKoCAfJnzSMBcH4C3B57","message_id":"019ed02b551d7831b5c6d114357faed9","protocol_id":24,"worker_id":6,"error":"p2p: handle protocol /p2p/identify/request/1.0.0: p2p: invalid message: no advertised address"}
{"time":"2026-06-16T19:22:40.6151333+08:00","level":"INFO","msg":"p2p identify completed","peer_id":"GAEb8wVMHNiKiRaWmZtnmAvLtKoCAfJnzSMBcH4C3B57"}
{"time":"2026-06-16T19:22:41.3036254+08:00","level":"INFO","msg":"posnode epoch ready","epoch":3,"start_slot":4501,"end_slot":6000,"validators":2,"total_stake":20000000}
{"time":"2026-06-16T19:22:42.3072826+08:00","level":"INFO","msg":"p2p tcp dial","address":"/ip4/192.168.120.223/tcp/5101/p2p/EPqwecxfEdeeB3ZtKCVVjEohLYZXQ1XHZapdkeBYirB1","peer_id":"EPqwecxfEdeeB3ZtKCVVjEohLYZXQ1XHZapdkeBYirB1"}
{"time":"2026-06-16T19:22:42.3159697+08:00","level":"INFO","msg":"p2p host connected","peer_id":"EPqwecxfEdeeB3ZtKCVVjEohLYZXQ1XHZapdkeBYirB1","protocol":"tcp"}
{"time":"2026-06-16T19:22:42.3170303+08:00","level":"WARN","msg":"p2p protocol job failed","peer_id":"EPqwecxfEdeeB3ZtKCVVjEohLYZXQ1XHZapdkeBYirB1","message_id":"019ed02b5bba75c4a771e2430dab5715","protocol_id":24,"worker_id":6,"error":"p2p: handle protocol /p2p/identify/request/1.0.0: p2p: invalid message: no advertised address"}
{"time":"2026-06-16T19:22:42.3262581+08:00","level":"INFO","msg":"p2p identify completed","peer_id":"EPqwecxfEdeeB3ZtKCVVjEohLYZXQ1XHZapdkeBYirB1"}
{"time":"2026-06-16T19:22:42.3733156+08:00","level":"INFO","msg":"ledger finalized snapshot imported","chain_id":"pos-public-testnet","slot":2318,"height":1816,"block_hash":"A5UZmkSUTM5t8k2LvCtLL8ygHQx9YV2VftCJyDgfpBEe","state_root":"4bSGR5XBkkDxuZceZGEeztgishy12quRKTdC1pUSoknT","duration":526600}
{"time":"2026-06-16T19:22:42.37713+08:00","level":"INFO","msg":"posnode epoch ready","epoch":3,"start_slot":4501,"end_slot":6000,"validators":6,"total_stake":60000000}
{"time":"2026-06-16T19:22:42.37713+08:00","level":"INFO","msg":"posnode finalized snapshot synced","peer_id":"EPqwecxfEdeeB3ZtKCVVjEohLYZXQ1XHZapdkeBYirB1","height":1816,"slot":2318,"block_hash":"A5UZmkSUTM5t8k2LvCtLL8ygHQx9YV2VftCJyDgfpBEe"}
{"time":"2026-06-16T19:22:42.4047764+08:00","level":"INFO","msg":"posnode epoch ready","epoch":1,"start_slot":1501,"end_slot":3000,"validators":6,"total_stake":60000000}
{"time":"2026-06-16T19:22:42.4059298+08:00","level":"INFO","msg":"ledger commit block committed","chain_id":"pos-public-testnet","slot":2319,"height":1817,"block_hash":"6EJvGC8HXL4296ZZa8chSJKdgdMxgCBEjcH9jwCqE1Qk","parent_hash":"A5UZmkSUTM5t8k2LvCtLL8ygHQx9YV2VftCJyDgfpBEe","leader_id":"4dc9e57408b3bf557a6ef151627d5049","tx_count":0,"reward_count":0,"qc_hash":"HHqCF8whtCzLZ5cp8k8uhusBP8L6SmR4uBDzFkzR61Pu","finalized_height":1816,"finalized_hash":"A5UZmkSUTM5t8k2LvCtLL8ygHQx9YV2VftCJyDgfpBEe","duration_ms":0}
{"time":"2026-06-16T19:22:42.426967+08:00","level":"INFO","msg":"ledger commit block committed","chain_id":"pos-public-testnet","slot":2320,"height":1818,"block_hash":"GLtFJmE9273snirvz3eW2Gd41kBnmZFcbzU4HyY9S7j9","parent_hash":"6EJvGC8HXL4296ZZa8chSJKdgdMxgCBEjcH9jwCqE1Qk","leader_id":"76b3f9a8997e7e1adbcc7845e6d10ad6","tx_count":0,"reward_count":0,"qc_hash":"HHqCF8whtCzLZ5cp8k8uhusBP8L6SmR4uBDzFkzR61Pu","finalized_height":1816,"finalized_hash":"A5UZmkSUTM5t8k2LvCtLL8ygHQx9YV2VftCJyDgfpBEe","duration_ms":2}
{"time":"2026-06-16T19:22:42.6713321+08:00","level":"INFO","msg":"p2p tcp dial","address":"/ip4/192.168.181.138/tcp/5101/p2p/4V6gbmpjwkTwjxQZ9PQ5WLFHEy1Vr8JWHFut4EPpvECn","peer_id":"4V6gbmpjwkTwjxQZ9PQ5WLFHEy1Vr8JWHFut4EPpvECn"}
{"time":"2026-06-16T19:22:42.6753358+08:00","level":"INFO","msg":"p2p host connected","peer_id":"4V6gbmpjwkTwjxQZ9PQ5WLFHEy1Vr8JWHFut4EPpvECn","protocol":"tcp"}
{"time":"2026-06-16T19:22:42.67585+08:00","level":"WARN","msg":"p2p protocol job failed","peer_id":"4V6gbmpjwkTwjxQZ9PQ5WLFHEy1Vr8JWHFut4EPpvECn","message_id":"019ed02b5d5e7fec973e516bb200adba","protocol_id":24,"worker_id":10,"error":"p2p: handle protocol /p2p/identify/request/1.0.0: p2p: invalid message: no advertised address"}
{"time":"2026-06-16T19:22:42.6791095+08:00","level":"INFO","msg":"p2p identify completed","peer_id":"4V6gbmpjwkTwjxQZ9PQ5WLFHEy1Vr8JWHFut4EPpvECn"}
{"time":"2026-06-16T19:22:42.7146075+08:00","level":"INFO","msg":"p2p tcp dial","address":"/ip4/101.35.87.31/tcp/5101/p2p/7w8LNHyGG77Mpue6JrkuEXpPqjcwQys8UvBM8cFJrm5A","peer_id":"7w8LNHyGG77Mpue6JrkuEXpPqjcwQys8UvBM8cFJrm5A"}
{"time":"2026-06-16T19:22:42.7526226+08:00","level":"INFO","msg":"p2p host connected","peer_id":"7w8LNHyGG77Mpue6JrkuEXpPqjcwQys8UvBM8cFJrm5A","protocol":"tcp"}
{"time":"2026-06-16T19:22:42.753629+08:00","level":"INFO","msg":"p2p bootstrap completed","bootnodes":1,"connected_bootnodes":1,"discovered_peers":6,"connected_peers":2,"find_node_queries":8,"find_node_failures":0,"error":null}
{"time":"2026-06-16T19:22:42.753629+08:00","level":"WARN","msg":"p2p protocol job failed","peer_id":"7w8LNHyGG77Mpue6JrkuEXpPqjcwQys8UvBM8cFJrm5A","message_id":"019ed02b5d99733aa271d28fc44eec8d","protocol_id":24,"worker_id":5,"error":"p2p: handle protocol /p2p/identify/request/1.0.0: p2p: invalid message: no advertised address"}
{"time":"2026-06-16T19:22:42.8763683+08:00","level":"INFO","msg":"p2p identify completed","peer_id":"7w8LNHyGG77Mpue6JrkuEXpPqjcwQys8UvBM8cFJrm5A"}
{"time":"2026-06-16T19:22:43.3038439+08:00","level":"INFO","msg":"posnode epoch ready","epoch":3,"start_slot":4501,"end_slot":6000,"validators":6,"total_stake":60000000}
{"time":"2026-06-16T19:22:44.3013337+08:00","level":"INFO","msg":"p2p tcp dial","address":"/ip4/192.168.181.139/tcp/5101/p2p/A1ja592wjq8bBpUH21ceVZVY5cSR9Yd1Brxv7MqwLams","peer_id":"A1ja592wjq8bBpUH21ceVZVY5cSR9Yd1Brxv7MqwLams"}
{"time":"2026-06-16T19:22:44.3044845+08:00","level":"INFO","msg":"p2p host connected","peer_id":"A1ja592wjq8bBpUH21ceVZVY5cSR9Yd1Brxv7MqwLams","protocol":"tcp"}
{"time":"2026-06-16T19:22:44.3044845+08:00","level":"WARN","msg":"p2p protocol job failed","peer_id":"A1ja592wjq8bBpUH21ceVZVY5cSR9Yd1Brxv7MqwLams","message_id":"019ed02b63bc786ea7ae58c057f37ec4","protocol_id":24,"worker_id":13,"error":"p2p: handle protocol /p2p/identify/request/1.0.0: p2p: invalid message: no advertised address"}
{"time":"2026-06-16T19:22:44.3075032+08:00","level":"INFO","msg":"p2p tcp dial","address":"/ip4/192.168.181.136/tcp/5101/p2p/Bfc7jv5vEuMBu3uwXbn6zyPSD7D2mWPZ65eK8owskGvZ","peer_id":"Bfc7jv5vEuMBu3uwXbn6zyPSD7D2mWPZ65eK8owskGvZ"}
{"time":"2026-06-16T19:22:44.3090119+08:00","level":"INFO","msg":"p2p identify completed","peer_id":"A1ja592wjq8bBpUH21ceVZVY5cSR9Yd1Brxv7MqwLams"}
{"time":"2026-06-16T19:22:44.3160529+08:00","level":"INFO","msg":"posnode epoch ready","epoch":1,"start_slot":1501,"end_slot":3000,"validators":6,"total_stake":60000000}
{"time":"2026-06-16T19:22:44.3170761+08:00","level":"INFO","msg":"ledger commit block committed","chain_id":"pos-public-testnet","slot":2322,"height":1819,"block_hash":"2sdam2dWBTESa7WJfEdyHufKBGj1tBcSVpj2h7RvrzuT","parent_hash":"GLtFJmE9273snirvz3eW2Gd41kBnmZFcbzU4HyY9S7j9","leader_id":"ce7479a74ffd3537246a8e95ad322995","tx_count":0,"reward_count":0,"qc_hash":"HHqCF8whtCzLZ5cp8k8uhusBP8L6SmR4uBDzFkzR61Pu","finalized_height":1817,"finalized_hash":"6EJvGC8HXL4296ZZa8chSJKdgdMxgCBEjcH9jwCqE1Qk","duration_ms":0}
{"time":"2026-06-16T19:22:44.3186911+08:00","level":"INFO","msg":"p2p host connected","peer_id":"Bfc7jv5vEuMBu3uwXbn6zyPSD7D2mWPZ65eK8owskGvZ","protocol":"tcp"}
{"time":"2026-06-16T19:22:44.3200032+08:00","level":"INFO","msg":"p2p tcp dial","address":"/ip4/192.168.181.137/tcp/5101/p2p/BQNzv1JJmbFkZdFrE6ZYpmFtgWs45j2Caqo6E7232ecQ","peer_id":"BQNzv1JJmbFkZdFrE6ZYpmFtgWs45j2Caqo6E7232ecQ"}
{"time":"2026-06-16T19:22:44.3200032+08:00","level":"WARN","msg":"p2p protocol job failed","peer_id":"Bfc7jv5vEuMBu3uwXbn6zyPSD7D2mWPZ65eK8owskGvZ","message_id":"019ed02b63ca72be9ff45013858661cd","protocol_id":24,"worker_id":3,"error":"p2p: handle protocol /p2p/identify/request/1.0.0: p2p: invalid message: no advertised address"}
{"time":"2026-06-16T19:22:44.3215576+08:00","level":"INFO","msg":"p2p identify completed","peer_id":"Bfc7jv5vEuMBu3uwXbn6zyPSD7D2mWPZ65eK8owskGvZ"}
{"time":"2026-06-16T19:22:44.3225641+08:00","level":"INFO","msg":"p2p host connected","peer_id":"BQNzv1JJmbFkZdFrE6ZYpmFtgWs45j2Caqo6E7232ecQ","protocol":"tcp"}
{"time":"2026-06-16T19:22:44.3230682+08:00","level":"WARN","msg":"p2p protocol job failed","peer_id":"BQNzv1JJmbFkZdFrE6ZYpmFtgWs45j2Caqo6E7232ecQ","message_id":"019ed02b63cf7605acee035c59a1f0cb","protocol_id":24,"worker_id":9,"error":"p2p: handle protocol /p2p/identify/request/1.0.0: p2p: invalid message: no advertised address"}
{"time":"2026-06-16T19:22:44.3266735+08:00","level":"INFO","msg":"p2p identify completed","peer_id":"BQNzv1JJmbFkZdFrE6ZYpmFtgWs45j2Caqo6E7232ecQ"}
{"time":"2026-06-16T19:22:45.3036378+08:00","level":"INFO","msg":"posnode epoch ready","epoch":3,"start_slot":4501,"end_slot":6000,"validators":6,"total_stake":60000000}
{"time":"2026-06-16T19:22:46.1635751+08:00","level":"INFO","msg":"rpc http request completed","method":"POST","path":"/","remote_addr":"127.0.0.1:4482","status":200,"duration_ms":0}
{"time":"2026-06-16T19:22:46.3124812+08:00","level":"INFO","msg":"posnode epoch ready","epoch":1,"start_slot":1501,"end_slot":3000,"validators":6,"total_stake":60000000}
{"time":"2026-06-16T19:22:46.3135062+08:00","level":"INFO","msg":"ledger commit block committed","chain_id":"pos-public-testnet","slot":2323,"height":1820,"block_hash":"DrHgWh2Q1AYGSG23xZGHrYuVtVuJk1t6WVf6k2SdEQj7","parent_hash":"2sdam2dWBTESa7WJfEdyHufKBGj1tBcSVpj2h7RvrzuT","leader_id":"4dc9e57408b3bf557a6ef151627d5049","tx_count":0,"reward_count":0,"qc_hash":"HHqCF8whtCzLZ5cp8k8uhusBP8L6SmR4uBDzFkzR61Pu","finalized_height":1818,"finalized_hash":"GLtFJmE9273snirvz3eW2Gd41kBnmZFcbzU4HyY9S7j9","duration_ms":0}
{"time":"2026-06-16T19:22:47.304472+08:00","level":"INFO","msg":"posnode epoch ready","epoch":3,"start_slot":4501,"end_slot":6000,"validators":6,"total_stake":60000000}
{"time":"2026-06-16T19:22:50.3149005+08:00","level":"INFO","msg":"posnode epoch ready","epoch":1,"start_slot":1501,"end_slot":3000,"validators":6,"total_stake":60000000}
{"time":"2026-06-16T19:22:50.325955+08:00","level":"INFO","msg":"ledger commit block committed","chain_id":"pos-public-testnet","slot":2325,"height":1821,"block_hash":"46cje2WNku486QzPtgKB1Qe24aJ8faytCTN6wQFQARV7","parent_hash":"DrHgWh2Q1AYGSG23xZGHrYuVtVuJk1t6WVf6k2SdEQj7","leader_id":"4dc9e57408b3bf557a6ef151627d5049","tx_count":0,"reward_count":0,"qc_hash":"HHqCF8whtCzLZ5cp8k8uhusBP8L6SmR4uBDzFkzR61Pu","finalized_height":1819,"finalized_hash":"2sdam2dWBTESa7WJfEdyHufKBGj1tBcSVpj2h7RvrzuT","duration_ms":1}
{"time":"2026-06-16T19:22:51.305325+08:00","level":"INFO","msg":"posnode epoch ready","epoch":3,"start_slot":4501,"end_slot":6000,"validators":6,"total_stake":60000000}
{"time":"2026-06-16T19:22:52.3117487+08:00","level":"INFO","msg":"posnode epoch ready","epoch":1,"start_slot":1501,"end_slot":3000,"validators":6,"total_stake":60000000}
{"time":"2026-06-16T19:22:52.3122909+08:00","level":"INFO","msg":"ledger commit block committed","chain_id":"pos-public-testnet","slot":2326,"height":1822,"block_hash":"7QUbVg9BWPfXVUibYaQ6yDaNVTE7SRpMxqPLVYuURmhB","parent_hash":"46cje2WNku486QzPtgKB1Qe24aJ8faytCTN6wQFQARV7","leader_id":"4dc9e57408b3bf557a6ef151627d5049","tx_count":0,"reward_count":0,"qc_hash":"HHqCF8whtCzLZ5cp8k8uhusBP8L6SmR4uBDzFkzR61Pu","finalized_height":1820,"finalized_hash":"DrHgWh2Q1AYGSG23xZGHrYuVtVuJk1t6WVf6k2SdEQj7","duration_ms":0}
{"time":"2026-06-16T19:22:53.3058909+08:00","level":"INFO","msg":"posnode epoch ready","epoch":3,"start_slot":4501,"end_slot":6000,"validators":6,"total_stake":60000000}
{"time":"2026-06-16T19:22:56.7748123+08:00","level":"INFO","msg":"posnode epoch ready","epoch":1,"start_slot":1501,"end_slot":3000,"validators":6,"total_stake":60000000}
{"time":"2026-06-16T19:22:56.7884337+08:00","level":"INFO","msg":"ledger commit block committed","chain_id":"pos-public-testnet","slot":2328,"height":1823,"block_hash":"7xL8giUfjEHHgSq3uvuSLES7bVfqpoJbExBqRabF8XxR","parent_hash":"7QUbVg9BWPfXVUibYaQ6yDaNVTE7SRpMxqPLVYuURmhB","leader_id":"ce7479a74ffd3537246a8e95ad322995","tx_count":0,"reward_count":0,"qc_hash":"HHqCF8whtCzLZ5cp8k8uhusBP8L6SmR4uBDzFkzR61Pu","finalized_height":1821,"finalized_hash":"46cje2WNku486QzPtgKB1Qe24aJ8faytCTN6wQFQARV7","duration_ms":3}
{"time":"2026-06-16T19:22:57.3058786+08:00","level":"INFO","msg":"posnode epoch ready","epoch":3,"start_slot":4501,"end_slot":6000,"validators":6,"total_stake":60000000}
{"time":"2026-06-16T19:22:57.7546205+08:00","level":"INFO","msg":"p2p bootstrap started","bootnodes":1,"min_outbound_peers":4,"query_limit":32}
{"time":"2026-06-16T19:22:59.9502621+08:00","level":"INFO","msg":"p2p bootstrap completed","bootnodes":1,"connected_bootnodes":0,"discovered_peers":0,"connected_peers":0,"find_node_queries":0,"find_node_failures":0,"error":"p2p: bootstrap dial /ip4/101.35.87.31/tcp/5100/p2p/GAEb8wVMHNiKiRaWmZtnmAvLtKoCAfJnzSMBcH4C3B57: p2p: operation=dial_transport peer_id=GAEb8wVMHNiKiRaWmZtnmAvLtKoCAfJnzSMBcH4C3B57 protocol=tcp: p2p: dial tcp /ip4/101.35.87.31/tcp/5100/p2p/GAEb8wVMHNiKiRaWmZtnmAvLtKoCAfJnzSMBcH4C3B57: dial tcp 101.35.87.31:5100: connectex: No connection could be made because the target machine actively refused it."}
{"time":"2026-06-16T19:23:00.4744871+08:00","level":"WARN","msg":"p2p peer dial backoff updated","peer_id":"GAEb8wVMHNiKiRaWmZtnmAvLtKoCAfJnzSMBcH4C3B57","score":1,"backoff_until_unix_milli":1781608982474,"blocked":false}
{"time":"2026-06-16T19:23:02.6681186+08:00","level":"WARN","msg":"p2p peer dial backoff updated","peer_id":"7w8LNHyGG77Mpue6JrkuEXpPqjcwQys8UvBM8cFJrm5A","score":1,"backoff_until_unix_milli":1781608984668,"blocked":false}
{"time":"2026-06-16T19:23:04.8619493+08:00","level":"INFO","msg":"posnode epoch ready","epoch":1,"start_slot":1501,"end_slot":3000,"validators":6,"total_stake":60000000}
{"time":"2026-06-16T19:23:04.8639972+08:00","level":"INFO","msg":"ledger commit block committed","chain_id":"pos-public-testnet","slot":2329,"height":1824,"block_hash":"C3F9YotLhVpQ9Q5z1YHHqPwkANrhBBRroT1Y5q15FB6m","parent_hash":"7xL8giUfjEHHgSq3uvuSLES7bVfqpoJbExBqRabF8XxR","leader_id":"4dc9e57408b3bf557a6ef151627d5049","tx_count":0,"reward_count":0,"qc_hash":"HHqCF8whtCzLZ5cp8k8uhusBP8L6SmR4uBDzFkzR61Pu","finalized_height":1822,"finalized_hash":"7QUbVg9BWPfXVUibYaQ6yDaNVTE7SRpMxqPLVYuURmhB","duration_ms":0}
{"time":"2026-06-16T19:23:04.8840549+08:00","level":"INFO","msg":"ledger commit block committed","chain_id":"pos-public-testnet","slot":2330,"height":1825,"block_hash":"Bubqwzkgbxs1mynhkvG3HCxGhsPSdY1CaUTjiNKhxkHC","parent_hash":"C3F9YotLhVpQ9Q5z1YHHqPwkANrhBBRroT1Y5q15FB6m","leader_id":"ce7479a74ffd3537246a8e95ad322995","tx_count":0,"reward_count":0,"qc_hash":"HHqCF8whtCzLZ5cp8k8uhusBP8L6SmR4uBDzFkzR61Pu","finalized_height":1823,"finalized_hash":"7xL8giUfjEHHgSq3uvuSLES7bVfqpoJbExBqRabF8XxR","duration_ms":0}
{"time":"2026-06-16T19:23:04.9083019+08:00","level":"INFO","msg":"ledger commit block committed","chain_id":"pos-public-testnet","slot":2331,"height":1826,"block_hash":"2DVtF21xcsu6HKMR2Zh1efU6EKgFhErK6nvBYiEvWXvo","parent_hash":"Bubqwzkgbxs1mynhkvG3HCxGhsPSdY1CaUTjiNKhxkHC","leader_id":"79fb48bb2866a0200dce23579e6f51fb","tx_count":0,"reward_count":0,"qc_hash":"HHqCF8whtCzLZ5cp8k8uhusBP8L6SmR4uBDzFkzR61Pu","finalized_height":1824,"finalized_hash":"C3F9YotLhVpQ9Q5z1YHHqPwkANrhBBRroT1Y5q15FB6m","duration_ms":0}
{"time":"2026-06-16T19:23:04.936528+08:00","level":"INFO","msg":"ledger commit block committed","chain_id":"pos-public-testnet","slot":2332,"height":1827,"block_hash":"Fk4stwkpT3hfW6HuQk9gfYsomiT1oNbGEv4RodJm8b9W","parent_hash":"2DVtF21xcsu6HKMR2Zh1efU6EKgFhErK6nvBYiEvWXvo","leader_id":"ce7479a74ffd3537246a8e95ad322995","tx_count":0,"reward_count":0,"qc_hash":"HHqCF8whtCzLZ5cp8k8uhusBP8L6SmR4uBDzFkzR61Pu","finalized_height":1825,"finalized_hash":"Bubqwzkgbxs1mynhkvG3HCxGhsPSdY1CaUTjiNKhxkHC","duration_ms":0}
{"time":"2026-06-16T19:23:05.3038049+08:00","level":"INFO","msg":"posnode epoch ready","epoch":3,"start_slot":4501,"end_slot":6000,"validators":6,"total_stake":60000000}
{"time":"2026-06-16T19:23:07.1054037+08:00","level":"WARN","msg":"p2p peer dial backoff updated","peer_id":"7w8LNHyGG77Mpue6JrkuEXpPqjcwQys8UvBM8cFJrm5A","score":1,"backoff_until_unix_milli":1781608991105,"blocked":false}
{"time":"2026-06-16T19:23:07.1260783+08:00","level":"INFO","msg":"posnode epoch ready","epoch":1,"start_slot":1501,"end_slot":3000,"validators":6,"total_stake":60000000}
{"time":"2026-06-16T19:23:07.126729+08:00","level":"INFO","msg":"ledger commit block committed","chain_id":"pos-public-testnet","slot":2333,"height":1828,"block_hash":"GhdpRLUcEu2s8XciFvER6UVbWn3c2U2JMi59JkJquwQS","parent_hash":"Fk4stwkpT3hfW6HuQk9gfYsomiT1oNbGEv4RodJm8b9W","leader_id":"4dfba3d10d4dae8c356467973961e038","tx_count":0,"reward_count":0,"qc_hash":"HHqCF8whtCzLZ5cp8k8uhusBP8L6SmR4uBDzFkzR61Pu","finalized_height":1826,"finalized_hash":"2DVtF21xcsu6HKMR2Zh1efU6EKgFhErK6nvBYiEvWXvo","duration_ms":0}
{"time":"2026-06-16T19:23:07.3050085+08:00","level":"INFO","msg":"posnode epoch ready","epoch":3,"start_slot":4501,"end_slot":6000,"validators":6,"total_stake":60000000}
{"time":"2026-06-16T19:23:08.3130525+08:00","level":"INFO","msg":"posnode epoch ready","epoch":1,"start_slot":1501,"end_slot":3000,"validators":6,"total_stake":60000000}
{"time":"2026-06-16T19:23:08.3233877+08:00","level":"INFO","msg":"ledger commit block committed","chain_id":"pos-public-testnet","slot":2334,"height":1829,"block_hash":"BmR5sRX9azZEKm64KMoWr3kwh5F8NCTZ3BFhecpBLc44","parent_hash":"GhdpRLUcEu2s8XciFvER6UVbWn3c2U2JMi59JkJquwQS","leader_id":"4dfba3d10d4dae8c356467973961e038","tx_count":0,"reward_count":0,"qc_hash":"HHqCF8whtCzLZ5cp8k8uhusBP8L6SmR4uBDzFkzR61Pu","finalized_height":1827,"finalized_hash":"Fk4stwkpT3hfW6HuQk9gfYsomiT1oNbGEv4RodJm8b9W","duration_ms":0}
{"time":"2026-06-16T19:23:09.3041479+08:00","level":"INFO","msg":"posnode epoch ready","epoch":3,"start_slot":4501,"end_slot":6000,"validators":6,"total_stake":60000000}
{"time":"2026-06-16T19:23:10.3173214+08:00","level":"INFO","msg":"posnode epoch ready","epoch":1,"start_slot":1501,"end_slot":3000,"validators":6,"total_stake":60000000}
{"time":"2026-06-16T19:23:10.3183376+08:00","level":"INFO","msg":"ledger commit block committed","chain_id":"pos-public-testnet","slot":2335,"height":1830,"block_hash":"6xgBoX7Hbt8MwJuHDfahzAcKqPiTSMtNetWLRUbhFpga","parent_hash":"BmR5sRX9azZEKm64KMoWr3kwh5F8NCTZ3BFhecpBLc44","leader_id":"ce7479a74ffd3537246a8e95ad322995","tx_count":0,"reward_count":0,"qc_hash":"HHqCF8whtCzLZ5cp8k8uhusBP8L6SmR4uBDzFkzR61Pu","finalized_height":1828,"finalized_hash":"GhdpRLUcEu2s8XciFvER6UVbWn3c2U2JMi59JkJquwQS","duration_ms":0}
{"time":"2026-06-16T19:23:11.3047052+08:00","level":"INFO","msg":"posnode epoch ready","epoch":3,"start_slot":4501,"end_slot":6000,"validators":6,"total_stake":60000000}
{"time":"2026-06-16T19:23:14.9596069+08:00","level":"INFO","msg":"p2p bootstrap started","bootnodes":1,"min_outbound_peers":4,"query_limit":32}
{"time":"2026-06-16T19:23:17.1779221+08:00","level":"INFO","msg":"p2p bootstrap completed","bootnodes":1,"connected_bootnodes":0,"discovered_peers":0,"connected_peers":0,"find_node_queries":0,"find_node_failures":0,"error":"p2p: bootstrap dial /ip4/101.35.87.31/tcp/5100/p2p/GAEb8wVMHNiKiRaWmZtnmAvLtKoCAfJnzSMBcH4C3B57: p2p: operation=dial_transport peer_id=GAEb8wVMHNiKiRaWmZtnmAvLtKoCAfJnzSMBcH4C3B57 protocol=tcp: p2p: dial tcp /ip4/101.35.87.31/tcp/5100/p2p/GAEb8wVMHNiKiRaWmZtnmAvLtKoCAfJnzSMBcH4C3B57: dial tcp 101.35.87.31:5100: connectex: No connection could be made because the target machine actively refused it."}
{"time":"2026-06-16T19:23:20.3152033+08:00","level":"INFO","msg":"posnode epoch ready","epoch":1,"start_slot":1501,"end_slot":3000,"validators":6,"total_stake":60000000}
{"time":"2026-06-16T19:23:20.3252551+08:00","level":"INFO","msg":"ledger commit block committed","chain_id":"pos-public-testnet","slot":2340,"height":1831,"block_hash":"NjMxGom7r3V4pMavoUt5s7ABhWmzRYjw69VLAhVrsve","parent_hash":"6xgBoX7Hbt8MwJuHDfahzAcKqPiTSMtNetWLRUbhFpga","leader_id":"ce7479a74ffd3537246a8e95ad322995","tx_count":0,"reward_count":0,"qc_hash":"HHqCF8whtCzLZ5cp8k8uhusBP8L6SmR4uBDzFkzR61Pu","finalized_height":1829,"finalized_hash":"BmR5sRX9azZEKm64KMoWr3kwh5F8NCTZ3BFhecpBLc44","duration_ms":0}
{"time":"2026-06-16T19:23:21.3056398+08:00","level":"INFO","msg":"posnode epoch ready","epoch":3,"start_slot":4501,"end_slot":6000,"validators":6,"total_stake":60000000}
{"time":"2026-06-16T19:23:22.3143415+08:00","level":"INFO","msg":"posnode epoch ready","epoch":1,"start_slot":1501,"end_slot":3000,"validators":6,"total_stake":60000000}
{"time":"2026-06-16T19:23:22.3148534+08:00","level":"INFO","msg":"ledger commit block committed","chain_id":"pos-public-testnet","slot":2341,"height":1832,"block_hash":"3pRnJt8HBbbHRWnf2s43pbdjuf89jUpvruYpPLjTRn3E","parent_hash":"NjMxGom7r3V4pMavoUt5s7ABhWmzRYjw69VLAhVrsve","leader_id":"79fb48bb2866a0200dce23579e6f51fb","tx_count":0,"reward_count":0,"qc_hash":"HHqCF8whtCzLZ5cp8k8uhusBP8L6SmR4uBDzFkzR61Pu","finalized_height":1830,"finalized_hash":"6xgBoX7Hbt8MwJuHDfahzAcKqPiTSMtNetWLRUbhFpga","duration_ms":0}
{"time":"2026-06-16T19:23:23.3049786+08:00","level":"INFO","msg":"posnode epoch ready","epoch":3,"start_slot":4501,"end_slot":6000,"validators":6,"total_stake":60000000}
{"time":"2026-06-16T19:23:26.3126657+08:00","level":"INFO","msg":"posnode epoch ready","epoch":1,"start_slot":1501,"end_slot":3000,"validators":6,"total_stake":60000000}
{"time":"2026-06-16T19:23:26.3136907+08:00","level":"INFO","msg":"ledger commit block committed","chain_id":"pos-public-testnet","slot":2343,"height":1833,"block_hash":"8NUCfBNN5n8EUjTH3XvK49fZtXPn8PtpM6x4SETUeYTm","parent_hash":"3pRnJt8HBbbHRWnf2s43pbdjuf89jUpvruYpPLjTRn3E","leader_id":"4dfba3d10d4dae8c356467973961e038","tx_count":0,"reward_count":0,"qc_hash":"HHqCF8whtCzLZ5cp8k8uhusBP8L6SmR4uBDzFkzR61Pu","finalized_height":1831,"finalized_hash":"NjMxGom7r3V4pMavoUt5s7ABhWmzRYjw69VLAhVrsve","duration_ms":0}
{"time":"2026-06-16T19:23:27.3030981+08:00","level":"INFO","msg":"posnode epoch ready","epoch":3,"start_slot":4501,"end_slot":6000,"validators":6,"total_stake":60000000}
{"time":"2026-06-16T19:23:28.3188572+08:00","level":"INFO","msg":"posnode epoch ready","epoch":1,"start_slot":1501,"end_slot":3000,"validators":6,"total_stake":60000000}
{"time":"2026-06-16T19:23:28.3224449+08:00","level":"INFO","msg":"ledger commit block committed","chain_id":"pos-public-testnet","slot":2344,"height":1834,"block_hash":"85m7DPbSAVr6CSSa3RsWevWw9FzgQxnSKR9KEgmCp2HX","parent_hash":"8NUCfBNN5n8EUjTH3XvK49fZtXPn8PtpM6x4SETUeYTm","leader_id":"4dc9e57408b3bf557a6ef151627d5049","tx_count":0,"reward_count":0,"qc_hash":"HHqCF8whtCzLZ5cp8k8uhusBP8L6SmR4uBDzFkzR61Pu","finalized_height":1832,"finalized_hash":"3pRnJt8HBbbHRWnf2s43pbdjuf89jUpvruYpPLjTRn3E","duration_ms":3}
{"time":"2026-06-16T19:23:29.3065854+08:00","level":"INFO","msg":"posnode epoch ready","epoch":3,"start_slot":4501,"end_slot":6000,"validators":6,"total_stake":60000000}
{"time":"2026-06-16T19:23:30.3145176+08:00","level":"INFO","msg":"posnode epoch ready","epoch":1,"start_slot":1501,"end_slot":3000,"validators":6,"total_stake":60000000}
{"time":"2026-06-16T19:23:30.325015+08:00","level":"INFO","msg":"ledger commit block committed","chain_id":"pos-public-testnet","slot":2345,"height":1835,"block_hash":"5vi1DfLntYCCHyhnKtZbGrWqgUs1d8zw4FhhU3Smrma9","parent_hash":"85m7DPbSAVr6CSSa3RsWevWw9FzgQxnSKR9KEgmCp2HX","leader_id":"79fb48bb2866a0200dce23579e6f51fb","tx_count":0,"reward_count":0,"qc_hash":"HHqCF8whtCzLZ5cp8k8uhusBP8L6SmR4uBDzFkzR61Pu","finalized_height":1833,"finalized_hash":"8NUCfBNN5n8EUjTH3XvK49fZtXPn8PtpM6x4SETUeYTm","duration_ms":0}
{"time":"2026-06-16T19:23:31.3052793+08:00","level":"INFO","msg":"posnode epoch ready","epoch":3,"start_slot":4501,"end_slot":6000,"validators":6,"total_stake":60000000}
{"time":"2026-06-16T19:23:32.1873868+08:00","level":"INFO","msg":"p2p bootstrap started","bootnodes":1,"min_outbound_peers":4,"query_limit":32}
{"time":"2026-06-16T19:23:32.3163753+08:00","level":"INFO","msg":"posnode epoch ready","epoch":1,"start_slot":1501,"end_slot":3000,"validators":6,"total_stake":60000000}
{"time":"2026-06-16T19:23:32.3177112+08:00","level":"INFO","msg":"ledger commit block committed","chain_id":"pos-public-testnet","slot":2346,"height":1836,"block_hash":"CL2QCbz7HVg8NVTBNhWisNRke7mbtL2N4EkHmGb2kBFL","parent_hash":"5vi1DfLntYCCHyhnKtZbGrWqgUs1d8zw4FhhU3Smrma9","leader_id":"4dc9e57408b3bf557a6ef151627d5049","tx_count":0,"reward_count":0,"qc_hash":"HHqCF8whtCzLZ5cp8k8uhusBP8L6SmR4uBDzFkzR61Pu","finalized_height":1834,"finalized_hash":"85m7DPbSAVr6CSSa3RsWevWw9FzgQxnSKR9KEgmCp2HX","duration_ms":0}
{"time":"2026-06-16T19:23:33.3050421+08:00","level":"INFO","msg":"posnode epoch ready","epoch":3,"start_slot":4501,"end_slot":6000,"validators":6,"total_stake":60000000}
{"time":"2026-06-16T19:23:34.3129203+08:00","level":"INFO","msg":"posnode epoch ready","epoch":1,"start_slot":1501,"end_slot":3000,"validators":6,"total_stake":60000000}
{"time":"2026-06-16T19:23:34.3238525+08:00","level":"INFO","msg":"ledger commit block committed","chain_id":"pos-public-testnet","slot":2347,"height":1837,"block_hash":"GtL55FL3kLNsnft8VFFh56q3TkFs6ga9T3UJ5SnNmcnx","parent_hash":"CL2QCbz7HVg8NVTBNhWisNRke7mbtL2N4EkHmGb2kBFL","leader_id":"79fb48bb2866a0200dce23579e6f51fb","tx_count":0,"reward_count":0,"qc_hash":"HHqCF8whtCzLZ5cp8k8uhusBP8L6SmR4uBDzFkzR61Pu","finalized_height":1835,"finalized_hash":"5vi1DfLntYCCHyhnKtZbGrWqgUs1d8zw4FhhU3Smrma9","duration_ms":0}
{"time":"2026-06-16T19:23:34.4064478+08:00","level":"INFO","msg":"p2p bootstrap completed","bootnodes":1,"connected_bootnodes":0,"discovered_peers":0,"connected_peers":0,"find_node_queries":0,"find_node_failures":0,"error":"p2p: bootstrap dial /ip4/101.35.87.31/tcp/5100/p2p/GAEb8wVMHNiKiRaWmZtnmAvLtKoCAfJnzSMBcH4C3B57: p2p: operation=dial_transport peer_id=GAEb8wVMHNiKiRaWmZtnmAvLtKoCAfJnzSMBcH4C3B57 protocol=tcp: p2p: dial tcp /ip4/101.35.87.31/tcp/5100/p2p/GAEb8wVMHNiKiRaWmZtnmAvLtKoCAfJnzSMBcH4C3B57: dial tcp 101.35.87.31:5100: connectex: No connection could be made because the target machine actively refused it."}
{"time":"2026-06-16T19:23:35.3062634+08:00","level":"INFO","msg":"posnode epoch ready","epoch":3,"start_slot":4501,"end_slot":6000,"validators":6,"total_stake":60000000}
{"time":"2026-06-16T19:23:36.313958+08:00","level":"INFO","msg":"posnode epoch ready","epoch":1,"start_slot":1501,"end_slot":3000,"validators":6,"total_stake":60000000}
{"time":"2026-06-16T19:23:36.3242468+08:00","level":"INFO","msg":"ledger commit block committed","chain_id":"pos-public-testnet","slot":2348,"height":1838,"block_hash":"HVrae8jsb4Fdvf3Zaf5ZFVnwNpTeXezPUHPwfjKdXSJQ","parent_hash":"GtL55FL3kLNsnft8VFFh56q3TkFs6ga9T3UJ5SnNmcnx","leader_id":"4dfba3d10d4dae8c356467973961e038","tx_count":0,"reward_count":0,"qc_hash":"HHqCF8whtCzLZ5cp8k8uhusBP8L6SmR4uBDzFkzR61Pu","finalized_height":1836,"finalized_hash":"CL2QCbz7HVg8NVTBNhWisNRke7mbtL2N4EkHmGb2kBFL","duration_ms":0}
{"time":"2026-06-16T19:23:37.3043395+08:00","level":"INFO","msg":"posnode epoch ready","epoch":3,"start_slot":4501,"end_slot":6000,"validators":6,"total_stake":60000000}
{"time":"2026-06-16T19:23:38.3151146+08:00","level":"INFO","msg":"posnode epoch ready","epoch":1,"start_slot":1501,"end_slot":3000,"validators":6,"total_stake":60000000}
{"time":"2026-06-16T19:23:38.3254511+08:00","level":"INFO","msg":"ledger commit block committed","chain_id":"pos-public-testnet","slot":2349,"height":1839,"block_hash":"9XrMNSbfN5zVYH25qXfSPKL1kiJSnkAL65cURTupmvBj","parent_hash":"HVrae8jsb4Fdvf3Zaf5ZFVnwNpTeXezPUHPwfjKdXSJQ","leader_id":"4dfba3d10d4dae8c356467973961e038","tx_count":0,"reward_count":0,"qc_hash":"HHqCF8whtCzLZ5cp8k8uhusBP8L6SmR4uBDzFkzR61Pu","finalized_height":1837,"finalized_hash":"GtL55FL3kLNsnft8VFFh56q3TkFs6ga9T3UJ5SnNmcnx","duration_ms":0}
{"time":"2026-06-16T19:23:39.303815+08:00","level":"INFO","msg":"posnode epoch ready","epoch":3,"start_slot":4501,"end_slot":6000,"validators":6,"total_stake":60000000}
{"time":"2026-06-16T19:23:40.3168142+08:00","level":"INFO","msg":"posnode epoch ready","epoch":1,"start_slot":1501,"end_slot":3000,"validators":6,"total_stake":60000000}
{"time":"2026-06-16T19:23:40.3265517+08:00","level":"INFO","msg":"ledger commit block committed","chain_id":"pos-public-testnet","slot":2350,"height":1840,"block_hash":"95EB8HhVxmof628z7mTvrnGz34ZmBQAT7vxZwm9z8uPz","parent_hash":"9XrMNSbfN5zVYH25qXfSPKL1kiJSnkAL65cURTupmvBj","leader_id":"ce7479a74ffd3537246a8e95ad322995","tx_count":0,"reward_count":0,"qc_hash":"HHqCF8whtCzLZ5cp8k8uhusBP8L6SmR4uBDzFkzR61Pu","finalized_height":1838,"finalized_hash":"HVrae8jsb4Fdvf3Zaf5ZFVnwNpTeXezPUHPwfjKdXSJQ","duration_ms":0}
{"time":"2026-06-16T19:23:41.3036668+08:00","level":"INFO","msg":"posnode epoch ready","epoch":3,"start_slot":4501,"end_slot":6000,"validators":6,"total_stake":60000000}
{"time":"2026-06-16T19:23:42.3169327+08:00","level":"INFO","msg":"posnode epoch ready","epoch":1,"start_slot":1501,"end_slot":3000,"validators":6,"total_stake":60000000}
{"time":"2026-06-16T19:23:42.3273425+08:00","level":"INFO","msg":"ledger commit block committed","chain_id":"pos-public-testnet","slot":2351,"height":1841,"block_hash":"BzZkVHYosx1DrBp5mcDtf3Ttr5LU5oZzWkQzyNk3KusF","parent_hash":"95EB8HhVxmof628z7mTvrnGz34ZmBQAT7vxZwm9z8uPz","leader_id":"ce7479a74ffd3537246a8e95ad322995","tx_count":0,"reward_count":0,"qc_hash":"HHqCF8whtCzLZ5cp8k8uhusBP8L6SmR4uBDzFkzR61Pu","finalized_height":1839,"finalized_hash":"9XrMNSbfN5zVYH25qXfSPKL1kiJSnkAL65cURTupmvBj","duration_ms":0}
{"time":"2026-06-16T19:23:43.3037886+08:00","level":"INFO","msg":"posnode epoch ready","epoch":3,"start_slot":4501,"end_slot":6000,"validators":6,"total_stake":60000000}
{"time":"2026-06-16T19:23:44.3118985+08:00","level":"INFO","msg":"posnode epoch ready","epoch":1,"start_slot":1501,"end_slot":3000,"validators":6,"total_stake":60000000}
{"time":"2026-06-16T19:23:44.3134657+08:00","level":"INFO","msg":"ledger commit block committed","chain_id":"pos-public-testnet","slot":2352,"height":1842,"block_hash":"FK185hFnKjzNB3Ti68zkpVrprDguXXpnRnX4PYiAJvkU","parent_hash":"BzZkVHYosx1DrBp5mcDtf3Ttr5LU5oZzWkQzyNk3KusF","leader_id":"79fb48bb2866a0200dce23579e6f51fb","tx_count":0,"reward_count":0,"qc_hash":"HHqCF8whtCzLZ5cp8k8uhusBP8L6SmR4uBDzFkzR61Pu","finalized_height":1840,"finalized_hash":"95EB8HhVxmof628z7mTvrnGz34ZmBQAT7vxZwm9z8uPz","duration_ms":0}
{"time":"2026-06-16T19:23:45.303725+08:00","level":"INFO","msg":"posnode epoch ready","epoch":3,"start_slot":4501,"end_slot":6000,"validators":6,"total_stake":60000000}
{"time":"2026-06-16T19:23:46.315461+08:00","level":"INFO","msg":"posnode epoch ready","epoch":1,"start_slot":1501,"end_slot":3000,"validators":6,"total_stake":60000000}
{"time":"2026-06-16T19:23:46.3253765+08:00","level":"INFO","msg":"ledger commit block committed","chain_id":"pos-public-testnet","slot":2353,"height":1843,"block_hash":"4tRFgEAwNcGAien879o4aWGrjLrzhVM8NcZoJ8Evy8yU","parent_hash":"FK185hFnKjzNB3Ti68zkpVrprDguXXpnRnX4PYiAJvkU","leader_id":"4dfba3d10d4dae8c356467973961e038","tx_count":0,"reward_count":0,"qc_hash":"HHqCF8whtCzLZ5cp8k8uhusBP8L6SmR4uBDzFkzR61Pu","finalized_height":1841,"finalized_hash":"BzZkVHYosx1DrBp5mcDtf3Ttr5LU5oZzWkQzyNk3KusF","duration_ms":0}
{"time":"2026-06-16T19:23:47.3052365+08:00","level":"INFO","msg":"posnode epoch ready","epoch":3,"start_slot":4501,"end_slot":6000,"validators":6,"total_stake":60000000}
{"time":"2026-06-16T19:23:49.4078871+08:00","level":"INFO","msg":"p2p bootstrap started","bootnodes":1,"min_outbound_peers":4,"query_limit":32}
{"time":"2026-06-16T19:23:50.3143995+08:00","level":"INFO","msg":"posnode epoch ready","epoch":1,"start_slot":1501,"end_slot":3000,"validators":6,"total_stake":60000000}
{"time":"2026-06-16T19:23:50.3154266+08:00","level":"INFO","msg":"ledger commit block committed","chain_id":"pos-public-testnet","slot":2355,"height":1844,"block_hash":"95co9HaiTJyauJSLrnjZpgAwDaNAyZESzg3zfrkZyQiP","parent_hash":"4tRFgEAwNcGAien879o4aWGrjLrzhVM8NcZoJ8Evy8yU","leader_id":"ce7479a74ffd3537246a8e95ad322995","tx_count":0,"reward_count":0,"qc_hash":"HHqCF8whtCzLZ5cp8k8uhusBP8L6SmR4uBDzFkzR61Pu","finalized_height":1842,"finalized_hash":"FK185hFnKjzNB3Ti68zkpVrprDguXXpnRnX4PYiAJvkU","duration_ms":0}
{"time":"2026-06-16T19:23:51.3051916+08:00","level":"INFO","msg":"posnode epoch ready","epoch":3,"start_slot":4501,"end_slot":6000,"validators":6,"total_stake":60000000}
{"time":"2026-06-16T19:23:51.6143052+08:00","level":"INFO","msg":"p2p bootstrap completed","bootnodes":1,"connected_bootnodes":0,"discovered_peers":0,"connected_peers":0,"find_node_queries":0,"find_node_failures":0,"error":"p2p: bootstrap dial /ip4/101.35.87.31/tcp/5100/p2p/GAEb8wVMHNiKiRaWmZtnmAvLtKoCAfJnzSMBcH4C3B57: p2p: operation=dial_transport peer_id=GAEb8wVMHNiKiRaWmZtnmAvLtKoCAfJnzSMBcH4C3B57 protocol=tcp: p2p: dial tcp /ip4/101.35.87.31/tcp/5100/p2p/GAEb8wVMHNiKiRaWmZtnmAvLtKoCAfJnzSMBcH4C3B57: dial tcp 101.35.87.31:5100: connectex: No connection could be made because the target machine actively refused it."}
{"time":"2026-06-16T19:23:52.3345889+08:00","level":"INFO","msg":"posnode epoch ready","epoch":1,"start_slot":1501,"end_slot":3000,"validators":6,"total_stake":60000000}
{"time":"2026-06-16T19:23:52.3358114+08:00","level":"INFO","msg":"ledger commit block committed","chain_id":"pos-public-testnet","slot":2356,"height":1845,"block_hash":"2R4qxLGdGAhctkefsN4jHt4YRqTXDjTZ176kMh8cxvFH","parent_hash":"95co9HaiTJyauJSLrnjZpgAwDaNAyZESzg3zfrkZyQiP","leader_id":"79fb48bb2866a0200dce23579e6f51fb","tx_count":0,"reward_count":0,"qc_hash":"HHqCF8whtCzLZ5cp8k8uhusBP8L6SmR4uBDzFkzR61Pu","finalized_height":1843,"finalized_hash":"4tRFgEAwNcGAien879o4aWGrjLrzhVM8NcZoJ8Evy8yU","duration_ms":0}
{"time":"2026-06-16T19:23:53.3060734+08:00","level":"INFO","msg":"posnode epoch ready","epoch":3,"start_slot":4501,"end_slot":6000,"validators":6,"total_stake":60000000}
{"time":"2026-06-16T19:23:54.3166661+08:00","level":"INFO","msg":"posnode epoch ready","epoch":1,"start_slot":1501,"end_slot":3000,"validators":6,"total_stake":60000000}
{"time":"2026-06-16T19:23:54.3266277+08:00","level":"INFO","msg":"ledger commit block committed","chain_id":"pos-public-testnet","slot":2357,"height":1846,"block_hash":"EoDMc9F8rTkNS4bEvLweP1af3GdpsXmrcXnpa2RjMZpQ","parent_hash":"2R4qxLGdGAhctkefsN4jHt4YRqTXDjTZ176kMh8cxvFH","leader_id":"4dfba3d10d4dae8c356467973961e038","tx_count":0,"reward_count":0,"qc_hash":"HHqCF8whtCzLZ5cp8k8uhusBP8L6SmR4uBDzFkzR61Pu","finalized_height":1844,"finalized_hash":"95co9HaiTJyauJSLrnjZpgAwDaNAyZESzg3zfrkZyQiP","duration_ms":0}
{"time":"2026-06-16T19:23:55.3048791+08:00","level":"INFO","msg":"posnode epoch ready","epoch":3,"start_slot":4501,"end_slot":6000,"validators":6,"total_stake":60000000}
{"time":"2026-06-16T19:23:58.3189265+08:00","level":"INFO","msg":"posnode epoch ready","epoch":1,"start_slot":1501,"end_slot":3000,"validators":6,"total_stake":60000000}
{"time":"2026-06-16T19:23:58.3209828+08:00","level":"INFO","msg":"ledger commit block committed","chain_id":"pos-public-testnet","slot":2359,"height":1847,"block_hash":"E3fTiF7dJhg1CgiopBUQL7qXexDTf84cNsEnATAadiES","parent_hash":"EoDMc9F8rTkNS4bEvLweP1af3GdpsXmrcXnpa2RjMZpQ","leader_id":"79fb48bb2866a0200dce23579e6f51fb","tx_count":0,"reward_count":0,"qc_hash":"HHqCF8whtCzLZ5cp8k8uhusBP8L6SmR4uBDzFkzR61Pu","finalized_height":1845,"finalized_hash":"2R4qxLGdGAhctkefsN4jHt4YRqTXDjTZ176kMh8cxvFH","duration_ms":0}
{"time":"2026-06-16T19:23:59.3045058+08:00","level":"INFO","msg":"posnode epoch ready","epoch":3,"start_slot":4501,"end_slot":6000,"validators":6,"total_stake":60000000}
{"time":"2026-06-16T19:23:59.7260326+08:00","level":"INFO","msg":"rpc http request completed","method":"POST","path":"/","remote_addr":"127.0.0.1:7814","status":200,"duration_ms":0}
{"time":"2026-06-16T19:24:00.3188924+08:00","level":"INFO","msg":"posnode epoch ready","epoch":1,"start_slot":1501,"end_slot":3000,"validators":6,"total_stake":60000000}
{"time":"2026-06-16T19:24:00.3289829+08:00","level":"INFO","msg":"ledger commit block committed","chain_id":"pos-public-testnet","slot":2360,"height":1848,"block_hash":"o3Z3ea8hXdiExc4btQBa2mHppMxjzq8DnX5k7x3QCta","parent_hash":"E3fTiF7dJhg1CgiopBUQL7qXexDTf84cNsEnATAadiES","leader_id":"ce7479a74ffd3537246a8e95ad322995","tx_count":0,"reward_count":0,"qc_hash":"HHqCF8whtCzLZ5cp8k8uhusBP8L6SmR4uBDzFkzR61Pu","finalized_height":1846,"finalized_hash":"EoDMc9F8rTkNS4bEvLweP1af3GdpsXmrcXnpa2RjMZpQ","duration_ms":0}
{"time":"2026-06-16T19:24:01.3046179+08:00","level":"INFO","msg":"posnode epoch ready","epoch":3,"start_slot":4501,"end_slot":6000,"validators":6,"total_stake":60000000}
{"time":"2026-06-16T19:24:02.3144977+08:00","level":"INFO","msg":"posnode epoch ready","epoch":1,"start_slot":1501,"end_slot":3000,"validators":6,"total_stake":60000000}
{"time":"2026-06-16T19:24:02.3247601+08:00","level":"INFO","msg":"ledger commit block committed","chain_id":"pos-public-testnet","slot":2361,"height":1849,"block_hash":"7YD7ZedoTFAX3qLMw2D8fa3d9pBqwWMz6BKk28KtWsCe","parent_hash":"o3Z3ea8hXdiExc4btQBa2mHppMxjzq8DnX5k7x3QCta","leader_id":"ce7479a74ffd3537246a8e95ad322995","tx_count":0,"reward_count":0,"qc_hash":"HHqCF8whtCzLZ5cp8k8uhusBP8L6SmR4uBDzFkzR61Pu","finalized_height":1847,"finalized_hash":"E3fTiF7dJhg1CgiopBUQL7qXexDTf84cNsEnATAadiES","duration_ms":0}
{"time":"2026-06-16T19:24:03.304154+08:00","level":"INFO","msg":"posnode epoch ready","epoch":3,"start_slot":4501,"end_slot":6000,"validators":6,"total_stake":60000000}
{"time":"2026-06-16T19:24:04.3167238+08:00","level":"INFO","msg":"posnode epoch ready","epoch":1,"start_slot":1501,"end_slot":3000,"validators":6,"total_stake":60000000}
{"time":"2026-06-16T19:24:04.3183701+08:00","level":"INFO","msg":"ledger commit block committed","chain_id":"pos-public-testnet","slot":2362,"height":1850,"block_hash":"6tYJwMnfP8s8xq4QLTkBFayuAUHEvwPh3DawVdsfTQb1","parent_hash":"7YD7ZedoTFAX3qLMw2D8fa3d9pBqwWMz6BKk28KtWsCe","leader_id":"4dc9e57408b3bf557a6ef151627d5049","tx_count":0,"reward_count":0,"qc_hash":"HHqCF8whtCzLZ5cp8k8uhusBP8L6SmR4uBDzFkzR61Pu","finalized_height":1848,"finalized_hash":"o3Z3ea8hXdiExc4btQBa2mHppMxjzq8DnX5k7x3QCta","duration_ms":0}
{"time":"2026-06-16T19:24:05.3049528+08:00","level":"INFO","msg":"posnode epoch ready","epoch":3,"start_slot":4501,"end_slot":6000,"validators":6,"total_stake":60000000}
{"time":"2026-06-16T19:24:06.3172761+08:00","level":"INFO","msg":"posnode epoch ready","epoch":1,"start_slot":1501,"end_slot":3000,"validators":6,"total_stake":60000000}
{"time":"2026-06-16T19:24:06.3183065+08:00","level":"INFO","msg":"ledger commit block committed","chain_id":"pos-public-testnet","slot":2363,"height":1851,"block_hash":"AqGWrnYdRZ6U94e5nzat9DxYBSjtkCHyU656CHAnMqcZ","parent_hash":"6tYJwMnfP8s8xq4QLTkBFayuAUHEvwPh3DawVdsfTQb1","leader_id":"76b3f9a8997e7e1adbcc7845e6d10ad6","tx_count":0,"reward_count":0,"qc_hash":"HHqCF8whtCzLZ5cp8k8uhusBP8L6SmR4uBDzFkzR61Pu","finalized_height":1849,"finalized_hash":"7YD7ZedoTFAX3qLMw2D8fa3d9pBqwWMz6BKk28KtWsCe","duration_ms":0}
{"time":"2026-06-16T19:24:06.6244686+08:00","level":"INFO","msg":"p2p bootstrap started","bootnodes":1,"min_outbound_peers":4,"query_limit":32}
{"time":"2026-06-16T19:24:07.3053238+08:00","level":"INFO","msg":"posnode epoch ready","epoch":3,"start_slot":4501,"end_slot":6000,"validators":6,"total_stake":60000000}
{"time":"2026-06-16T19:24:08.3201525+08:00","level":"INFO","msg":"posnode epoch ready","epoch":1,"start_slot":1501,"end_slot":3000,"validators":6,"total_stake":60000000}
{"time":"2026-06-16T19:24:08.3304378+08:00","level":"INFO","msg":"ledger commit block committed","chain_id":"pos-public-testnet","slot":2364,"height":1852,"block_hash":"8aneoCgrmvHDV1gWYa13nVt6aM7Z2TbGphsU4BanoJFU","parent_hash":"AqGWrnYdRZ6U94e5nzat9DxYBSjtkCHyU656CHAnMqcZ","leader_id":"4dc9e57408b3bf557a6ef151627d5049","tx_count":0,"reward_count":0,"qc_hash":"HHqCF8whtCzLZ5cp8k8uhusBP8L6SmR4uBDzFkzR61Pu","finalized_height":1850,"finalized_hash":"6tYJwMnfP8s8xq4QLTkBFayuAUHEvwPh3DawVdsfTQb1","duration_ms":0}
{"time":"2026-06-16T19:24:08.8795958+08:00","level":"INFO","msg":"p2p bootstrap completed","bootnodes":1,"connected_bootnodes":0,"discovered_peers":0,"connected_peers":0,"find_node_queries":0,"find_node_failures":0,"error":"p2p: bootstrap dial /ip4/101.35.87.31/tcp/5100/p2p/GAEb8wVMHNiKiRaWmZtnmAvLtKoCAfJnzSMBcH4C3B57: p2p: operation=dial_transport peer_id=GAEb8wVMHNiKiRaWmZtnmAvLtKoCAfJnzSMBcH4C3B57 protocol=tcp: p2p: dial tcp /ip4/101.35.87.31/tcp/5100/p2p/GAEb8wVMHNiKiRaWmZtnmAvLtKoCAfJnzSMBcH4C3B57: dial tcp 101.35.87.31:5100: connectex: No connection could be made because the target machine actively refused it."}
{"time":"2026-06-16T19:24:09.3041474+08:00","level":"INFO","msg":"posnode epoch ready","epoch":3,"start_slot":4501,"end_slot":6000,"validators":6,"total_stake":60000000}
{"time":"2026-06-16T19:24:10.3161093+08:00","level":"INFO","msg":"posnode epoch ready","epoch":1,"start_slot":1501,"end_slot":3000,"validators":6,"total_stake":60000000}
{"time":"2026-06-16T19:24:10.3264763+08:00","level":"INFO","msg":"ledger commit block committed","chain_id":"pos-public-testnet","slot":2365,"height":1853,"block_hash":"APgz8APUuqg1rAQzPKAaFGKRZkb5a9iJmXUVMswQszgH","parent_hash":"8aneoCgrmvHDV1gWYa13nVt6aM7Z2TbGphsU4BanoJFU","leader_id":"ce7479a74ffd3537246a8e95ad322995","tx_count":0,"reward_count":0,"qc_hash":"HHqCF8whtCzLZ5cp8k8uhusBP8L6SmR4uBDzFkzR61Pu","finalized_height":1851,"finalized_hash":"AqGWrnYdRZ6U94e5nzat9DxYBSjtkCHyU656CHAnMqcZ","duration_ms":0}
{"time":"2026-06-16T19:24:11.304523+08:00","level":"INFO","msg":"posnode epoch ready","epoch":3,"start_slot":4501,"end_slot":6000,"validators":6,"total_stake":60000000}
{"time":"2026-06-16T19:24:12.3142118+08:00","level":"INFO","msg":"posnode epoch ready","epoch":1,"start_slot":1501,"end_slot":3000,"validators":6,"total_stake":60000000}
{"time":"2026-06-16T19:24:12.3249478+08:00","level":"INFO","msg":"ledger commit block committed","chain_id":"pos-public-testnet","slot":2366,"height":1854,"block_hash":"Zm92bvFwSyfLnVkBxyQcWx2r6bjsjPTk158xu4rAQyK","parent_hash":"APgz8APUuqg1rAQzPKAaFGKRZkb5a9iJmXUVMswQszgH","leader_id":"ce7479a74ffd3537246a8e95ad322995","tx_count":0,"reward_count":0,"qc_hash":"HHqCF8whtCzLZ5cp8k8uhusBP8L6SmR4uBDzFkzR61Pu","finalized_height":1852,"finalized_hash":"8aneoCgrmvHDV1gWYa13nVt6aM7Z2TbGphsU4BanoJFU","duration_ms":0}
{"time":"2026-06-16T19:24:13.304276+08:00","level":"INFO","msg":"posnode epoch ready","epoch":3,"start_slot":4501,"end_slot":6000,"validators":6,"total_stake":60000000}
{"time":"2026-06-16T19:24:14.3188376+08:00","level":"INFO","msg":"posnode epoch ready","epoch":1,"start_slot":1501,"end_slot":3000,"validators":6,"total_stake":60000000}
{"time":"2026-06-16T19:24:14.3258117+08:00","level":"INFO","msg":"ledger commit block committed","chain_id":"pos-public-testnet","slot":2367,"height":1855,"block_hash":"64yz2H4nQ1JuDEbEDYGnX5txmAMo1vSsko52rsQor15e","parent_hash":"Zm92bvFwSyfLnVkBxyQcWx2r6bjsjPTk158xu4rAQyK","leader_id":"79fb48bb2866a0200dce23579e6f51fb","tx_count":0,"reward_count":0,"qc_hash":"HHqCF8whtCzLZ5cp8k8uhusBP8L6SmR4uBDzFkzR61Pu","finalized_height":1853,"finalized_hash":"APgz8APUuqg1rAQzPKAaFGKRZkb5a9iJmXUVMswQszgH","duration_ms":1}
{"time":"2026-06-16T19:24:15.3046019+08:00","level":"INFO","msg":"posnode epoch ready","epoch":3,"start_slot":4501,"end_slot":6000,"validators":6,"total_stake":60000000}
