phase=business
round=4
minutes=5
started_at=2026-06-16T12:17:27.0135896+08:00

## consensus business stake vote reward
started_at=2026-06-16T12:17:27.0191232+08:00
command=go test .\consensus -run TestPoSRealAccountStakeVoteAndBlockFlow|TestValidatorJoinsOnlyAfterRegisterStakeTransaction|TestStageBusiness|TestApplyBlockRewards|TestFaultInjectionLeaderOfflineFormsSkipQC|TestBLS -count 1
ended_at=2026-06-16T12:17:28.6944915+08:00
duration_seconds=1.675
exit_code=0
--- output ---
ok  	solana_golang/consensus	0.567s


## posnode rpc turbine sync
started_at=2026-06-16T12:17:28.6965012+08:00
command=go test .\cmd\posnode -run TestHTTPJSONRPC|TestStageBusinessRPC|TestConsensusStatus|TestTurbine|TestTransactionFastPath|TestFaultInjection|TestAddTransaction|TestVerifyQuorumCertificate -count 1
ended_at=2026-06-16T12:17:33.6947562+08:00
duration_seconds=4.998
exit_code=0
--- output ---
ok  	solana_golang/cmd/posnode	1.041s


## blockchain reorg persistence
started_at=2026-06-16T12:17:33.6962637+08:00
command=go test .\blockchain -run TestBuildGenesisStateCreatesTreasuryAndValidators|TestLedgerCommitPersistsAndReloads|TestLedgerReorganizeToBetterFork|TestStageBusinessFinalizedBlocksRejectDeepReorg|TestFaultInjectionReorgPersistsAfterNodeRestart -count 1
ended_at=2026-06-16T12:17:38.7018144+08:00
duration_seconds=5.006
exit_code=0
--- output ---
ok  	solana_golang/blockchain	1.080s


## p2p fault network routing
started_at=2026-06-16T12:17:38.7043919+08:00
command=go test .\p2p -run TestFaultInjection|TestHostHeartbeatClosesExpiredConnection|TestHostRequestRetries|TestHostDialPeerBacksOff|TestHostRateLimitsInboundMessages|TestPeerProtection|TestQueuedConnection|TestConnectionMessageSequencer -count 1
ended_at=2026-06-16T12:17:41.3783122+08:00
duration_seconds=2.674
exit_code=0
--- output ---
ok  	solana_golang/p2p	1.468s


## privacy audit confidential flow
started_at=2026-06-16T12:17:41.3803587+08:00
command=go test .\programs\privacy .\zk .\runtime -count 1
ended_at=2026-06-16T12:17:43.5480656+08:00
duration_seconds=2.168
exit_code=0
--- output ---
ok  	solana_golang/programs/privacy	0.956s
ok  	solana_golang/zk	0.732s
ok  	solana_golang/runtime	0.553s


## consensus business stake vote reward
started_at=2026-06-16T12:17:43.5496150+08:00
command=go test .\consensus -run TestPoSRealAccountStakeVoteAndBlockFlow|TestValidatorJoinsOnlyAfterRegisterStakeTransaction|TestStageBusiness|TestApplyBlockRewards|TestFaultInjectionLeaderOfflineFormsSkipQC|TestBLS -count 1
ended_at=2026-06-16T12:17:45.6378955+08:00
duration_seconds=2.088
exit_code=0
--- output ---
ok  	solana_golang/consensus	1.099s


## posnode rpc turbine sync
started_at=2026-06-16T12:17:45.6394074+08:00
command=go test .\cmd\posnode -run TestHTTPJSONRPC|TestStageBusinessRPC|TestConsensusStatus|TestTurbine|TestTransactionFastPath|TestFaultInjection|TestAddTransaction|TestVerifyQuorumCertificate -count 1
ended_at=2026-06-16T12:17:51.2177542+08:00
duration_seconds=5.578
exit_code=0
--- output ---
ok  	solana_golang/cmd/posnode	1.051s


## blockchain reorg persistence
started_at=2026-06-16T12:17:51.2202767+08:00
command=go test .\blockchain -run TestBuildGenesisStateCreatesTreasuryAndValidators|TestLedgerCommitPersistsAndReloads|TestLedgerReorganizeToBetterFork|TestStageBusinessFinalizedBlocksRejectDeepReorg|TestFaultInjectionReorgPersistsAfterNodeRestart -count 1
ended_at=2026-06-16T12:17:55.8497887+08:00
duration_seconds=4.63
exit_code=0
--- output ---
ok  	solana_golang/blockchain	1.054s


## p2p fault network routing
started_at=2026-06-16T12:17:55.8514310+08:00
command=go test .\p2p -run TestFaultInjection|TestHostHeartbeatClosesExpiredConnection|TestHostRequestRetries|TestHostDialPeerBacksOff|TestHostRateLimitsInboundMessages|TestPeerProtection|TestQueuedConnection|TestConnectionMessageSequencer -count 1
ended_at=2026-06-16T12:17:58.7551191+08:00
duration_seconds=2.904
exit_code=0
--- output ---
ok  	solana_golang/p2p	1.250s


## privacy audit confidential flow
started_at=2026-06-16T12:17:58.7566314+08:00
command=go test .\programs\privacy .\zk .\runtime -count 1
ended_at=2026-06-16T12:18:00.7088214+08:00
duration_seconds=1.952
exit_code=0
--- output ---
ok  	solana_golang/programs/privacy	0.959s
ok  	solana_golang/zk	0.877s
ok  	solana_golang/runtime	0.889s


## consensus business stake vote reward
started_at=2026-06-16T12:18:00.7109355+08:00
command=go test .\consensus -run TestPoSRealAccountStakeVoteAndBlockFlow|TestValidatorJoinsOnlyAfterRegisterStakeTransaction|TestStageBusiness|TestApplyBlockRewards|TestFaultInjectionLeaderOfflineFormsSkipQC|TestBLS -count 1
ended_at=2026-06-16T12:18:02.5585645+08:00
duration_seconds=1.848
exit_code=0
--- output ---
ok  	solana_golang/consensus	0.789s


## posnode rpc turbine sync
started_at=2026-06-16T12:18:02.5597924+08:00
command=go test .\cmd\posnode -run TestHTTPJSONRPC|TestStageBusinessRPC|TestConsensusStatus|TestTurbine|TestTransactionFastPath|TestFaultInjection|TestAddTransaction|TestVerifyQuorumCertificate -count 1
ended_at=2026-06-16T12:18:06.8755961+08:00
duration_seconds=4.316
exit_code=0
--- output ---
ok  	solana_golang/cmd/posnode	1.020s


## blockchain reorg persistence
started_at=2026-06-16T12:18:06.8766443+08:00
command=go test .\blockchain -run TestBuildGenesisStateCreatesTreasuryAndValidators|TestLedgerCommitPersistsAndReloads|TestLedgerReorganizeToBetterFork|TestStageBusinessFinalizedBlocksRejectDeepReorg|TestFaultInjectionReorgPersistsAfterNodeRestart -count 1
ended_at=2026-06-16T12:18:11.8066038+08:00
duration_seconds=4.93
exit_code=0
--- output ---
ok  	solana_golang/blockchain	1.088s


## p2p fault network routing
started_at=2026-06-16T12:18:11.8096502+08:00
command=go test .\p2p -run TestFaultInjection|TestHostHeartbeatClosesExpiredConnection|TestHostRequestRetries|TestHostDialPeerBacksOff|TestHostRateLimitsInboundMessages|TestPeerProtection|TestQueuedConnection|TestConnectionMessageSequencer -count 1
ended_at=2026-06-16T12:18:14.8555806+08:00
duration_seconds=3.046
exit_code=0
--- output ---
ok  	solana_golang/p2p	1.773s


## privacy audit confidential flow
started_at=2026-06-16T12:18:14.8570905+08:00
command=go test .\programs\privacy .\zk .\runtime -count 1
ended_at=2026-06-16T12:18:16.8618384+08:00
duration_seconds=2.005
exit_code=0
--- output ---
ok  	solana_golang/programs/privacy	0.961s
ok  	solana_golang/zk	0.772s
ok  	solana_golang/runtime	0.858s


## consensus business stake vote reward
started_at=2026-06-16T12:18:16.8643542+08:00
command=go test .\consensus -run TestPoSRealAccountStakeVoteAndBlockFlow|TestValidatorJoinsOnlyAfterRegisterStakeTransaction|TestStageBusiness|TestApplyBlockRewards|TestFaultInjectionLeaderOfflineFormsSkipQC|TestBLS -count 1
ended_at=2026-06-16T12:18:18.9514990+08:00
duration_seconds=2.087
exit_code=0
--- output ---
ok  	solana_golang/consensus	0.612s


## posnode rpc turbine sync
started_at=2026-06-16T12:18:18.9530070+08:00
command=go test .\cmd\posnode -run TestHTTPJSONRPC|TestStageBusinessRPC|TestConsensusStatus|TestTurbine|TestTransactionFastPath|TestFaultInjection|TestAddTransaction|TestVerifyQuorumCertificate -count 1
ended_at=2026-06-16T12:18:23.5894276+08:00
duration_seconds=4.636
exit_code=0
--- output ---
ok  	solana_golang/cmd/posnode	1.123s


## blockchain reorg persistence
started_at=2026-06-16T12:18:23.5924881+08:00
command=go test .\blockchain -run TestBuildGenesisStateCreatesTreasuryAndValidators|TestLedgerCommitPersistsAndReloads|TestLedgerReorganizeToBetterFork|TestStageBusinessFinalizedBlocksRejectDeepReorg|TestFaultInjectionReorgPersistsAfterNodeRestart -count 1
ended_at=2026-06-16T12:18:28.6843420+08:00
duration_seconds=5.092
exit_code=0
--- output ---
ok  	solana_golang/blockchain	1.062s


## p2p fault network routing
started_at=2026-06-16T12:18:28.6863585+08:00
command=go test .\p2p -run TestFaultInjection|TestHostHeartbeatClosesExpiredConnection|TestHostRequestRetries|TestHostDialPeerBacksOff|TestHostRateLimitsInboundMessages|TestPeerProtection|TestQueuedConnection|TestConnectionMessageSequencer -count 1
ended_at=2026-06-16T12:18:31.8204836+08:00
duration_seconds=3.134
exit_code=0
--- output ---
ok  	solana_golang/p2p	1.457s


## privacy audit confidential flow
started_at=2026-06-16T12:18:31.8229947+08:00
command=go test .\programs\privacy .\zk .\runtime -count 1
ended_at=2026-06-16T12:18:33.9883347+08:00
duration_seconds=2.165
exit_code=0
--- output ---
ok  	solana_golang/programs/privacy	0.977s
ok  	solana_golang/zk	0.731s
ok  	solana_golang/runtime	0.830s


## consensus business stake vote reward
started_at=2026-06-16T12:18:33.9903469+08:00
command=go test .\consensus -run TestPoSRealAccountStakeVoteAndBlockFlow|TestValidatorJoinsOnlyAfterRegisterStakeTransaction|TestStageBusiness|TestApplyBlockRewards|TestFaultInjectionLeaderOfflineFormsSkipQC|TestBLS -count 1
ended_at=2026-06-16T12:18:35.6766117+08:00
duration_seconds=1.686
exit_code=0
--- output ---
ok  	solana_golang/consensus	0.571s


## posnode rpc turbine sync
started_at=2026-06-16T12:18:35.6791225+08:00
command=go test .\cmd\posnode -run TestHTTPJSONRPC|TestStageBusinessRPC|TestConsensusStatus|TestTurbine|TestTransactionFastPath|TestFaultInjection|TestAddTransaction|TestVerifyQuorumCertificate -count 1
ended_at=2026-06-16T12:18:40.4178433+08:00
duration_seconds=4.739
exit_code=0
--- output ---
ok  	solana_golang/cmd/posnode	1.015s


## blockchain reorg persistence
started_at=2026-06-16T12:18:40.4198572+08:00
command=go test .\blockchain -run TestBuildGenesisStateCreatesTreasuryAndValidators|TestLedgerCommitPersistsAndReloads|TestLedgerReorganizeToBetterFork|TestStageBusinessFinalizedBlocksRejectDeepReorg|TestFaultInjectionReorgPersistsAfterNodeRestart -count 1
ended_at=2026-06-16T12:18:45.1903648+08:00
duration_seconds=4.771
exit_code=0
--- output ---
ok  	solana_golang/blockchain	1.067s


## p2p fault network routing
started_at=2026-06-16T12:18:45.1918951+08:00
command=go test .\p2p -run TestFaultInjection|TestHostHeartbeatClosesExpiredConnection|TestHostRequestRetries|TestHostDialPeerBacksOff|TestHostRateLimitsInboundMessages|TestPeerProtection|TestQueuedConnection|TestConnectionMessageSequencer -count 1
ended_at=2026-06-16T12:18:47.8802302+08:00
duration_seconds=2.688
exit_code=0
--- output ---
ok  	solana_golang/p2p	1.414s


## privacy audit confidential flow
started_at=2026-06-16T12:18:47.8817694+08:00
command=go test .\programs\privacy .\zk .\runtime -count 1
ended_at=2026-06-16T12:18:49.8052926+08:00
duration_seconds=1.924
exit_code=0
--- output ---
ok  	solana_golang/programs/privacy	0.952s
ok  	solana_golang/zk	0.747s
ok  	solana_golang/runtime	0.872s


## consensus business stake vote reward
started_at=2026-06-16T12:18:49.8068214+08:00
command=go test .\consensus -run TestPoSRealAccountStakeVoteAndBlockFlow|TestValidatorJoinsOnlyAfterRegisterStakeTransaction|TestStageBusiness|TestApplyBlockRewards|TestFaultInjectionLeaderOfflineFormsSkipQC|TestBLS -count 1
ended_at=2026-06-16T12:18:51.5590404+08:00
duration_seconds=1.752
exit_code=0
--- output ---
ok  	solana_golang/consensus	0.596s


## posnode rpc turbine sync
started_at=2026-06-16T12:18:51.5610529+08:00
command=go test .\cmd\posnode -run TestHTTPJSONRPC|TestStageBusinessRPC|TestConsensusStatus|TestTurbine|TestTransactionFastPath|TestFaultInjection|TestAddTransaction|TestVerifyQuorumCertificate -count 1
ended_at=2026-06-16T12:18:56.8218388+08:00
duration_seconds=5.261
exit_code=0
--- output ---
ok  	solana_golang/cmd/posnode	1.043s


## blockchain reorg persistence
started_at=2026-06-16T12:18:56.8254014+08:00
command=go test .\blockchain -run TestBuildGenesisStateCreatesTreasuryAndValidators|TestLedgerCommitPersistsAndReloads|TestLedgerReorganizeToBetterFork|TestStageBusinessFinalizedBlocksRejectDeepReorg|TestFaultInjectionReorgPersistsAfterNodeRestart -count 1
ended_at=2026-06-16T12:19:01.4518186+08:00
duration_seconds=4.626
exit_code=0
--- output ---
ok  	solana_golang/blockchain	1.087s


## p2p fault network routing
started_at=2026-06-16T12:19:01.4539166+08:00
command=go test .\p2p -run TestFaultInjection|TestHostHeartbeatClosesExpiredConnection|TestHostRequestRetries|TestHostDialPeerBacksOff|TestHostRateLimitsInboundMessages|TestPeerProtection|TestQueuedConnection|TestConnectionMessageSequencer -count 1
ended_at=2026-06-16T12:19:04.8319187+08:00
duration_seconds=3.378
exit_code=0
--- output ---
ok  	solana_golang/p2p	1.940s


## privacy audit confidential flow
started_at=2026-06-16T12:19:04.8339352+08:00
command=go test .\programs\privacy .\zk .\runtime -count 1
ended_at=2026-06-16T12:19:06.8993497+08:00
duration_seconds=2.065
exit_code=0
--- output ---
ok  	solana_golang/programs/privacy	0.919s
ok  	solana_golang/zk	0.731s
ok  	solana_golang/runtime	0.878s


## consensus business stake vote reward
started_at=2026-06-16T12:19:06.9008566+08:00
command=go test .\consensus -run TestPoSRealAccountStakeVoteAndBlockFlow|TestValidatorJoinsOnlyAfterRegisterStakeTransaction|TestStageBusiness|TestApplyBlockRewards|TestFaultInjectionLeaderOfflineFormsSkipQC|TestBLS -count 1
ended_at=2026-06-16T12:19:08.8010289+08:00
duration_seconds=1.9
exit_code=0
--- output ---
ok  	solana_golang/consensus	0.619s


## posnode rpc turbine sync
started_at=2026-06-16T12:19:08.8036508+08:00
command=go test .\cmd\posnode -run TestHTTPJSONRPC|TestStageBusinessRPC|TestConsensusStatus|TestTurbine|TestTransactionFastPath|TestFaultInjection|TestAddTransaction|TestVerifyQuorumCertificate -count 1
ended_at=2026-06-16T12:19:13.7652738+08:00
duration_seconds=4.962
exit_code=0
--- output ---
ok  	solana_golang/cmd/posnode	1.027s


## blockchain reorg persistence
started_at=2026-06-16T12:19:13.7680769+08:00
command=go test .\blockchain -run TestBuildGenesisStateCreatesTreasuryAndValidators|TestLedgerCommitPersistsAndReloads|TestLedgerReorganizeToBetterFork|TestStageBusinessFinalizedBlocksRejectDeepReorg|TestFaultInjectionReorgPersistsAfterNodeRestart -count 1
ended_at=2026-06-16T12:19:18.1769571+08:00
duration_seconds=4.409
exit_code=0
--- output ---
ok  	solana_golang/blockchain	1.059s


## p2p fault network routing
started_at=2026-06-16T12:19:18.1784636+08:00
command=go test .\p2p -run TestFaultInjection|TestHostHeartbeatClosesExpiredConnection|TestHostRequestRetries|TestHostDialPeerBacksOff|TestHostRateLimitsInboundMessages|TestPeerProtection|TestQueuedConnection|TestConnectionMessageSequencer -count 1
ended_at=2026-06-16T12:19:21.3362174+08:00
duration_seconds=3.158
exit_code=0
--- output ---
ok  	solana_golang/p2p	1.966s


## privacy audit confidential flow
started_at=2026-06-16T12:19:21.3377257+08:00
command=go test .\programs\privacy .\zk .\runtime -count 1
ended_at=2026-06-16T12:19:23.2211968+08:00
duration_seconds=1.883
exit_code=0
--- output ---
ok  	solana_golang/programs/privacy	0.903s
ok  	solana_golang/zk	0.712s
ok  	solana_golang/runtime	0.864s


## consensus business stake vote reward
started_at=2026-06-16T12:19:23.2232101+08:00
command=go test .\consensus -run TestPoSRealAccountStakeVoteAndBlockFlow|TestValidatorJoinsOnlyAfterRegisterStakeTransaction|TestStageBusiness|TestApplyBlockRewards|TestFaultInjectionLeaderOfflineFormsSkipQC|TestBLS -count 1
ended_at=2026-06-16T12:19:24.8965002+08:00
duration_seconds=1.673
exit_code=0
--- output ---
ok  	solana_golang/consensus	0.704s


## posnode rpc turbine sync
started_at=2026-06-16T12:19:24.8980551+08:00
command=go test .\cmd\posnode -run TestHTTPJSONRPC|TestStageBusinessRPC|TestConsensusStatus|TestTurbine|TestTransactionFastPath|TestFaultInjection|TestAddTransaction|TestVerifyQuorumCertificate -count 1
ended_at=2026-06-16T12:19:29.7161329+08:00
duration_seconds=4.818
exit_code=0
--- output ---
ok  	solana_golang/cmd/posnode	1.029s


## blockchain reorg persistence
started_at=2026-06-16T12:19:29.7181454+08:00
command=go test .\blockchain -run TestBuildGenesisStateCreatesTreasuryAndValidators|TestLedgerCommitPersistsAndReloads|TestLedgerReorganizeToBetterFork|TestStageBusinessFinalizedBlocksRejectDeepReorg|TestFaultInjectionReorgPersistsAfterNodeRestart -count 1
ended_at=2026-06-16T12:19:34.4891120+08:00
duration_seconds=4.771
exit_code=0
--- output ---
ok  	solana_golang/blockchain	1.089s


## p2p fault network routing
started_at=2026-06-16T12:19:34.4912048+08:00
command=go test .\p2p -run TestFaultInjection|TestHostHeartbeatClosesExpiredConnection|TestHostRequestRetries|TestHostDialPeerBacksOff|TestHostRateLimitsInboundMessages|TestPeerProtection|TestQueuedConnection|TestConnectionMessageSequencer -count 1
ended_at=2026-06-16T12:19:36.9954562+08:00
duration_seconds=2.504
exit_code=0
--- output ---
ok  	solana_golang/p2p	1.289s


## privacy audit confidential flow
started_at=2026-06-16T12:19:36.9969714+08:00
command=go test .\programs\privacy .\zk .\runtime -count 1
ended_at=2026-06-16T12:19:39.0581560+08:00
duration_seconds=2.061
exit_code=0
--- output ---
ok  	solana_golang/programs/privacy	1.039s
ok  	solana_golang/zk	1.039s
ok  	solana_golang/runtime	0.976s


## consensus business stake vote reward
started_at=2026-06-16T12:19:39.0601695+08:00
command=go test .\consensus -run TestPoSRealAccountStakeVoteAndBlockFlow|TestValidatorJoinsOnlyAfterRegisterStakeTransaction|TestStageBusiness|TestApplyBlockRewards|TestFaultInjectionLeaderOfflineFormsSkipQC|TestBLS -count 1
ended_at=2026-06-16T12:19:40.6814479+08:00
duration_seconds=1.621
exit_code=0
--- output ---
ok  	solana_golang/consensus	0.586s


## posnode rpc turbine sync
started_at=2026-06-16T12:19:40.6830614+08:00
command=go test .\cmd\posnode -run TestHTTPJSONRPC|TestStageBusinessRPC|TestConsensusStatus|TestTurbine|TestTransactionFastPath|TestFaultInjection|TestAddTransaction|TestVerifyQuorumCertificate -count 1
ended_at=2026-06-16T12:19:45.9810783+08:00
duration_seconds=5.298
exit_code=0
--- output ---
ok  	solana_golang/cmd/posnode	1.041s


## blockchain reorg persistence
started_at=2026-06-16T12:19:45.9841552+08:00
command=go test .\blockchain -run TestBuildGenesisStateCreatesTreasuryAndValidators|TestLedgerCommitPersistsAndReloads|TestLedgerReorganizeToBetterFork|TestStageBusinessFinalizedBlocksRejectDeepReorg|TestFaultInjectionReorgPersistsAfterNodeRestart -count 1
ended_at=2026-06-16T12:19:50.6016239+08:00
duration_seconds=4.617
exit_code=0
--- output ---
ok  	solana_golang/blockchain	1.064s


## p2p fault network routing
started_at=2026-06-16T12:19:50.6036393+08:00
command=go test .\p2p -run TestFaultInjection|TestHostHeartbeatClosesExpiredConnection|TestHostRequestRetries|TestHostDialPeerBacksOff|TestHostRateLimitsInboundMessages|TestPeerProtection|TestQueuedConnection|TestConnectionMessageSequencer -count 1
ended_at=2026-06-16T12:19:53.4985392+08:00
duration_seconds=2.895
exit_code=0
--- output ---
ok  	solana_golang/p2p	1.534s


## privacy audit confidential flow
started_at=2026-06-16T12:19:53.5000487+08:00
command=go test .\programs\privacy .\zk .\runtime -count 1
ended_at=2026-06-16T12:19:55.3100277+08:00
duration_seconds=1.81
exit_code=0
--- output ---
ok  	solana_golang/programs/privacy	0.908s
ok  	solana_golang/zk	0.783s
ok  	solana_golang/runtime	0.860s


## consensus business stake vote reward
started_at=2026-06-16T12:19:55.3125742+08:00
command=go test .\consensus -run TestPoSRealAccountStakeVoteAndBlockFlow|TestValidatorJoinsOnlyAfterRegisterStakeTransaction|TestStageBusiness|TestApplyBlockRewards|TestFaultInjectionLeaderOfflineFormsSkipQC|TestBLS -count 1
ended_at=2026-06-16T12:19:57.0734128+08:00
duration_seconds=1.761
exit_code=0
--- output ---
ok  	solana_golang/consensus	0.561s


## posnode rpc turbine sync
started_at=2026-06-16T12:19:57.0754317+08:00
command=go test .\cmd\posnode -run TestHTTPJSONRPC|TestStageBusinessRPC|TestConsensusStatus|TestTurbine|TestTransactionFastPath|TestFaultInjection|TestAddTransaction|TestVerifyQuorumCertificate -count 1
ended_at=2026-06-16T12:20:01.5387891+08:00
duration_seconds=4.463
exit_code=0
--- output ---
ok  	solana_golang/cmd/posnode	1.020s


## blockchain reorg persistence
started_at=2026-06-16T12:20:01.5402994+08:00
command=go test .\blockchain -run TestBuildGenesisStateCreatesTreasuryAndValidators|TestLedgerCommitPersistsAndReloads|TestLedgerReorganizeToBetterFork|TestStageBusinessFinalizedBlocksRejectDeepReorg|TestFaultInjectionReorgPersistsAfterNodeRestart -count 1
ended_at=2026-06-16T12:20:06.3873389+08:00
duration_seconds=4.847
exit_code=0
--- output ---
ok  	solana_golang/blockchain	1.090s


## p2p fault network routing
started_at=2026-06-16T12:20:06.3944143+08:00
command=go test .\p2p -run TestFaultInjection|TestHostHeartbeatClosesExpiredConnection|TestHostRequestRetries|TestHostDialPeerBacksOff|TestHostRateLimitsInboundMessages|TestPeerProtection|TestQueuedConnection|TestConnectionMessageSequencer -count 1
ended_at=2026-06-16T12:20:08.8482171+08:00
duration_seconds=2.454
exit_code=0
--- output ---
ok  	solana_golang/p2p	1.275s


## privacy audit confidential flow
started_at=2026-06-16T12:20:08.8507294+08:00
command=go test .\programs\privacy .\zk .\runtime -count 1
ended_at=2026-06-16T12:20:10.8221332+08:00
duration_seconds=1.971
exit_code=0
--- output ---
ok  	solana_golang/programs/privacy	0.936s
ok  	solana_golang/zk	0.936s
ok  	solana_golang/runtime	0.905s


## consensus business stake vote reward
started_at=2026-06-16T12:20:10.8298152+08:00
command=go test .\consensus -run TestPoSRealAccountStakeVoteAndBlockFlow|TestValidatorJoinsOnlyAfterRegisterStakeTransaction|TestStageBusiness|TestApplyBlockRewards|TestFaultInjectionLeaderOfflineFormsSkipQC|TestBLS -count 1
ended_at=2026-06-16T12:20:12.4545309+08:00
duration_seconds=1.625
exit_code=0
--- output ---
ok  	solana_golang/consensus	0.633s


## posnode rpc turbine sync
started_at=2026-06-16T12:20:12.4560755+08:00
command=go test .\cmd\posnode -run TestHTTPJSONRPC|TestStageBusinessRPC|TestConsensusStatus|TestTurbine|TestTransactionFastPath|TestFaultInjection|TestAddTransaction|TestVerifyQuorumCertificate -count 1
ended_at=2026-06-16T12:20:17.8334254+08:00
duration_seconds=5.377
exit_code=0
--- output ---
ok  	solana_golang/cmd/posnode	1.010s


## blockchain reorg persistence
started_at=2026-06-16T12:20:17.8350166+08:00
command=go test .\blockchain -run TestBuildGenesisStateCreatesTreasuryAndValidators|TestLedgerCommitPersistsAndReloads|TestLedgerReorganizeToBetterFork|TestStageBusinessFinalizedBlocksRejectDeepReorg|TestFaultInjectionReorgPersistsAfterNodeRestart -count 1
ended_at=2026-06-16T12:20:22.2425161+08:00
duration_seconds=4.407
exit_code=0
--- output ---
ok  	solana_golang/blockchain	1.064s


## p2p fault network routing
started_at=2026-06-16T12:20:22.2440226+08:00
command=go test .\p2p -run TestFaultInjection|TestHostHeartbeatClosesExpiredConnection|TestHostRequestRetries|TestHostDialPeerBacksOff|TestHostRateLimitsInboundMessages|TestPeerProtection|TestQueuedConnection|TestConnectionMessageSequencer -count 1
ended_at=2026-06-16T12:20:24.8891374+08:00
duration_seconds=2.645
exit_code=0
--- output ---
ok  	solana_golang/p2p	1.559s


## privacy audit confidential flow
started_at=2026-06-16T12:20:24.8968554+08:00
command=go test .\programs\privacy .\zk .\runtime -count 1
ended_at=2026-06-16T12:20:27.1985767+08:00
duration_seconds=2.302
exit_code=0
--- output ---
ok  	solana_golang/programs/privacy	1.103s
ok  	solana_golang/zk	0.780s
ok  	solana_golang/runtime	1.054s


## consensus business stake vote reward
started_at=2026-06-16T12:20:27.1996699+08:00
command=go test .\consensus -run TestPoSRealAccountStakeVoteAndBlockFlow|TestValidatorJoinsOnlyAfterRegisterStakeTransaction|TestStageBusiness|TestApplyBlockRewards|TestFaultInjectionLeaderOfflineFormsSkipQC|TestBLS -count 1
ended_at=2026-06-16T12:20:29.1873780+08:00
duration_seconds=1.988
exit_code=0
--- output ---
ok  	solana_golang/consensus	0.893s


## posnode rpc turbine sync
started_at=2026-06-16T12:20:29.1898971+08:00
command=go test .\cmd\posnode -run TestHTTPJSONRPC|TestStageBusinessRPC|TestConsensusStatus|TestTurbine|TestTransactionFastPath|TestFaultInjection|TestAddTransaction|TestVerifyQuorumCertificate -count 1
ended_at=2026-06-16T12:20:34.8079902+08:00
duration_seconds=5.618
exit_code=0
--- output ---
ok  	solana_golang/cmd/posnode	1.096s


## blockchain reorg persistence
started_at=2026-06-16T12:20:34.8105004+08:00
command=go test .\blockchain -run TestBuildGenesisStateCreatesTreasuryAndValidators|TestLedgerCommitPersistsAndReloads|TestLedgerReorganizeToBetterFork|TestStageBusinessFinalizedBlocksRejectDeepReorg|TestFaultInjectionReorgPersistsAfterNodeRestart -count 1
ended_at=2026-06-16T12:20:39.1285163+08:00
duration_seconds=4.318
exit_code=0
--- output ---
ok  	solana_golang/blockchain	1.240s


## p2p fault network routing
started_at=2026-06-16T12:20:39.1295691+08:00
command=go test .\p2p -run TestFaultInjection|TestHostHeartbeatClosesExpiredConnection|TestHostRequestRetries|TestHostDialPeerBacksOff|TestHostRateLimitsInboundMessages|TestPeerProtection|TestQueuedConnection|TestConnectionMessageSequencer -count 1
ended_at=2026-06-16T12:20:42.7709130+08:00
duration_seconds=3.641
exit_code=0
--- output ---
ok  	solana_golang/p2p	1.544s


## privacy audit confidential flow
started_at=2026-06-16T12:20:42.7735179+08:00
command=go test .\programs\privacy .\zk .\runtime -count 1
ended_at=2026-06-16T12:20:44.9423183+08:00
duration_seconds=2.169
exit_code=0
--- output ---
ok  	solana_golang/programs/privacy	0.929s
ok  	solana_golang/zk	0.929s
ok  	solana_golang/runtime	0.884s


## consensus business stake vote reward
started_at=2026-06-16T12:20:44.9518884+08:00
command=go test .\consensus -run TestPoSRealAccountStakeVoteAndBlockFlow|TestValidatorJoinsOnlyAfterRegisterStakeTransaction|TestStageBusiness|TestApplyBlockRewards|TestFaultInjectionLeaderOfflineFormsSkipQC|TestBLS -count 1
ended_at=2026-06-16T12:20:47.3940682+08:00
duration_seconds=2.442
exit_code=0
--- output ---
ok  	solana_golang/consensus	1.354s


## posnode rpc turbine sync
started_at=2026-06-16T12:20:47.3980910+08:00
command=go test .\cmd\posnode -run TestHTTPJSONRPC|TestStageBusinessRPC|TestConsensusStatus|TestTurbine|TestTransactionFastPath|TestFaultInjection|TestAddTransaction|TestVerifyQuorumCertificate -count 1
ended_at=2026-06-16T12:20:52.2040568+08:00
duration_seconds=4.806
exit_code=0
--- output ---
ok  	solana_golang/cmd/posnode	1.011s


## blockchain reorg persistence
started_at=2026-06-16T12:20:52.2055636+08:00
command=go test .\blockchain -run TestBuildGenesisStateCreatesTreasuryAndValidators|TestLedgerCommitPersistsAndReloads|TestLedgerReorganizeToBetterFork|TestStageBusinessFinalizedBlocksRejectDeepReorg|TestFaultInjectionReorgPersistsAfterNodeRestart -count 1
ended_at=2026-06-16T12:20:56.7996105+08:00
duration_seconds=4.594
exit_code=0
--- output ---
ok  	solana_golang/blockchain	1.042s


## p2p fault network routing
started_at=2026-06-16T12:20:56.8016546+08:00
command=go test .\p2p -run TestFaultInjection|TestHostHeartbeatClosesExpiredConnection|TestHostRequestRetries|TestHostDialPeerBacksOff|TestHostRateLimitsInboundMessages|TestPeerProtection|TestQueuedConnection|TestConnectionMessageSequencer -count 1
ended_at=2026-06-16T12:20:59.7976378+08:00
duration_seconds=2.996
exit_code=0
--- output ---
ok  	solana_golang/p2p	1.782s


## privacy audit confidential flow
started_at=2026-06-16T12:20:59.8001909+08:00
command=go test .\programs\privacy .\zk .\runtime -count 1
ended_at=2026-06-16T12:21:02.1151484+08:00
duration_seconds=2.315
exit_code=0
--- output ---
ok  	solana_golang/programs/privacy	0.904s
ok  	solana_golang/zk	0.737s
ok  	solana_golang/runtime	0.840s


## consensus business stake vote reward
started_at=2026-06-16T12:21:02.1166814+08:00
command=go test .\consensus -run TestPoSRealAccountStakeVoteAndBlockFlow|TestValidatorJoinsOnlyAfterRegisterStakeTransaction|TestStageBusiness|TestApplyBlockRewards|TestFaultInjectionLeaderOfflineFormsSkipQC|TestBLS -count 1
ended_at=2026-06-16T12:21:04.4955469+08:00
duration_seconds=2.379
exit_code=0
--- output ---
ok  	solana_golang/consensus	0.593s


## posnode rpc turbine sync
started_at=2026-06-16T12:21:04.4985648+08:00
command=go test .\cmd\posnode -run TestHTTPJSONRPC|TestStageBusinessRPC|TestConsensusStatus|TestTurbine|TestTransactionFastPath|TestFaultInjection|TestAddTransaction|TestVerifyQuorumCertificate -count 1
ended_at=2026-06-16T12:21:09.8662511+08:00
duration_seconds=5.368
exit_code=0
--- output ---
ok  	solana_golang/cmd/posnode	1.031s


## blockchain reorg persistence
started_at=2026-06-16T12:21:09.8683795+08:00
command=go test .\blockchain -run TestBuildGenesisStateCreatesTreasuryAndValidators|TestLedgerCommitPersistsAndReloads|TestLedgerReorganizeToBetterFork|TestStageBusinessFinalizedBlocksRejectDeepReorg|TestFaultInjectionReorgPersistsAfterNodeRestart -count 1
ended_at=2026-06-16T12:21:13.9786460+08:00
duration_seconds=4.11
exit_code=0
--- output ---
ok  	solana_golang/blockchain	1.075s


## p2p fault network routing
started_at=2026-06-16T12:21:13.9801580+08:00
command=go test .\p2p -run TestFaultInjection|TestHostHeartbeatClosesExpiredConnection|TestHostRequestRetries|TestHostDialPeerBacksOff|TestHostRateLimitsInboundMessages|TestPeerProtection|TestQueuedConnection|TestConnectionMessageSequencer -count 1
ended_at=2026-06-16T12:21:16.7281631+08:00
duration_seconds=2.748
exit_code=0
--- output ---
ok  	solana_golang/p2p	1.534s


## privacy audit confidential flow
started_at=2026-06-16T12:21:16.7296706+08:00
command=go test .\programs\privacy .\zk .\runtime -count 1
ended_at=2026-06-16T12:21:19.3698280+08:00
duration_seconds=2.64
exit_code=0
--- output ---
ok  	solana_golang/programs/privacy	0.944s
ok  	solana_golang/zk	0.791s
ok  	solana_golang/runtime	0.572s


## consensus business stake vote reward
started_at=2026-06-16T12:21:19.3713356+08:00
command=go test .\consensus -run TestPoSRealAccountStakeVoteAndBlockFlow|TestValidatorJoinsOnlyAfterRegisterStakeTransaction|TestStageBusiness|TestApplyBlockRewards|TestFaultInjectionLeaderOfflineFormsSkipQC|TestBLS -count 1
ended_at=2026-06-16T12:21:21.3252922+08:00
duration_seconds=1.954
exit_code=0
--- output ---
ok  	solana_golang/consensus	0.908s


## posnode rpc turbine sync
started_at=2026-06-16T12:21:21.3273345+08:00
command=go test .\cmd\posnode -run TestHTTPJSONRPC|TestStageBusinessRPC|TestConsensusStatus|TestTurbine|TestTransactionFastPath|TestFaultInjection|TestAddTransaction|TestVerifyQuorumCertificate -count 1
ended_at=2026-06-16T12:21:26.5625240+08:00
duration_seconds=5.235
exit_code=0
--- output ---
ok  	solana_golang/cmd/posnode	1.038s


## blockchain reorg persistence
started_at=2026-06-16T12:21:26.5640427+08:00
command=go test .\blockchain -run TestBuildGenesisStateCreatesTreasuryAndValidators|TestLedgerCommitPersistsAndReloads|TestLedgerReorganizeToBetterFork|TestStageBusinessFinalizedBlocksRejectDeepReorg|TestFaultInjectionReorgPersistsAfterNodeRestart -count 1
ended_at=2026-06-16T12:21:31.3564159+08:00
duration_seconds=4.792
exit_code=0
--- output ---
ok  	solana_golang/blockchain	1.069s


## p2p fault network routing
started_at=2026-06-16T12:21:31.3583881+08:00
command=go test .\p2p -run TestFaultInjection|TestHostHeartbeatClosesExpiredConnection|TestHostRequestRetries|TestHostDialPeerBacksOff|TestHostRateLimitsInboundMessages|TestPeerProtection|TestQueuedConnection|TestConnectionMessageSequencer -count 1
ended_at=2026-06-16T12:21:33.9470485+08:00
duration_seconds=2.589
exit_code=0
--- output ---
ok  	solana_golang/p2p	1.426s


## privacy audit confidential flow
started_at=2026-06-16T12:21:33.9490730+08:00
command=go test .\programs\privacy .\zk .\runtime -count 1
ended_at=2026-06-16T12:21:36.0391931+08:00
duration_seconds=2.09
exit_code=0
--- output ---
ok  	solana_golang/programs/privacy	1.106s
ok  	solana_golang/zk	0.753s
ok  	solana_golang/runtime	1.044s


## consensus business stake vote reward
started_at=2026-06-16T12:21:36.0412207+08:00
command=go test .\consensus -run TestPoSRealAccountStakeVoteAndBlockFlow|TestValidatorJoinsOnlyAfterRegisterStakeTransaction|TestStageBusiness|TestApplyBlockRewards|TestFaultInjectionLeaderOfflineFormsSkipQC|TestBLS -count 1
ended_at=2026-06-16T12:21:37.6168413+08:00
duration_seconds=1.576
exit_code=0
--- output ---
ok  	solana_golang/consensus	0.568s


## posnode rpc turbine sync
started_at=2026-06-16T12:21:37.6188574+08:00
command=go test .\cmd\posnode -run TestHTTPJSONRPC|TestStageBusinessRPC|TestConsensusStatus|TestTurbine|TestTransactionFastPath|TestFaultInjection|TestAddTransaction|TestVerifyQuorumCertificate -count 1
ended_at=2026-06-16T12:21:41.8645475+08:00
duration_seconds=4.246
exit_code=0
--- output ---
ok  	solana_golang/cmd/posnode	1.014s


## blockchain reorg persistence
started_at=2026-06-16T12:21:41.8666202+08:00
command=go test .\blockchain -run TestBuildGenesisStateCreatesTreasuryAndValidators|TestLedgerCommitPersistsAndReloads|TestLedgerReorganizeToBetterFork|TestStageBusinessFinalizedBlocksRejectDeepReorg|TestFaultInjectionReorgPersistsAfterNodeRestart -count 1
ended_at=2026-06-16T12:21:46.3101639+08:00
duration_seconds=4.444
exit_code=0
--- output ---
ok  	solana_golang/blockchain	1.077s


## p2p fault network routing
started_at=2026-06-16T12:21:46.3116772+08:00
command=go test .\p2p -run TestFaultInjection|TestHostHeartbeatClosesExpiredConnection|TestHostRequestRetries|TestHostDialPeerBacksOff|TestHostRateLimitsInboundMessages|TestPeerProtection|TestQueuedConnection|TestConnectionMessageSequencer -count 1
ended_at=2026-06-16T12:21:49.6758393+08:00
duration_seconds=3.364
exit_code=0
--- output ---
ok  	solana_golang/p2p	1.541s


## privacy audit confidential flow
started_at=2026-06-16T12:21:49.6778962+08:00
command=go test .\programs\privacy .\zk .\runtime -count 1
ended_at=2026-06-16T12:21:51.6826280+08:00
duration_seconds=2.005
exit_code=0
--- output ---
ok  	solana_golang/programs/privacy	0.990s
ok  	solana_golang/zk	0.990s
ok  	solana_golang/runtime	0.949s


## consensus business stake vote reward
started_at=2026-06-16T12:21:51.6846473+08:00
command=go test .\consensus -run TestPoSRealAccountStakeVoteAndBlockFlow|TestValidatorJoinsOnlyAfterRegisterStakeTransaction|TestStageBusiness|TestApplyBlockRewards|TestFaultInjectionLeaderOfflineFormsSkipQC|TestBLS -count 1
ended_at=2026-06-16T12:21:53.8044487+08:00
duration_seconds=2.12
exit_code=0
--- output ---
ok  	solana_golang/consensus	0.477s


## posnode rpc turbine sync
started_at=2026-06-16T12:21:53.8059603+08:00
command=go test .\cmd\posnode -run TestHTTPJSONRPC|TestStageBusinessRPC|TestConsensusStatus|TestTurbine|TestTransactionFastPath|TestFaultInjection|TestAddTransaction|TestVerifyQuorumCertificate -count 1
ended_at=2026-06-16T12:21:58.5077581+08:00
duration_seconds=4.702
exit_code=0
--- output ---
ok  	solana_golang/cmd/posnode	1.034s


## blockchain reorg persistence
started_at=2026-06-16T12:21:58.5088120+08:00
command=go test .\blockchain -run TestBuildGenesisStateCreatesTreasuryAndValidators|TestLedgerCommitPersistsAndReloads|TestLedgerReorganizeToBetterFork|TestStageBusinessFinalizedBlocksRejectDeepReorg|TestFaultInjectionReorgPersistsAfterNodeRestart -count 1
ended_at=2026-06-16T12:22:03.0043928+08:00
duration_seconds=4.496
exit_code=0
--- output ---
ok  	solana_golang/blockchain	1.121s


## p2p fault network routing
started_at=2026-06-16T12:22:03.0059082+08:00
command=go test .\p2p -run TestFaultInjection|TestHostHeartbeatClosesExpiredConnection|TestHostRequestRetries|TestHostDialPeerBacksOff|TestHostRateLimitsInboundMessages|TestPeerProtection|TestQueuedConnection|TestConnectionMessageSequencer -count 1
ended_at=2026-06-16T12:22:05.9129445+08:00
duration_seconds=2.907
exit_code=0
--- output ---
ok  	solana_golang/p2p	1.656s


## privacy audit confidential flow
started_at=2026-06-16T12:22:05.9150492+08:00
command=go test .\programs\privacy .\zk .\runtime -count 1
ended_at=2026-06-16T12:22:07.7132638+08:00
duration_seconds=1.798
exit_code=0
--- output ---
ok  	solana_golang/programs/privacy	0.903s
ok  	solana_golang/zk	0.837s
ok  	solana_golang/runtime	0.860s


## consensus business stake vote reward
started_at=2026-06-16T12:22:07.7205463+08:00
command=go test .\consensus -run TestPoSRealAccountStakeVoteAndBlockFlow|TestValidatorJoinsOnlyAfterRegisterStakeTransaction|TestStageBusiness|TestApplyBlockRewards|TestFaultInjectionLeaderOfflineFormsSkipQC|TestBLS -count 1
ended_at=2026-06-16T12:22:09.2620249+08:00
duration_seconds=1.541
exit_code=0
--- output ---
ok  	solana_golang/consensus	0.576s


## posnode rpc turbine sync
started_at=2026-06-16T12:22:09.2635357+08:00
command=go test .\cmd\posnode -run TestHTTPJSONRPC|TestStageBusinessRPC|TestConsensusStatus|TestTurbine|TestTransactionFastPath|TestFaultInjection|TestAddTransaction|TestVerifyQuorumCertificate -count 1
ended_at=2026-06-16T12:22:14.3561037+08:00
duration_seconds=5.093
exit_code=0
--- output ---
ok  	solana_golang/cmd/posnode	1.040s


## blockchain reorg persistence
started_at=2026-06-16T12:22:14.3663420+08:00
command=go test .\blockchain -run TestBuildGenesisStateCreatesTreasuryAndValidators|TestLedgerCommitPersistsAndReloads|TestLedgerReorganizeToBetterFork|TestStageBusinessFinalizedBlocksRejectDeepReorg|TestFaultInjectionReorgPersistsAfterNodeRestart -count 1
ended_at=2026-06-16T12:22:18.9631344+08:00
duration_seconds=4.597
exit_code=0
--- output ---
ok  	solana_golang/blockchain	1.077s


## p2p fault network routing
started_at=2026-06-16T12:22:18.9651571+08:00
command=go test .\p2p -run TestFaultInjection|TestHostHeartbeatClosesExpiredConnection|TestHostRequestRetries|TestHostDialPeerBacksOff|TestHostRateLimitsInboundMessages|TestPeerProtection|TestQueuedConnection|TestConnectionMessageSequencer -count 1
ended_at=2026-06-16T12:22:21.7491063+08:00
duration_seconds=2.784
exit_code=0
--- output ---
ok  	solana_golang/p2p	1.532s


## privacy audit confidential flow
started_at=2026-06-16T12:22:21.7594191+08:00
command=go test .\programs\privacy .\zk .\runtime -count 1
ended_at=2026-06-16T12:22:23.6231427+08:00
duration_seconds=1.864
exit_code=0
--- output ---
ok  	solana_golang/programs/privacy	0.925s
ok  	solana_golang/zk	0.925s
ok  	solana_golang/runtime	0.884s


## consensus business stake vote reward
started_at=2026-06-16T12:22:23.6251540+08:00
command=go test .\consensus -run TestPoSRealAccountStakeVoteAndBlockFlow|TestValidatorJoinsOnlyAfterRegisterStakeTransaction|TestStageBusiness|TestApplyBlockRewards|TestFaultInjectionLeaderOfflineFormsSkipQC|TestBLS -count 1
ended_at=2026-06-16T12:22:25.1463847+08:00
duration_seconds=1.521
exit_code=0
--- output ---
ok  	solana_golang/consensus	0.587s


## posnode rpc turbine sync
started_at=2026-06-16T12:22:25.1539625+08:00
command=go test .\cmd\posnode -run TestHTTPJSONRPC|TestStageBusinessRPC|TestConsensusStatus|TestTurbine|TestTransactionFastPath|TestFaultInjection|TestAddTransaction|TestVerifyQuorumCertificate -count 1
ended_at=2026-06-16T12:22:30.0217482+08:00
duration_seconds=4.868
exit_code=0
--- output ---
ok  	solana_golang/cmd/posnode	1.063s


## blockchain reorg persistence
started_at=2026-06-16T12:22:30.0232562+08:00
command=go test .\blockchain -run TestBuildGenesisStateCreatesTreasuryAndValidators|TestLedgerCommitPersistsAndReloads|TestLedgerReorganizeToBetterFork|TestStageBusinessFinalizedBlocksRejectDeepReorg|TestFaultInjectionReorgPersistsAfterNodeRestart -count 1
ended_at=2026-06-16T12:22:34.8383278+08:00
duration_seconds=4.815
exit_code=0
--- output ---
ok  	solana_golang/blockchain	1.071s


## p2p fault network routing
started_at=2026-06-16T12:22:34.8398696+08:00
command=go test .\p2p -run TestFaultInjection|TestHostHeartbeatClosesExpiredConnection|TestHostRequestRetries|TestHostDialPeerBacksOff|TestHostRateLimitsInboundMessages|TestPeerProtection|TestQueuedConnection|TestConnectionMessageSequencer -count 1
ended_at=2026-06-16T12:22:37.5224011+08:00
duration_seconds=2.683
exit_code=0
--- output ---
ok  	solana_golang/p2p	1.516s


## privacy audit confidential flow
started_at=2026-06-16T12:22:37.5244204+08:00
command=go test .\programs\privacy .\zk .\runtime -count 1
ended_at=2026-06-16T12:22:39.4825037+08:00
duration_seconds=1.958
exit_code=0
--- output ---
ok  	solana_golang/programs/privacy	0.908s
ok  	solana_golang/zk	0.885s
ok  	solana_golang/runtime	0.843s


phase_ended_at=2026-06-16T12:22:39.4855302+08:00
phase_duration_seconds=312.472
cycles=19
