phase=business
round=10
minutes=5
started_at=2026-06-16T12:48:30.6646041+08:00

## consensus business stake vote reward
started_at=2026-06-16T12:48:30.6758161+08:00
command=go test .\consensus -run TestPoSRealAccountStakeVoteAndBlockFlow|TestValidatorJoinsOnlyAfterRegisterStakeTransaction|TestStageBusiness|TestApplyBlockRewards|TestFaultInjectionLeaderOfflineFormsSkipQC|TestBLS -count 1
ended_at=2026-06-16T12:48:33.8086052+08:00
duration_seconds=3.133
exit_code=0
--- output ---
ok  	solana_golang/consensus	1.025s


## posnode rpc turbine sync
started_at=2026-06-16T12:48:33.8146296+08:00
command=go test .\cmd\posnode -run TestHTTPJSONRPC|TestStageBusinessRPC|TestConsensusStatus|TestTurbine|TestTransactionFastPath|TestFaultInjection|TestAddTransaction|TestVerifyQuorumCertificate -count 1
ended_at=2026-06-16T12:48:40.7383558+08:00
duration_seconds=6.924
exit_code=0
--- output ---
ok  	solana_golang/cmd/posnode	2.002s


## blockchain reorg persistence
started_at=2026-06-16T12:48:40.7403725+08:00
command=go test .\blockchain -run TestBuildGenesisStateCreatesTreasuryAndValidators|TestLedgerCommitPersistsAndReloads|TestLedgerReorganizeToBetterFork|TestStageBusinessFinalizedBlocksRejectDeepReorg|TestFaultInjectionReorgPersistsAfterNodeRestart -count 1
ended_at=2026-06-16T12:48:47.2799822+08:00
duration_seconds=6.54
exit_code=0
--- output ---
ok  	solana_golang/blockchain	1.977s


## p2p fault network routing
started_at=2026-06-16T12:48:47.2880702+08:00
command=go test .\p2p -run TestFaultInjection|TestHostHeartbeatClosesExpiredConnection|TestHostRequestRetries|TestHostDialPeerBacksOff|TestHostRateLimitsInboundMessages|TestPeerProtection|TestQueuedConnection|TestConnectionMessageSequencer -count 1
ended_at=2026-06-16T12:48:50.9031880+08:00
duration_seconds=3.615
exit_code=0
--- output ---
ok  	solana_golang/p2p	1.800s


## privacy audit confidential flow
started_at=2026-06-16T12:48:50.9047144+08:00
command=go test .\programs\privacy .\zk .\runtime -count 1
ended_at=2026-06-16T12:48:54.1112635+08:00
duration_seconds=3.207
exit_code=0
--- output ---
ok  	solana_golang/programs/privacy	1.423s
ok  	solana_golang/zk	1.054s
ok  	solana_golang/runtime	1.542s


## consensus business stake vote reward
started_at=2026-06-16T12:48:54.1183796+08:00
command=go test .\consensus -run TestPoSRealAccountStakeVoteAndBlockFlow|TestValidatorJoinsOnlyAfterRegisterStakeTransaction|TestStageBusiness|TestApplyBlockRewards|TestFaultInjectionLeaderOfflineFormsSkipQC|TestBLS -count 1
ended_at=2026-06-16T12:48:56.9133870+08:00
duration_seconds=2.795
exit_code=0
--- output ---
ok  	solana_golang/consensus	1.032s


## posnode rpc turbine sync
started_at=2026-06-16T12:48:56.9209436+08:00
command=go test .\cmd\posnode -run TestHTTPJSONRPC|TestStageBusinessRPC|TestConsensusStatus|TestTurbine|TestTransactionFastPath|TestFaultInjection|TestAddTransaction|TestVerifyQuorumCertificate -count 1
ended_at=2026-06-16T12:49:03.5095767+08:00
duration_seconds=6.589
exit_code=0
--- output ---
ok  	solana_golang/cmd/posnode	1.962s


## blockchain reorg persistence
started_at=2026-06-16T12:49:03.5188992+08:00
command=go test .\blockchain -run TestBuildGenesisStateCreatesTreasuryAndValidators|TestLedgerCommitPersistsAndReloads|TestLedgerReorganizeToBetterFork|TestStageBusinessFinalizedBlocksRejectDeepReorg|TestFaultInjectionReorgPersistsAfterNodeRestart -count 1
ended_at=2026-06-16T12:49:09.3598090+08:00
duration_seconds=5.841
exit_code=0
--- output ---
ok  	solana_golang/blockchain	1.751s


## p2p fault network routing
started_at=2026-06-16T12:49:09.3623439+08:00
command=go test .\p2p -run TestFaultInjection|TestHostHeartbeatClosesExpiredConnection|TestHostRequestRetries|TestHostDialPeerBacksOff|TestHostRateLimitsInboundMessages|TestPeerProtection|TestQueuedConnection|TestConnectionMessageSequencer -count 1
ended_at=2026-06-16T12:49:13.9384680+08:00
duration_seconds=4.576
exit_code=0
--- output ---
ok  	solana_golang/p2p	2.221s


## privacy audit confidential flow
started_at=2026-06-16T12:49:13.9399963+08:00
command=go test .\programs\privacy .\zk .\runtime -count 1
ended_at=2026-06-16T12:49:16.9764625+08:00
duration_seconds=3.036
exit_code=0
--- output ---
ok  	solana_golang/programs/privacy	1.430s
ok  	solana_golang/zk	1.111s
ok  	solana_golang/runtime	1.710s


## consensus business stake vote reward
started_at=2026-06-16T12:49:16.9898706+08:00
command=go test .\consensus -run TestPoSRealAccountStakeVoteAndBlockFlow|TestValidatorJoinsOnlyAfterRegisterStakeTransaction|TestStageBusiness|TestApplyBlockRewards|TestFaultInjectionLeaderOfflineFormsSkipQC|TestBLS -count 1
ended_at=2026-06-16T12:49:19.5649218+08:00
duration_seconds=2.575
exit_code=0
--- output ---
ok  	solana_golang/consensus	1.067s


## posnode rpc turbine sync
started_at=2026-06-16T12:49:19.5719957+08:00
command=go test .\cmd\posnode -run TestHTTPJSONRPC|TestStageBusinessRPC|TestConsensusStatus|TestTurbine|TestTransactionFastPath|TestFaultInjection|TestAddTransaction|TestVerifyQuorumCertificate -count 1
ended_at=2026-06-16T12:49:26.6455258+08:00
duration_seconds=7.074
exit_code=0
--- output ---
ok  	solana_golang/cmd/posnode	2.057s


## blockchain reorg persistence
started_at=2026-06-16T12:49:26.6470322+08:00
command=go test .\blockchain -run TestBuildGenesisStateCreatesTreasuryAndValidators|TestLedgerCommitPersistsAndReloads|TestLedgerReorganizeToBetterFork|TestStageBusinessFinalizedBlocksRejectDeepReorg|TestFaultInjectionReorgPersistsAfterNodeRestart -count 1
ended_at=2026-06-16T12:49:33.1326105+08:00
duration_seconds=6.486
exit_code=0
--- output ---
ok  	solana_golang/blockchain	2.007s


## p2p fault network routing
started_at=2026-06-16T12:49:33.1403422+08:00
command=go test .\p2p -run TestFaultInjection|TestHostHeartbeatClosesExpiredConnection|TestHostRequestRetries|TestHostDialPeerBacksOff|TestHostRateLimitsInboundMessages|TestPeerProtection|TestQueuedConnection|TestConnectionMessageSequencer -count 1
ended_at=2026-06-16T12:49:37.1427497+08:00
duration_seconds=4.002
exit_code=0
--- output ---
ok  	solana_golang/p2p	2.288s


## privacy audit confidential flow
started_at=2026-06-16T12:49:37.1452972+08:00
command=go test .\programs\privacy .\zk .\runtime -count 1
ended_at=2026-06-16T12:49:40.0471156+08:00
duration_seconds=2.902
exit_code=0
--- output ---
ok  	solana_golang/programs/privacy	1.122s
ok  	solana_golang/zk	1.433s
ok  	solana_golang/runtime	1.498s


## consensus business stake vote reward
started_at=2026-06-16T12:49:40.0486247+08:00
command=go test .\consensus -run TestPoSRealAccountStakeVoteAndBlockFlow|TestValidatorJoinsOnlyAfterRegisterStakeTransaction|TestStageBusiness|TestApplyBlockRewards|TestFaultInjectionLeaderOfflineFormsSkipQC|TestBLS -count 1
ended_at=2026-06-16T12:49:42.4576568+08:00
duration_seconds=2.409
exit_code=0
--- output ---
ok  	solana_golang/consensus	0.936s


## posnode rpc turbine sync
started_at=2026-06-16T12:49:42.4601885+08:00
command=go test .\cmd\posnode -run TestHTTPJSONRPC|TestStageBusinessRPC|TestConsensusStatus|TestTurbine|TestTransactionFastPath|TestFaultInjection|TestAddTransaction|TestVerifyQuorumCertificate -count 1
ended_at=2026-06-16T12:49:49.5837934+08:00
duration_seconds=7.124
exit_code=0
--- output ---
ok  	solana_golang/cmd/posnode	2.059s


## blockchain reorg persistence
started_at=2026-06-16T12:49:49.5858319+08:00
command=go test .\blockchain -run TestBuildGenesisStateCreatesTreasuryAndValidators|TestLedgerCommitPersistsAndReloads|TestLedgerReorganizeToBetterFork|TestStageBusinessFinalizedBlocksRejectDeepReorg|TestFaultInjectionReorgPersistsAfterNodeRestart -count 1
ended_at=2026-06-16T12:49:56.0492186+08:00
duration_seconds=6.463
exit_code=0
--- output ---
ok  	solana_golang/blockchain	1.952s


## p2p fault network routing
started_at=2026-06-16T12:49:56.0507342+08:00
command=go test .\p2p -run TestFaultInjection|TestHostHeartbeatClosesExpiredConnection|TestHostRequestRetries|TestHostDialPeerBacksOff|TestHostRateLimitsInboundMessages|TestPeerProtection|TestQueuedConnection|TestConnectionMessageSequencer -count 1
ended_at=2026-06-16T12:50:00.2751954+08:00
duration_seconds=4.224
exit_code=0
--- output ---
ok  	solana_golang/p2p	2.020s


## privacy audit confidential flow
started_at=2026-06-16T12:50:00.2772130+08:00
command=go test .\programs\privacy .\zk .\runtime -count 1
ended_at=2026-06-16T12:50:02.8291328+08:00
duration_seconds=2.552
exit_code=0
--- output ---
ok  	solana_golang/programs/privacy	0.959s
ok  	solana_golang/zk	1.349s
ok  	solana_golang/runtime	1.103s


## consensus business stake vote reward
started_at=2026-06-16T12:50:02.8413728+08:00
command=go test .\consensus -run TestPoSRealAccountStakeVoteAndBlockFlow|TestValidatorJoinsOnlyAfterRegisterStakeTransaction|TestStageBusiness|TestApplyBlockRewards|TestFaultInjectionLeaderOfflineFormsSkipQC|TestBLS -count 1
ended_at=2026-06-16T12:50:05.2717317+08:00
duration_seconds=2.43
exit_code=0
--- output ---
ok  	solana_golang/consensus	0.949s


## posnode rpc turbine sync
started_at=2026-06-16T12:50:05.2747484+08:00
command=go test .\cmd\posnode -run TestHTTPJSONRPC|TestStageBusinessRPC|TestConsensusStatus|TestTurbine|TestTransactionFastPath|TestFaultInjection|TestAddTransaction|TestVerifyQuorumCertificate -count 1
ended_at=2026-06-16T12:50:12.3407724+08:00
duration_seconds=7.066
exit_code=0
--- output ---
ok  	solana_golang/cmd/posnode	1.898s


## blockchain reorg persistence
started_at=2026-06-16T12:50:12.3474060+08:00
command=go test .\blockchain -run TestBuildGenesisStateCreatesTreasuryAndValidators|TestLedgerCommitPersistsAndReloads|TestLedgerReorganizeToBetterFork|TestStageBusinessFinalizedBlocksRejectDeepReorg|TestFaultInjectionReorgPersistsAfterNodeRestart -count 1
ended_at=2026-06-16T12:50:18.5456837+08:00
duration_seconds=6.198
exit_code=0
--- output ---
ok  	solana_golang/blockchain	1.843s


## p2p fault network routing
started_at=2026-06-16T12:50:18.5493426+08:00
command=go test .\p2p -run TestFaultInjection|TestHostHeartbeatClosesExpiredConnection|TestHostRequestRetries|TestHostDialPeerBacksOff|TestHostRateLimitsInboundMessages|TestPeerProtection|TestQueuedConnection|TestConnectionMessageSequencer -count 1
ended_at=2026-06-16T12:50:22.0784001+08:00
duration_seconds=3.529
exit_code=0
--- output ---
ok  	solana_golang/p2p	1.943s


## privacy audit confidential flow
started_at=2026-06-16T12:50:22.0847853+08:00
command=go test .\programs\privacy .\zk .\runtime -count 1
ended_at=2026-06-16T12:50:24.6800051+08:00
duration_seconds=2.595
exit_code=0
--- output ---
ok  	solana_golang/programs/privacy	1.310s
ok  	solana_golang/zk	1.011s
ok  	solana_golang/runtime	1.026s


## consensus business stake vote reward
started_at=2026-06-16T12:50:24.6830202+08:00
command=go test .\consensus -run TestPoSRealAccountStakeVoteAndBlockFlow|TestValidatorJoinsOnlyAfterRegisterStakeTransaction|TestStageBusiness|TestApplyBlockRewards|TestFaultInjectionLeaderOfflineFormsSkipQC|TestBLS -count 1
ended_at=2026-06-16T12:50:27.4037131+08:00
duration_seconds=2.721
exit_code=0
--- output ---
ok  	solana_golang/consensus	0.964s


## posnode rpc turbine sync
started_at=2026-06-16T12:50:27.4067532+08:00
command=go test .\cmd\posnode -run TestHTTPJSONRPC|TestStageBusinessRPC|TestConsensusStatus|TestTurbine|TestTransactionFastPath|TestFaultInjection|TestAddTransaction|TestVerifyQuorumCertificate -count 1
ended_at=2026-06-16T12:50:34.7127750+08:00
duration_seconds=7.306
exit_code=0
--- output ---
ok  	solana_golang/cmd/posnode	2.096s


## blockchain reorg persistence
started_at=2026-06-16T12:50:34.7209269+08:00
command=go test .\blockchain -run TestBuildGenesisStateCreatesTreasuryAndValidators|TestLedgerCommitPersistsAndReloads|TestLedgerReorganizeToBetterFork|TestStageBusinessFinalizedBlocksRejectDeepReorg|TestFaultInjectionReorgPersistsAfterNodeRestart -count 1
ended_at=2026-06-16T12:50:41.3704012+08:00
duration_seconds=6.649
exit_code=0
--- output ---
ok  	solana_golang/blockchain	1.672s


## p2p fault network routing
started_at=2026-06-16T12:50:41.3724471+08:00
command=go test .\p2p -run TestFaultInjection|TestHostHeartbeatClosesExpiredConnection|TestHostRequestRetries|TestHostDialPeerBacksOff|TestHostRateLimitsInboundMessages|TestPeerProtection|TestQueuedConnection|TestConnectionMessageSequencer -count 1
ended_at=2026-06-16T12:50:45.1277810+08:00
duration_seconds=3.755
exit_code=0
--- output ---
ok  	solana_golang/p2p	1.969s


## privacy audit confidential flow
started_at=2026-06-16T12:50:45.1302938+08:00
command=go test .\programs\privacy .\zk .\runtime -count 1
ended_at=2026-06-16T12:50:48.0998371+08:00
duration_seconds=2.97
exit_code=0
--- output ---
ok  	solana_golang/programs/privacy	1.110s
ok  	solana_golang/zk	1.523s
ok  	solana_golang/runtime	1.510s


## consensus business stake vote reward
started_at=2026-06-16T12:50:48.1013607+08:00
command=go test .\consensus -run TestPoSRealAccountStakeVoteAndBlockFlow|TestValidatorJoinsOnlyAfterRegisterStakeTransaction|TestStageBusiness|TestApplyBlockRewards|TestFaultInjectionLeaderOfflineFormsSkipQC|TestBLS -count 1
ended_at=2026-06-16T12:50:50.4925137+08:00
duration_seconds=2.391
exit_code=0
--- output ---
ok  	solana_golang/consensus	1.090s


## posnode rpc turbine sync
started_at=2026-06-16T12:50:50.4940582+08:00
command=go test .\cmd\posnode -run TestHTTPJSONRPC|TestStageBusinessRPC|TestConsensusStatus|TestTurbine|TestTransactionFastPath|TestFaultInjection|TestAddTransaction|TestVerifyQuorumCertificate -count 1
ended_at=2026-06-16T12:50:56.9140503+08:00
duration_seconds=6.42
exit_code=0
--- output ---
ok  	solana_golang/cmd/posnode	2.042s


## blockchain reorg persistence
started_at=2026-06-16T12:50:56.9145537+08:00
command=go test .\blockchain -run TestBuildGenesisStateCreatesTreasuryAndValidators|TestLedgerCommitPersistsAndReloads|TestLedgerReorganizeToBetterFork|TestStageBusinessFinalizedBlocksRejectDeepReorg|TestFaultInjectionReorgPersistsAfterNodeRestart -count 1
ended_at=2026-06-16T12:51:03.5396667+08:00
duration_seconds=6.625
exit_code=0
--- output ---
ok  	solana_golang/blockchain	2.138s


## p2p fault network routing
started_at=2026-06-16T12:51:03.5422284+08:00
command=go test .\p2p -run TestFaultInjection|TestHostHeartbeatClosesExpiredConnection|TestHostRequestRetries|TestHostDialPeerBacksOff|TestHostRateLimitsInboundMessages|TestPeerProtection|TestQueuedConnection|TestConnectionMessageSequencer -count 1
ended_at=2026-06-16T12:51:09.8990639+08:00
duration_seconds=6.357
exit_code=0
--- output ---
ok  	solana_golang/p2p	2.111s


## privacy audit confidential flow
started_at=2026-06-16T12:51:09.9005750+08:00
command=go test .\programs\privacy .\zk .\runtime -count 1
ended_at=2026-06-16T12:51:13.2125191+08:00
duration_seconds=3.312
exit_code=0
--- output ---
ok  	solana_golang/programs/privacy	1.441s
ok  	solana_golang/zk	1.036s
ok  	solana_golang/runtime	1.669s


## consensus business stake vote reward
started_at=2026-06-16T12:51:13.2186835+08:00
command=go test .\consensus -run TestPoSRealAccountStakeVoteAndBlockFlow|TestValidatorJoinsOnlyAfterRegisterStakeTransaction|TestStageBusiness|TestApplyBlockRewards|TestFaultInjectionLeaderOfflineFormsSkipQC|TestBLS -count 1
ended_at=2026-06-16T12:51:15.9774928+08:00
duration_seconds=2.759
exit_code=0
--- output ---
ok  	solana_golang/consensus	1.028s


## posnode rpc turbine sync
started_at=2026-06-16T12:51:15.9790086+08:00
command=go test .\cmd\posnode -run TestHTTPJSONRPC|TestStageBusinessRPC|TestConsensusStatus|TestTurbine|TestTransactionFastPath|TestFaultInjection|TestAddTransaction|TestVerifyQuorumCertificate -count 1
ended_at=2026-06-16T12:51:23.0011988+08:00
duration_seconds=7.022
exit_code=0
--- output ---
ok  	solana_golang/cmd/posnode	2.041s


## blockchain reorg persistence
started_at=2026-06-16T12:51:23.0037116+08:00
command=go test .\blockchain -run TestBuildGenesisStateCreatesTreasuryAndValidators|TestLedgerCommitPersistsAndReloads|TestLedgerReorganizeToBetterFork|TestStageBusinessFinalizedBlocksRejectDeepReorg|TestFaultInjectionReorgPersistsAfterNodeRestart -count 1
ended_at=2026-06-16T12:51:29.5960108+08:00
duration_seconds=6.592
exit_code=0
--- output ---
ok  	solana_golang/blockchain	2.087s


## p2p fault network routing
started_at=2026-06-16T12:51:29.5970291+08:00
command=go test .\p2p -run TestFaultInjection|TestHostHeartbeatClosesExpiredConnection|TestHostRequestRetries|TestHostDialPeerBacksOff|TestHostRateLimitsInboundMessages|TestPeerProtection|TestQueuedConnection|TestConnectionMessageSequencer -count 1
ended_at=2026-06-16T12:51:33.8559203+08:00
duration_seconds=4.259
exit_code=0
--- output ---
ok  	solana_golang/p2p	2.814s


## privacy audit confidential flow
started_at=2026-06-16T12:51:33.8574265+08:00
command=go test .\programs\privacy .\zk .\runtime -count 1
ended_at=2026-06-16T12:51:36.6139917+08:00
duration_seconds=2.757
exit_code=0
--- output ---
ok  	solana_golang/programs/privacy	1.371s
ok  	solana_golang/zk	1.044s
ok  	solana_golang/runtime	1.591s


## consensus business stake vote reward
started_at=2026-06-16T12:51:36.6155431+08:00
command=go test .\consensus -run TestPoSRealAccountStakeVoteAndBlockFlow|TestValidatorJoinsOnlyAfterRegisterStakeTransaction|TestStageBusiness|TestApplyBlockRewards|TestFaultInjectionLeaderOfflineFormsSkipQC|TestBLS -count 1
ended_at=2026-06-16T12:51:38.8233733+08:00
duration_seconds=2.208
exit_code=0
--- output ---
ok  	solana_golang/consensus	1.071s


## posnode rpc turbine sync
started_at=2026-06-16T12:51:38.8258855+08:00
command=go test .\cmd\posnode -run TestHTTPJSONRPC|TestStageBusinessRPC|TestConsensusStatus|TestTurbine|TestTransactionFastPath|TestFaultInjection|TestAddTransaction|TestVerifyQuorumCertificate -count 1
ended_at=2026-06-16T12:51:45.0411896+08:00
duration_seconds=6.215
exit_code=0
--- output ---
ok  	solana_golang/cmd/posnode	1.960s


## blockchain reorg persistence
started_at=2026-06-16T12:51:45.0432231+08:00
command=go test .\blockchain -run TestBuildGenesisStateCreatesTreasuryAndValidators|TestLedgerCommitPersistsAndReloads|TestLedgerReorganizeToBetterFork|TestStageBusinessFinalizedBlocksRejectDeepReorg|TestFaultInjectionReorgPersistsAfterNodeRestart -count 1
ended_at=2026-06-16T12:51:51.3188201+08:00
duration_seconds=6.276
exit_code=0
--- output ---
ok  	solana_golang/blockchain	1.996s


## p2p fault network routing
started_at=2026-06-16T12:51:51.3204702+08:00
command=go test .\p2p -run TestFaultInjection|TestHostHeartbeatClosesExpiredConnection|TestHostRequestRetries|TestHostDialPeerBacksOff|TestHostRateLimitsInboundMessages|TestPeerProtection|TestQueuedConnection|TestConnectionMessageSequencer -count 1
ended_at=2026-06-16T12:51:54.8605232+08:00
duration_seconds=3.54
exit_code=0
--- output ---
ok  	solana_golang/p2p	1.888s


## privacy audit confidential flow
started_at=2026-06-16T12:51:54.8620336+08:00
command=go test .\programs\privacy .\zk .\runtime -count 1
ended_at=2026-06-16T12:51:57.3128076+08:00
duration_seconds=2.451
exit_code=0
--- output ---
ok  	solana_golang/programs/privacy	1.294s
ok  	solana_golang/zk	1.090s
ok  	solana_golang/runtime	0.960s


## consensus business stake vote reward
started_at=2026-06-16T12:51:57.3138680+08:00
command=go test .\consensus -run TestPoSRealAccountStakeVoteAndBlockFlow|TestValidatorJoinsOnlyAfterRegisterStakeTransaction|TestStageBusiness|TestApplyBlockRewards|TestFaultInjectionLeaderOfflineFormsSkipQC|TestBLS -count 1
ended_at=2026-06-16T12:52:00.1280814+08:00
duration_seconds=2.814
exit_code=0
--- output ---
ok  	solana_golang/consensus	1.054s


## posnode rpc turbine sync
started_at=2026-06-16T12:52:00.1296010+08:00
command=go test .\cmd\posnode -run TestHTTPJSONRPC|TestStageBusinessRPC|TestConsensusStatus|TestTurbine|TestTransactionFastPath|TestFaultInjection|TestAddTransaction|TestVerifyQuorumCertificate -count 1
ended_at=2026-06-16T12:52:06.6695541+08:00
duration_seconds=6.54
exit_code=0
--- output ---
ok  	solana_golang/cmd/posnode	1.926s


## blockchain reorg persistence
started_at=2026-06-16T12:52:06.6710654+08:00
command=go test .\blockchain -run TestBuildGenesisStateCreatesTreasuryAndValidators|TestLedgerCommitPersistsAndReloads|TestLedgerReorganizeToBetterFork|TestStageBusinessFinalizedBlocksRejectDeepReorg|TestFaultInjectionReorgPersistsAfterNodeRestart -count 1
ended_at=2026-06-16T12:52:12.8935366+08:00
duration_seconds=6.222
exit_code=0
--- output ---
ok  	solana_golang/blockchain	1.905s


## p2p fault network routing
started_at=2026-06-16T12:52:12.8961012+08:00
command=go test .\p2p -run TestFaultInjection|TestHostHeartbeatClosesExpiredConnection|TestHostRequestRetries|TestHostDialPeerBacksOff|TestHostRateLimitsInboundMessages|TestPeerProtection|TestQueuedConnection|TestConnectionMessageSequencer -count 1
ended_at=2026-06-16T12:52:16.6361994+08:00
duration_seconds=3.74
exit_code=0
--- output ---
ok  	solana_golang/p2p	2.139s


## privacy audit confidential flow
started_at=2026-06-16T12:52:16.6377059+08:00
command=go test .\programs\privacy .\zk .\runtime -count 1
ended_at=2026-06-16T12:52:19.3875323+08:00
duration_seconds=2.75
exit_code=0
--- output ---
ok  	solana_golang/programs/privacy	1.138s
ok  	solana_golang/zk	1.469s
ok  	solana_golang/runtime	1.496s


## consensus business stake vote reward
started_at=2026-06-16T12:52:19.3900505+08:00
command=go test .\consensus -run TestPoSRealAccountStakeVoteAndBlockFlow|TestValidatorJoinsOnlyAfterRegisterStakeTransaction|TestStageBusiness|TestApplyBlockRewards|TestFaultInjectionLeaderOfflineFormsSkipQC|TestBLS -count 1
ended_at=2026-06-16T12:52:21.9093542+08:00
duration_seconds=2.519
exit_code=0
--- output ---
ok  	solana_golang/consensus	1.078s


## posnode rpc turbine sync
started_at=2026-06-16T12:52:21.9103757+08:00
command=go test .\cmd\posnode -run TestHTTPJSONRPC|TestStageBusinessRPC|TestConsensusStatus|TestTurbine|TestTransactionFastPath|TestFaultInjection|TestAddTransaction|TestVerifyQuorumCertificate -count 1
ended_at=2026-06-16T12:52:28.5288037+08:00
duration_seconds=6.618
exit_code=0
--- output ---
ok  	solana_golang/cmd/posnode	2.039s


## blockchain reorg persistence
started_at=2026-06-16T12:52:28.5298505+08:00
command=go test .\blockchain -run TestBuildGenesisStateCreatesTreasuryAndValidators|TestLedgerCommitPersistsAndReloads|TestLedgerReorganizeToBetterFork|TestStageBusinessFinalizedBlocksRejectDeepReorg|TestFaultInjectionReorgPersistsAfterNodeRestart -count 1
ended_at=2026-06-16T12:52:34.8110603+08:00
duration_seconds=6.281
exit_code=0
--- output ---
ok  	solana_golang/blockchain	2.028s


## p2p fault network routing
started_at=2026-06-16T12:52:34.8126031+08:00
command=go test .\p2p -run TestFaultInjection|TestHostHeartbeatClosesExpiredConnection|TestHostRequestRetries|TestHostDialPeerBacksOff|TestHostRateLimitsInboundMessages|TestPeerProtection|TestQueuedConnection|TestConnectionMessageSequencer -count 1
ended_at=2026-06-16T12:52:38.5146958+08:00
duration_seconds=3.702
exit_code=0
--- output ---
ok  	solana_golang/p2p	1.695s


## privacy audit confidential flow
started_at=2026-06-16T12:52:38.5162042+08:00
command=go test .\programs\privacy .\zk .\runtime -count 1
ended_at=2026-06-16T12:52:41.2717953+08:00
duration_seconds=2.756
exit_code=0
--- output ---
ok  	solana_golang/programs/privacy	1.348s
ok  	solana_golang/zk	0.983s
ok  	solana_golang/runtime	1.513s


## consensus business stake vote reward
started_at=2026-06-16T12:52:41.2739642+08:00
command=go test .\consensus -run TestPoSRealAccountStakeVoteAndBlockFlow|TestValidatorJoinsOnlyAfterRegisterStakeTransaction|TestStageBusiness|TestApplyBlockRewards|TestFaultInjectionLeaderOfflineFormsSkipQC|TestBLS -count 1
ended_at=2026-06-16T12:52:43.4823586+08:00
duration_seconds=2.208
exit_code=0
--- output ---
ok  	solana_golang/consensus	1.039s


## posnode rpc turbine sync
started_at=2026-06-16T12:52:43.4838739+08:00
command=go test .\cmd\posnode -run TestHTTPJSONRPC|TestStageBusinessRPC|TestConsensusStatus|TestTurbine|TestTransactionFastPath|TestFaultInjection|TestAddTransaction|TestVerifyQuorumCertificate -count 1
ended_at=2026-06-16T12:52:49.7805289+08:00
duration_seconds=6.297
exit_code=0
--- output ---
ok  	solana_golang/cmd/posnode	2.090s


## blockchain reorg persistence
started_at=2026-06-16T12:52:49.7820682+08:00
command=go test .\blockchain -run TestBuildGenesisStateCreatesTreasuryAndValidators|TestLedgerCommitPersistsAndReloads|TestLedgerReorganizeToBetterFork|TestStageBusinessFinalizedBlocksRejectDeepReorg|TestFaultInjectionReorgPersistsAfterNodeRestart -count 1
ended_at=2026-06-16T12:52:55.7823098+08:00
duration_seconds=6
exit_code=0
--- output ---
ok  	solana_golang/blockchain	2.028s


## p2p fault network routing
started_at=2026-06-16T12:52:55.7838655+08:00
command=go test .\p2p -run TestFaultInjection|TestHostHeartbeatClosesExpiredConnection|TestHostRequestRetries|TestHostDialPeerBacksOff|TestHostRateLimitsInboundMessages|TestPeerProtection|TestQueuedConnection|TestConnectionMessageSequencer -count 1
ended_at=2026-06-16T12:52:59.2518594+08:00
duration_seconds=3.468
exit_code=0
--- output ---
ok  	solana_golang/p2p	1.989s


## privacy audit confidential flow
started_at=2026-06-16T12:52:59.2534055+08:00
command=go test .\programs\privacy .\zk .\runtime -count 1
ended_at=2026-06-16T12:53:01.9722659+08:00
duration_seconds=2.719
exit_code=0
--- output ---
ok  	solana_golang/programs/privacy	1.368s
ok  	solana_golang/zk	0.958s
ok  	solana_golang/runtime	1.548s


## consensus business stake vote reward
started_at=2026-06-16T12:53:01.9747748+08:00
command=go test .\consensus -run TestPoSRealAccountStakeVoteAndBlockFlow|TestValidatorJoinsOnlyAfterRegisterStakeTransaction|TestStageBusiness|TestApplyBlockRewards|TestFaultInjectionLeaderOfflineFormsSkipQC|TestBLS -count 1
ended_at=2026-06-16T12:53:04.1811184+08:00
duration_seconds=2.206
exit_code=0
--- output ---
ok  	solana_golang/consensus	0.994s


## posnode rpc turbine sync
started_at=2026-06-16T12:53:04.1821673+08:00
command=go test .\cmd\posnode -run TestHTTPJSONRPC|TestStageBusinessRPC|TestConsensusStatus|TestTurbine|TestTransactionFastPath|TestFaultInjection|TestAddTransaction|TestVerifyQuorumCertificate -count 1
ended_at=2026-06-16T12:53:10.9872258+08:00
duration_seconds=6.805
exit_code=0
--- output ---
ok  	solana_golang/cmd/posnode	1.985s


## blockchain reorg persistence
started_at=2026-06-16T12:53:10.9892418+08:00
command=go test .\blockchain -run TestBuildGenesisStateCreatesTreasuryAndValidators|TestLedgerCommitPersistsAndReloads|TestLedgerReorganizeToBetterFork|TestStageBusinessFinalizedBlocksRejectDeepReorg|TestFaultInjectionReorgPersistsAfterNodeRestart -count 1
ended_at=2026-06-16T12:53:17.3459527+08:00
duration_seconds=6.357
exit_code=0
--- output ---
ok  	solana_golang/blockchain	2.066s


## p2p fault network routing
started_at=2026-06-16T12:53:17.3474680+08:00
command=go test .\p2p -run TestFaultInjection|TestHostHeartbeatClosesExpiredConnection|TestHostRequestRetries|TestHostDialPeerBacksOff|TestHostRateLimitsInboundMessages|TestPeerProtection|TestQueuedConnection|TestConnectionMessageSequencer -count 1
ended_at=2026-06-16T12:53:20.9712723+08:00
duration_seconds=3.624
exit_code=0
--- output ---
ok  	solana_golang/p2p	2.188s


## privacy audit confidential flow
started_at=2026-06-16T12:53:20.9727805+08:00
command=go test .\programs\privacy .\zk .\runtime -count 1
ended_at=2026-06-16T12:53:23.7931997+08:00
duration_seconds=2.82
exit_code=0
--- output ---
ok  	solana_golang/programs/privacy	1.374s
ok  	solana_golang/zk	0.995s
ok  	solana_golang/runtime	1.569s


## consensus business stake vote reward
started_at=2026-06-16T12:53:23.7947071+08:00
command=go test .\consensus -run TestPoSRealAccountStakeVoteAndBlockFlow|TestValidatorJoinsOnlyAfterRegisterStakeTransaction|TestStageBusiness|TestApplyBlockRewards|TestFaultInjectionLeaderOfflineFormsSkipQC|TestBLS -count 1
ended_at=2026-06-16T12:53:26.2043019+08:00
duration_seconds=2.41
exit_code=0
--- output ---
ok  	solana_golang/consensus	1.200s


## posnode rpc turbine sync
started_at=2026-06-16T12:53:26.2058092+08:00
command=go test .\cmd\posnode -run TestHTTPJSONRPC|TestStageBusinessRPC|TestConsensusStatus|TestTurbine|TestTransactionFastPath|TestFaultInjection|TestAddTransaction|TestVerifyQuorumCertificate -count 1
ended_at=2026-06-16T12:53:32.7886698+08:00
duration_seconds=6.583
exit_code=0
--- output ---
ok  	solana_golang/cmd/posnode	1.937s


## blockchain reorg persistence
started_at=2026-06-16T12:53:32.7901793+08:00
command=go test .\blockchain -run TestBuildGenesisStateCreatesTreasuryAndValidators|TestLedgerCommitPersistsAndReloads|TestLedgerReorganizeToBetterFork|TestStageBusinessFinalizedBlocksRejectDeepReorg|TestFaultInjectionReorgPersistsAfterNodeRestart -count 1
ended_at=2026-06-16T12:53:39.1049703+08:00
duration_seconds=6.315
exit_code=0
--- output ---
ok  	solana_golang/blockchain	2.048s


## p2p fault network routing
started_at=2026-06-16T12:53:39.1064776+08:00
command=go test .\p2p -run TestFaultInjection|TestHostHeartbeatClosesExpiredConnection|TestHostRequestRetries|TestHostDialPeerBacksOff|TestHostRateLimitsInboundMessages|TestPeerProtection|TestQueuedConnection|TestConnectionMessageSequencer -count 1
ended_at=2026-06-16T12:53:42.4247957+08:00
duration_seconds=3.318
exit_code=0
--- output ---
ok  	solana_golang/p2p	1.867s


## privacy audit confidential flow
started_at=2026-06-16T12:53:42.4263553+08:00
command=go test .\programs\privacy .\zk .\runtime -count 1
ended_at=2026-06-16T12:53:44.9643937+08:00
duration_seconds=2.538
exit_code=0
--- output ---
ok  	solana_golang/programs/privacy	1.435s
ok  	solana_golang/zk	1.021s
ok  	solana_golang/runtime	1.562s


phase_ended_at=2026-06-16T12:53:44.9652745+08:00
phase_duration_seconds=314.301
cycles=14
