phase=business
round=12
minutes=5
started_at=2026-06-16T12:58:46.8868258+08:00

## consensus business stake vote reward
started_at=2026-06-16T12:58:46.8956955+08:00
command=go test .\consensus -run TestPoSRealAccountStakeVoteAndBlockFlow|TestValidatorJoinsOnlyAfterRegisterStakeTransaction|TestStageBusiness|TestApplyBlockRewards|TestFaultInjectionLeaderOfflineFormsSkipQC|TestBLS -count 1
ended_at=2026-06-16T12:58:49.3772940+08:00
duration_seconds=2.482
exit_code=0
--- output ---
ok  	solana_golang/consensus	1.098s


## posnode rpc turbine sync
started_at=2026-06-16T12:58:49.3793082+08:00
command=go test .\cmd\posnode -run TestHTTPJSONRPC|TestStageBusinessRPC|TestConsensusStatus|TestTurbine|TestTransactionFastPath|TestFaultInjection|TestAddTransaction|TestVerifyQuorumCertificate -count 1
ended_at=2026-06-16T12:58:55.9283053+08:00
duration_seconds=6.549
exit_code=0
--- output ---
ok  	solana_golang/cmd/posnode	2.012s


## blockchain reorg persistence
started_at=2026-06-16T12:58:55.9303519+08:00
command=go test .\blockchain -run TestBuildGenesisStateCreatesTreasuryAndValidators|TestLedgerCommitPersistsAndReloads|TestLedgerReorganizeToBetterFork|TestStageBusinessFinalizedBlocksRejectDeepReorg|TestFaultInjectionReorgPersistsAfterNodeRestart -count 1
ended_at=2026-06-16T12:59:01.6863370+08:00
duration_seconds=5.756
exit_code=0
--- output ---
ok  	solana_golang/blockchain	1.829s


## p2p fault network routing
started_at=2026-06-16T12:59:01.6878451+08:00
command=go test .\p2p -run TestFaultInjection|TestHostHeartbeatClosesExpiredConnection|TestHostRequestRetries|TestHostDialPeerBacksOff|TestHostRateLimitsInboundMessages|TestPeerProtection|TestQueuedConnection|TestConnectionMessageSequencer -count 1
ended_at=2026-06-16T12:59:05.2273922+08:00
duration_seconds=3.54
exit_code=0
--- output ---
ok  	solana_golang/p2p	1.933s


## privacy audit confidential flow
started_at=2026-06-16T12:59:05.2294470+08:00
command=go test .\programs\privacy .\zk .\runtime -count 1
ended_at=2026-06-16T12:59:08.0733892+08:00
duration_seconds=2.844
exit_code=0
--- output ---
ok  	solana_golang/programs/privacy	1.409s
ok  	solana_golang/zk	1.040s
ok  	solana_golang/runtime	1.577s


## consensus business stake vote reward
started_at=2026-06-16T12:59:08.0748979+08:00
command=go test .\consensus -run TestPoSRealAccountStakeVoteAndBlockFlow|TestValidatorJoinsOnlyAfterRegisterStakeTransaction|TestStageBusiness|TestApplyBlockRewards|TestFaultInjectionLeaderOfflineFormsSkipQC|TestBLS -count 1
ended_at=2026-06-16T12:59:10.9244674+08:00
duration_seconds=2.85
exit_code=0
--- output ---
ok  	solana_golang/consensus	1.047s


## posnode rpc turbine sync
started_at=2026-06-16T12:59:10.9259812+08:00
command=go test .\cmd\posnode -run TestHTTPJSONRPC|TestStageBusinessRPC|TestConsensusStatus|TestTurbine|TestTransactionFastPath|TestFaultInjection|TestAddTransaction|TestVerifyQuorumCertificate -count 1
ended_at=2026-06-16T12:59:17.3313134+08:00
duration_seconds=6.405
exit_code=0
--- output ---
ok  	solana_golang/cmd/posnode	1.854s


## blockchain reorg persistence
started_at=2026-06-16T12:59:17.3333432+08:00
command=go test .\blockchain -run TestBuildGenesisStateCreatesTreasuryAndValidators|TestLedgerCommitPersistsAndReloads|TestLedgerReorganizeToBetterFork|TestStageBusinessFinalizedBlocksRejectDeepReorg|TestFaultInjectionReorgPersistsAfterNodeRestart -count 1
ended_at=2026-06-16T12:59:23.7355992+08:00
duration_seconds=6.402
exit_code=0
--- output ---
ok  	solana_golang/blockchain	1.701s


## p2p fault network routing
started_at=2026-06-16T12:59:23.7377395+08:00
command=go test .\p2p -run TestFaultInjection|TestHostHeartbeatClosesExpiredConnection|TestHostRequestRetries|TestHostDialPeerBacksOff|TestHostRateLimitsInboundMessages|TestPeerProtection|TestQueuedConnection|TestConnectionMessageSequencer -count 1
ended_at=2026-06-16T12:59:27.7781496+08:00
duration_seconds=4.04
exit_code=0
--- output ---
ok  	solana_golang/p2p	2.468s


## privacy audit confidential flow
started_at=2026-06-16T12:59:27.7796624+08:00
command=go test .\programs\privacy .\zk .\runtime -count 1
ended_at=2026-06-16T12:59:30.1940522+08:00
duration_seconds=2.414
exit_code=0
--- output ---
ok  	solana_golang/programs/privacy	0.997s
ok  	solana_golang/zk	1.366s
ok  	solana_golang/runtime	1.273s


## consensus business stake vote reward
started_at=2026-06-16T12:59:30.1965667+08:00
command=go test .\consensus -run TestPoSRealAccountStakeVoteAndBlockFlow|TestValidatorJoinsOnlyAfterRegisterStakeTransaction|TestStageBusiness|TestApplyBlockRewards|TestFaultInjectionLeaderOfflineFormsSkipQC|TestBLS -count 1
ended_at=2026-06-16T12:59:32.6206034+08:00
duration_seconds=2.424
exit_code=0
--- output ---
ok  	solana_golang/consensus	1.034s


## posnode rpc turbine sync
started_at=2026-06-16T12:59:32.6221179+08:00
command=go test .\cmd\posnode -run TestHTTPJSONRPC|TestStageBusinessRPC|TestConsensusStatus|TestTurbine|TestTransactionFastPath|TestFaultInjection|TestAddTransaction|TestVerifyQuorumCertificate -count 1
ended_at=2026-06-16T12:59:38.6077475+08:00
duration_seconds=5.986
exit_code=0
--- output ---
ok  	solana_golang/cmd/posnode	2.011s


## blockchain reorg persistence
started_at=2026-06-16T12:59:38.6097895+08:00
command=go test .\blockchain -run TestBuildGenesisStateCreatesTreasuryAndValidators|TestLedgerCommitPersistsAndReloads|TestLedgerReorganizeToBetterFork|TestStageBusinessFinalizedBlocksRejectDeepReorg|TestFaultInjectionReorgPersistsAfterNodeRestart -count 1
ended_at=2026-06-16T12:59:44.9160662+08:00
duration_seconds=6.306
exit_code=0
--- output ---
ok  	solana_golang/blockchain	2.028s


## p2p fault network routing
started_at=2026-06-16T12:59:44.9175855+08:00
command=go test .\p2p -run TestFaultInjection|TestHostHeartbeatClosesExpiredConnection|TestHostRequestRetries|TestHostDialPeerBacksOff|TestHostRateLimitsInboundMessages|TestPeerProtection|TestQueuedConnection|TestConnectionMessageSequencer -count 1
ended_at=2026-06-16T12:59:48.4545517+08:00
duration_seconds=3.537
exit_code=0
--- output ---
ok  	solana_golang/p2p	2.007s


## privacy audit confidential flow
started_at=2026-06-16T12:59:48.4565701+08:00
command=go test .\programs\privacy .\zk .\runtime -count 1
ended_at=2026-06-16T12:59:51.3297141+08:00
duration_seconds=2.873
exit_code=0
--- output ---
ok  	solana_golang/programs/privacy	1.038s
ok  	solana_golang/zk	1.449s
ok  	solana_golang/runtime	1.627s


## consensus business stake vote reward
started_at=2026-06-16T12:59:51.3313181+08:00
command=go test .\consensus -run TestPoSRealAccountStakeVoteAndBlockFlow|TestValidatorJoinsOnlyAfterRegisterStakeTransaction|TestStageBusiness|TestApplyBlockRewards|TestFaultInjectionLeaderOfflineFormsSkipQC|TestBLS -count 1
ended_at=2026-06-16T12:59:53.6139959+08:00
duration_seconds=2.283
exit_code=0
--- output ---
ok  	solana_golang/consensus	1.083s


## posnode rpc turbine sync
started_at=2026-06-16T12:59:53.6165148+08:00
command=go test .\cmd\posnode -run TestHTTPJSONRPC|TestStageBusinessRPC|TestConsensusStatus|TestTurbine|TestTransactionFastPath|TestFaultInjection|TestAddTransaction|TestVerifyQuorumCertificate -count 1
ended_at=2026-06-16T13:00:00.0639231+08:00
duration_seconds=6.447
exit_code=0
--- output ---
ok  	solana_golang/cmd/posnode	1.933s


## blockchain reorg persistence
started_at=2026-06-16T13:00:00.0649541+08:00
command=go test .\blockchain -run TestBuildGenesisStateCreatesTreasuryAndValidators|TestLedgerCommitPersistsAndReloads|TestLedgerReorganizeToBetterFork|TestStageBusinessFinalizedBlocksRejectDeepReorg|TestFaultInjectionReorgPersistsAfterNodeRestart -count 1
ended_at=2026-06-16T13:00:06.2226931+08:00
duration_seconds=6.158
exit_code=0
--- output ---
ok  	solana_golang/blockchain	1.965s


## p2p fault network routing
started_at=2026-06-16T13:00:06.2242068+08:00
command=go test .\p2p -run TestFaultInjection|TestHostHeartbeatClosesExpiredConnection|TestHostRequestRetries|TestHostDialPeerBacksOff|TestHostRateLimitsInboundMessages|TestPeerProtection|TestQueuedConnection|TestConnectionMessageSequencer -count 1
ended_at=2026-06-16T13:00:09.8973931+08:00
duration_seconds=3.673
exit_code=0
--- output ---
ok  	solana_golang/p2p	2.111s


## privacy audit confidential flow
started_at=2026-06-16T13:00:09.8984150+08:00
command=go test .\programs\privacy .\zk .\runtime -count 1
ended_at=2026-06-16T13:00:12.7174898+08:00
duration_seconds=2.819
exit_code=0
--- output ---
ok  	solana_golang/programs/privacy	1.420s
ok  	solana_golang/zk	1.020s
ok  	solana_golang/runtime	1.576s


## consensus business stake vote reward
started_at=2026-06-16T13:00:12.7195128+08:00
command=go test .\consensus -run TestPoSRealAccountStakeVoteAndBlockFlow|TestValidatorJoinsOnlyAfterRegisterStakeTransaction|TestStageBusiness|TestApplyBlockRewards|TestFaultInjectionLeaderOfflineFormsSkipQC|TestBLS -count 1
ended_at=2026-06-16T13:00:15.0245720+08:00
duration_seconds=2.305
exit_code=0
--- output ---
ok  	solana_golang/consensus	0.977s


## posnode rpc turbine sync
started_at=2026-06-16T13:00:15.0258929+08:00
command=go test .\cmd\posnode -run TestHTTPJSONRPC|TestStageBusinessRPC|TestConsensusStatus|TestTurbine|TestTransactionFastPath|TestFaultInjection|TestAddTransaction|TestVerifyQuorumCertificate -count 1
ended_at=2026-06-16T13:00:21.7016043+08:00
duration_seconds=6.676
exit_code=0
--- output ---
ok  	solana_golang/cmd/posnode	2.010s


## blockchain reorg persistence
started_at=2026-06-16T13:00:21.7036330+08:00
command=go test .\blockchain -run TestBuildGenesisStateCreatesTreasuryAndValidators|TestLedgerCommitPersistsAndReloads|TestLedgerReorganizeToBetterFork|TestStageBusinessFinalizedBlocksRejectDeepReorg|TestFaultInjectionReorgPersistsAfterNodeRestart -count 1
ended_at=2026-06-16T13:00:28.0520418+08:00
duration_seconds=6.348
exit_code=0
--- output ---
ok  	solana_golang/blockchain	1.780s


## p2p fault network routing
started_at=2026-06-16T13:00:28.0536144+08:00
command=go test .\p2p -run TestFaultInjection|TestHostHeartbeatClosesExpiredConnection|TestHostRequestRetries|TestHostDialPeerBacksOff|TestHostRateLimitsInboundMessages|TestPeerProtection|TestQueuedConnection|TestConnectionMessageSequencer -count 1
ended_at=2026-06-16T13:00:32.1952517+08:00
duration_seconds=4.142
exit_code=0
--- output ---
ok  	solana_golang/p2p	2.457s


## privacy audit confidential flow
started_at=2026-06-16T13:00:32.1969584+08:00
command=go test .\programs\privacy .\zk .\runtime -count 1
ended_at=2026-06-16T13:00:34.7530416+08:00
duration_seconds=2.556
exit_code=0
--- output ---
ok  	solana_golang/programs/privacy	0.977s
ok  	solana_golang/zk	1.450s
ok  	solana_golang/runtime	1.362s


## consensus business stake vote reward
started_at=2026-06-16T13:00:34.7545548+08:00
command=go test .\consensus -run TestPoSRealAccountStakeVoteAndBlockFlow|TestValidatorJoinsOnlyAfterRegisterStakeTransaction|TestStageBusiness|TestApplyBlockRewards|TestFaultInjectionLeaderOfflineFormsSkipQC|TestBLS -count 1
ended_at=2026-06-16T13:00:36.9069489+08:00
duration_seconds=2.152
exit_code=0
--- output ---
ok  	solana_golang/consensus	0.953s


## posnode rpc turbine sync
started_at=2026-06-16T13:00:36.9084831+08:00
command=go test .\cmd\posnode -run TestHTTPJSONRPC|TestStageBusinessRPC|TestConsensusStatus|TestTurbine|TestTransactionFastPath|TestFaultInjection|TestAddTransaction|TestVerifyQuorumCertificate -count 1
ended_at=2026-06-16T13:00:43.5273242+08:00
duration_seconds=6.619
exit_code=0
--- output ---
ok  	solana_golang/cmd/posnode	1.987s


## blockchain reorg persistence
started_at=2026-06-16T13:00:43.5288306+08:00
command=go test .\blockchain -run TestBuildGenesisStateCreatesTreasuryAndValidators|TestLedgerCommitPersistsAndReloads|TestLedgerReorganizeToBetterFork|TestStageBusinessFinalizedBlocksRejectDeepReorg|TestFaultInjectionReorgPersistsAfterNodeRestart -count 1
ended_at=2026-06-16T13:00:49.7278655+08:00
duration_seconds=6.199
exit_code=0
--- output ---
ok  	solana_golang/blockchain	1.908s


## p2p fault network routing
started_at=2026-06-16T13:00:49.7294203+08:00
command=go test .\p2p -run TestFaultInjection|TestHostHeartbeatClosesExpiredConnection|TestHostRequestRetries|TestHostDialPeerBacksOff|TestHostRateLimitsInboundMessages|TestPeerProtection|TestQueuedConnection|TestConnectionMessageSequencer -count 1
ended_at=2026-06-16T13:00:53.3711336+08:00
duration_seconds=3.642
exit_code=0
--- output ---
ok  	solana_golang/p2p	2.143s


## privacy audit confidential flow
started_at=2026-06-16T13:00:53.3731589+08:00
command=go test .\programs\privacy .\zk .\runtime -count 1
ended_at=2026-06-16T13:00:56.5167227+08:00
duration_seconds=3.144
exit_code=0
--- output ---
ok  	solana_golang/programs/privacy	1.512s
ok  	solana_golang/zk	1.091s
ok  	solana_golang/runtime	1.624s


## consensus business stake vote reward
started_at=2026-06-16T13:00:56.5187404+08:00
command=go test .\consensus -run TestPoSRealAccountStakeVoteAndBlockFlow|TestValidatorJoinsOnlyAfterRegisterStakeTransaction|TestStageBusiness|TestApplyBlockRewards|TestFaultInjectionLeaderOfflineFormsSkipQC|TestBLS -count 1
ended_at=2026-06-16T13:00:58.8372046+08:00
duration_seconds=2.318
exit_code=0
--- output ---
ok  	solana_golang/consensus	1.083s


## posnode rpc turbine sync
started_at=2026-06-16T13:00:58.8387129+08:00
command=go test .\cmd\posnode -run TestHTTPJSONRPC|TestStageBusinessRPC|TestConsensusStatus|TestTurbine|TestTransactionFastPath|TestFaultInjection|TestAddTransaction|TestVerifyQuorumCertificate -count 1
ended_at=2026-06-16T13:01:05.4730788+08:00
duration_seconds=6.634
exit_code=0
--- output ---
ok  	solana_golang/cmd/posnode	1.898s


## blockchain reorg persistence
started_at=2026-06-16T13:01:05.4745838+08:00
command=go test .\blockchain -run TestBuildGenesisStateCreatesTreasuryAndValidators|TestLedgerCommitPersistsAndReloads|TestLedgerReorganizeToBetterFork|TestStageBusinessFinalizedBlocksRejectDeepReorg|TestFaultInjectionReorgPersistsAfterNodeRestart -count 1
ended_at=2026-06-16T13:01:11.3486917+08:00
duration_seconds=5.874
exit_code=0
--- output ---
ok  	solana_golang/blockchain	1.855s


## p2p fault network routing
started_at=2026-06-16T13:01:11.3501966+08:00
command=go test .\p2p -run TestFaultInjection|TestHostHeartbeatClosesExpiredConnection|TestHostRequestRetries|TestHostDialPeerBacksOff|TestHostRateLimitsInboundMessages|TestPeerProtection|TestQueuedConnection|TestConnectionMessageSequencer -count 1
ended_at=2026-06-16T13:01:14.7848788+08:00
duration_seconds=3.435
exit_code=0
--- output ---
ok  	solana_golang/p2p	1.970s


## privacy audit confidential flow
started_at=2026-06-16T13:01:14.7988652+08:00
command=go test .\programs\privacy .\zk .\runtime -count 1
ended_at=2026-06-16T13:01:17.6176628+08:00
duration_seconds=2.819
exit_code=0
--- output ---
ok  	solana_golang/programs/privacy	1.447s
ok  	solana_golang/zk	1.065s
ok  	solana_golang/runtime	1.684s


## consensus business stake vote reward
started_at=2026-06-16T13:01:17.6347986+08:00
command=go test .\consensus -run TestPoSRealAccountStakeVoteAndBlockFlow|TestValidatorJoinsOnlyAfterRegisterStakeTransaction|TestStageBusiness|TestApplyBlockRewards|TestFaultInjectionLeaderOfflineFormsSkipQC|TestBLS -count 1
ended_at=2026-06-16T13:01:20.1194282+08:00
duration_seconds=2.485
exit_code=0
--- output ---
ok  	solana_golang/consensus	1.025s


## posnode rpc turbine sync
started_at=2026-06-16T13:01:20.1224431+08:00
command=go test .\cmd\posnode -run TestHTTPJSONRPC|TestStageBusinessRPC|TestConsensusStatus|TestTurbine|TestTransactionFastPath|TestFaultInjection|TestAddTransaction|TestVerifyQuorumCertificate -count 1
ended_at=2026-06-16T13:01:26.6681510+08:00
duration_seconds=6.546
exit_code=0
--- output ---
ok  	solana_golang/cmd/posnode	1.912s


## blockchain reorg persistence
started_at=2026-06-16T13:01:26.6696586+08:00
command=go test .\blockchain -run TestBuildGenesisStateCreatesTreasuryAndValidators|TestLedgerCommitPersistsAndReloads|TestLedgerReorganizeToBetterFork|TestStageBusinessFinalizedBlocksRejectDeepReorg|TestFaultInjectionReorgPersistsAfterNodeRestart -count 1
ended_at=2026-06-16T13:01:32.7479288+08:00
duration_seconds=6.078
exit_code=0
--- output ---
ok  	solana_golang/blockchain	1.927s


## p2p fault network routing
started_at=2026-06-16T13:01:32.7494346+08:00
command=go test .\p2p -run TestFaultInjection|TestHostHeartbeatClosesExpiredConnection|TestHostRequestRetries|TestHostDialPeerBacksOff|TestHostRateLimitsInboundMessages|TestPeerProtection|TestQueuedConnection|TestConnectionMessageSequencer -count 1
ended_at=2026-06-16T13:01:36.1012035+08:00
duration_seconds=3.352
exit_code=0
--- output ---
ok  	solana_golang/p2p	1.759s


## privacy audit confidential flow
started_at=2026-06-16T13:01:36.1027130+08:00
command=go test .\programs\privacy .\zk .\runtime -count 1
ended_at=2026-06-16T13:01:38.9111561+08:00
duration_seconds=2.808
exit_code=0
--- output ---
ok  	solana_golang/programs/privacy	1.334s
ok  	solana_golang/zk	1.101s
ok  	solana_golang/runtime	1.541s


## consensus business stake vote reward
started_at=2026-06-16T13:01:38.9126685+08:00
command=go test .\consensus -run TestPoSRealAccountStakeVoteAndBlockFlow|TestValidatorJoinsOnlyAfterRegisterStakeTransaction|TestStageBusiness|TestApplyBlockRewards|TestFaultInjectionLeaderOfflineFormsSkipQC|TestBLS -count 1
ended_at=2026-06-16T13:01:41.1204848+08:00
duration_seconds=2.208
exit_code=0
--- output ---
ok  	solana_golang/consensus	0.985s


## posnode rpc turbine sync
started_at=2026-06-16T13:01:41.1219928+08:00
command=go test .\cmd\posnode -run TestHTTPJSONRPC|TestStageBusinessRPC|TestConsensusStatus|TestTurbine|TestTransactionFastPath|TestFaultInjection|TestAddTransaction|TestVerifyQuorumCertificate -count 1
ended_at=2026-06-16T13:01:47.8352754+08:00
duration_seconds=6.713
exit_code=0
--- output ---
ok  	solana_golang/cmd/posnode	2.012s


## blockchain reorg persistence
started_at=2026-06-16T13:01:47.8367897+08:00
command=go test .\blockchain -run TestBuildGenesisStateCreatesTreasuryAndValidators|TestLedgerCommitPersistsAndReloads|TestLedgerReorganizeToBetterFork|TestStageBusinessFinalizedBlocksRejectDeepReorg|TestFaultInjectionReorgPersistsAfterNodeRestart -count 1
ended_at=2026-06-16T13:01:54.0180522+08:00
duration_seconds=6.181
exit_code=0
--- output ---
ok  	solana_golang/blockchain	1.921s


## p2p fault network routing
started_at=2026-06-16T13:01:54.0196468+08:00
command=go test .\p2p -run TestFaultInjection|TestHostHeartbeatClosesExpiredConnection|TestHostRequestRetries|TestHostDialPeerBacksOff|TestHostRateLimitsInboundMessages|TestPeerProtection|TestQueuedConnection|TestConnectionMessageSequencer -count 1
ended_at=2026-06-16T13:01:58.5212151+08:00
duration_seconds=4.502
exit_code=0
--- output ---
ok  	solana_golang/p2p	2.444s


## privacy audit confidential flow
started_at=2026-06-16T13:01:58.5227318+08:00
command=go test .\programs\privacy .\zk .\runtime -count 1
ended_at=2026-06-16T13:02:00.9744248+08:00
duration_seconds=2.452
exit_code=0
--- output ---
ok  	solana_golang/programs/privacy	1.160s
ok  	solana_golang/zk	1.088s
ok  	solana_golang/runtime	1.249s


## consensus business stake vote reward
started_at=2026-06-16T13:02:00.9890107+08:00
command=go test .\consensus -run TestPoSRealAccountStakeVoteAndBlockFlow|TestValidatorJoinsOnlyAfterRegisterStakeTransaction|TestStageBusiness|TestApplyBlockRewards|TestFaultInjectionLeaderOfflineFormsSkipQC|TestBLS -count 1
ended_at=2026-06-16T13:02:03.1562679+08:00
duration_seconds=2.167
exit_code=0
--- output ---
ok  	solana_golang/consensus	0.976s


## posnode rpc turbine sync
started_at=2026-06-16T13:02:03.1587815+08:00
command=go test .\cmd\posnode -run TestHTTPJSONRPC|TestStageBusinessRPC|TestConsensusStatus|TestTurbine|TestTransactionFastPath|TestFaultInjection|TestAddTransaction|TestVerifyQuorumCertificate -count 1
ended_at=2026-06-16T13:02:09.7545505+08:00
duration_seconds=6.596
exit_code=0
--- output ---
ok  	solana_golang/cmd/posnode	1.985s


## blockchain reorg persistence
started_at=2026-06-16T13:02:09.7560585+08:00
command=go test .\blockchain -run TestBuildGenesisStateCreatesTreasuryAndValidators|TestLedgerCommitPersistsAndReloads|TestLedgerReorganizeToBetterFork|TestStageBusinessFinalizedBlocksRejectDeepReorg|TestFaultInjectionReorgPersistsAfterNodeRestart -count 1
ended_at=2026-06-16T13:02:15.9810447+08:00
duration_seconds=6.225
exit_code=0
--- output ---
ok  	solana_golang/blockchain	1.911s


## p2p fault network routing
started_at=2026-06-16T13:02:15.9936540+08:00
command=go test .\p2p -run TestFaultInjection|TestHostHeartbeatClosesExpiredConnection|TestHostRequestRetries|TestHostDialPeerBacksOff|TestHostRateLimitsInboundMessages|TestPeerProtection|TestQueuedConnection|TestConnectionMessageSequencer -count 1
ended_at=2026-06-16T13:02:19.6489346+08:00
duration_seconds=3.655
exit_code=0
--- output ---
ok  	solana_golang/p2p	2.123s


## privacy audit confidential flow
started_at=2026-06-16T13:02:19.6511225+08:00
command=go test .\programs\privacy .\zk .\runtime -count 1
ended_at=2026-06-16T13:02:22.7915642+08:00
duration_seconds=3.14
exit_code=0
--- output ---
ok  	solana_golang/programs/privacy	1.427s
ok  	solana_golang/zk	1.035s
ok  	solana_golang/runtime	1.554s


## consensus business stake vote reward
started_at=2026-06-16T13:02:22.7930906+08:00
command=go test .\consensus -run TestPoSRealAccountStakeVoteAndBlockFlow|TestValidatorJoinsOnlyAfterRegisterStakeTransaction|TestStageBusiness|TestApplyBlockRewards|TestFaultInjectionLeaderOfflineFormsSkipQC|TestBLS -count 1
ended_at=2026-06-16T13:02:24.9690215+08:00
duration_seconds=2.176
exit_code=0
--- output ---
ok  	solana_golang/consensus	1.060s


## posnode rpc turbine sync
started_at=2026-06-16T13:02:24.9715480+08:00
command=go test .\cmd\posnode -run TestHTTPJSONRPC|TestStageBusinessRPC|TestConsensusStatus|TestTurbine|TestTransactionFastPath|TestFaultInjection|TestAddTransaction|TestVerifyQuorumCertificate -count 1
ended_at=2026-06-16T13:02:31.3068905+08:00
duration_seconds=6.335
exit_code=0
--- output ---
ok  	solana_golang/cmd/posnode	1.927s


## blockchain reorg persistence
started_at=2026-06-16T13:02:31.3084404+08:00
command=go test .\blockchain -run TestBuildGenesisStateCreatesTreasuryAndValidators|TestLedgerCommitPersistsAndReloads|TestLedgerReorganizeToBetterFork|TestStageBusinessFinalizedBlocksRejectDeepReorg|TestFaultInjectionReorgPersistsAfterNodeRestart -count 1
ended_at=2026-06-16T13:02:37.4390873+08:00
duration_seconds=6.131
exit_code=0
--- output ---
ok  	solana_golang/blockchain	1.808s


## p2p fault network routing
started_at=2026-06-16T13:02:37.4421282+08:00
command=go test .\p2p -run TestFaultInjection|TestHostHeartbeatClosesExpiredConnection|TestHostRequestRetries|TestHostDialPeerBacksOff|TestHostRateLimitsInboundMessages|TestPeerProtection|TestQueuedConnection|TestConnectionMessageSequencer -count 1
ended_at=2026-06-16T13:02:41.6986083+08:00
duration_seconds=4.256
exit_code=0
--- output ---
ok  	solana_golang/p2p	2.123s


## privacy audit confidential flow
started_at=2026-06-16T13:02:41.7001599+08:00
command=go test .\programs\privacy .\zk .\runtime -count 1
ended_at=2026-06-16T13:02:44.2673410+08:00
duration_seconds=2.567
exit_code=0
--- output ---
ok  	solana_golang/programs/privacy	0.917s
ok  	solana_golang/zk	1.320s
ok  	solana_golang/runtime	1.404s


## consensus business stake vote reward
started_at=2026-06-16T13:02:44.2698620+08:00
command=go test .\consensus -run TestPoSRealAccountStakeVoteAndBlockFlow|TestValidatorJoinsOnlyAfterRegisterStakeTransaction|TestStageBusiness|TestApplyBlockRewards|TestFaultInjectionLeaderOfflineFormsSkipQC|TestBLS -count 1
ended_at=2026-06-16T13:02:46.5447145+08:00
duration_seconds=2.275
exit_code=0
--- output ---
ok  	solana_golang/consensus	1.067s


## posnode rpc turbine sync
started_at=2026-06-16T13:02:46.5462233+08:00
command=go test .\cmd\posnode -run TestHTTPJSONRPC|TestStageBusinessRPC|TestConsensusStatus|TestTurbine|TestTransactionFastPath|TestFaultInjection|TestAddTransaction|TestVerifyQuorumCertificate -count 1
ended_at=2026-06-16T13:02:52.9729321+08:00
duration_seconds=6.427
exit_code=0
--- output ---
ok  	solana_golang/cmd/posnode	1.981s


## blockchain reorg persistence
started_at=2026-06-16T13:02:52.9744380+08:00
command=go test .\blockchain -run TestBuildGenesisStateCreatesTreasuryAndValidators|TestLedgerCommitPersistsAndReloads|TestLedgerReorganizeToBetterFork|TestStageBusinessFinalizedBlocksRejectDeepReorg|TestFaultInjectionReorgPersistsAfterNodeRestart -count 1
ended_at=2026-06-16T13:02:59.1981509+08:00
duration_seconds=6.224
exit_code=0
--- output ---
ok  	solana_golang/blockchain	1.867s


## p2p fault network routing
started_at=2026-06-16T13:02:59.1996618+08:00
command=go test .\p2p -run TestFaultInjection|TestHostHeartbeatClosesExpiredConnection|TestHostRequestRetries|TestHostDialPeerBacksOff|TestHostRateLimitsInboundMessages|TestPeerProtection|TestQueuedConnection|TestConnectionMessageSequencer -count 1
ended_at=2026-06-16T13:03:03.0351410+08:00
duration_seconds=3.835
exit_code=0
--- output ---
ok  	solana_golang/p2p	2.237s


## privacy audit confidential flow
started_at=2026-06-16T13:03:03.0366518+08:00
command=go test .\programs\privacy .\zk .\runtime -count 1
ended_at=2026-06-16T13:03:05.7283993+08:00
duration_seconds=2.692
exit_code=0
--- output ---
ok  	solana_golang/programs/privacy	1.367s
ok  	solana_golang/zk	1.081s
ok  	solana_golang/runtime	1.542s


## consensus business stake vote reward
started_at=2026-06-16T13:03:05.7304181+08:00
command=go test .\consensus -run TestPoSRealAccountStakeVoteAndBlockFlow|TestValidatorJoinsOnlyAfterRegisterStakeTransaction|TestStageBusiness|TestApplyBlockRewards|TestFaultInjectionLeaderOfflineFormsSkipQC|TestBLS -count 1
ended_at=2026-06-16T13:03:07.8946225+08:00
duration_seconds=2.164
exit_code=0
--- output ---
ok  	solana_golang/consensus	1.002s


## posnode rpc turbine sync
started_at=2026-06-16T13:03:07.8961308+08:00
command=go test .\cmd\posnode -run TestHTTPJSONRPC|TestStageBusinessRPC|TestConsensusStatus|TestTurbine|TestTransactionFastPath|TestFaultInjection|TestAddTransaction|TestVerifyQuorumCertificate -count 1
ended_at=2026-06-16T13:03:14.2302119+08:00
duration_seconds=6.334
exit_code=0
--- output ---
ok  	solana_golang/cmd/posnode	1.927s


## blockchain reorg persistence
started_at=2026-06-16T13:03:14.2322615+08:00
command=go test .\blockchain -run TestBuildGenesisStateCreatesTreasuryAndValidators|TestLedgerCommitPersistsAndReloads|TestLedgerReorganizeToBetterFork|TestStageBusinessFinalizedBlocksRejectDeepReorg|TestFaultInjectionReorgPersistsAfterNodeRestart -count 1
ended_at=2026-06-16T13:03:20.3973728+08:00
duration_seconds=6.165
exit_code=0
--- output ---
ok  	solana_golang/blockchain	1.947s


## p2p fault network routing
started_at=2026-06-16T13:03:20.3990089+08:00
command=go test .\p2p -run TestFaultInjection|TestHostHeartbeatClosesExpiredConnection|TestHostRequestRetries|TestHostDialPeerBacksOff|TestHostRateLimitsInboundMessages|TestPeerProtection|TestQueuedConnection|TestConnectionMessageSequencer -count 1
ended_at=2026-06-16T13:03:24.8533500+08:00
duration_seconds=4.454
exit_code=0
--- output ---
ok  	solana_golang/p2p	2.442s


## privacy audit confidential flow
started_at=2026-06-16T13:03:24.8548547+08:00
command=go test .\programs\privacy .\zk .\runtime -count 1
ended_at=2026-06-16T13:03:27.6776927+08:00
duration_seconds=2.823
exit_code=0
--- output ---
ok  	solana_golang/programs/privacy	1.017s
ok  	solana_golang/zk	1.444s
ok  	solana_golang/runtime	1.616s


## consensus business stake vote reward
started_at=2026-06-16T13:03:27.6792029+08:00
command=go test .\consensus -run TestPoSRealAccountStakeVoteAndBlockFlow|TestValidatorJoinsOnlyAfterRegisterStakeTransaction|TestStageBusiness|TestApplyBlockRewards|TestFaultInjectionLeaderOfflineFormsSkipQC|TestBLS -count 1
ended_at=2026-06-16T13:03:29.9397645+08:00
duration_seconds=2.261
exit_code=0
--- output ---
ok  	solana_golang/consensus	1.107s


## posnode rpc turbine sync
started_at=2026-06-16T13:03:29.9412735+08:00
command=go test .\cmd\posnode -run TestHTTPJSONRPC|TestStageBusinessRPC|TestConsensusStatus|TestTurbine|TestTransactionFastPath|TestFaultInjection|TestAddTransaction|TestVerifyQuorumCertificate -count 1
ended_at=2026-06-16T13:03:36.3726425+08:00
duration_seconds=6.431
exit_code=0
--- output ---
ok  	solana_golang/cmd/posnode	1.807s


## blockchain reorg persistence
started_at=2026-06-16T13:03:36.3751511+08:00
command=go test .\blockchain -run TestBuildGenesisStateCreatesTreasuryAndValidators|TestLedgerCommitPersistsAndReloads|TestLedgerReorganizeToBetterFork|TestStageBusinessFinalizedBlocksRejectDeepReorg|TestFaultInjectionReorgPersistsAfterNodeRestart -count 1
ended_at=2026-06-16T13:03:41.9906234+08:00
duration_seconds=5.615
exit_code=0
--- output ---
ok  	solana_golang/blockchain	1.972s


## p2p fault network routing
started_at=2026-06-16T13:03:42.0031986+08:00
command=go test .\p2p -run TestFaultInjection|TestHostHeartbeatClosesExpiredConnection|TestHostRequestRetries|TestHostDialPeerBacksOff|TestHostRateLimitsInboundMessages|TestPeerProtection|TestQueuedConnection|TestConnectionMessageSequencer -count 1
ended_at=2026-06-16T13:03:45.5101452+08:00
duration_seconds=3.507
exit_code=0
--- output ---
ok  	solana_golang/p2p	2.082s


## privacy audit confidential flow
started_at=2026-06-16T13:03:45.5116704+08:00
command=go test .\programs\privacy .\zk .\runtime -count 1
ended_at=2026-06-16T13:03:48.7909025+08:00
duration_seconds=3.279
exit_code=0
--- output ---
ok  	solana_golang/programs/privacy	1.054s
ok  	solana_golang/zk	1.520s
ok  	solana_golang/runtime	1.676s


phase_ended_at=2026-06-16T13:03:48.7914077+08:00
phase_duration_seconds=301.905
cycles=14
