phase=business
round=13
minutes=5
started_at=2026-06-16T13:03:48.7924157+08:00

## consensus business stake vote reward
started_at=2026-06-16T13:03:48.8051880+08:00
command=go test .\consensus -run TestPoSRealAccountStakeVoteAndBlockFlow|TestValidatorJoinsOnlyAfterRegisterStakeTransaction|TestStageBusiness|TestApplyBlockRewards|TestFaultInjectionLeaderOfflineFormsSkipQC|TestBLS -count 1
ended_at=2026-06-16T13:03:51.2080192+08:00
duration_seconds=2.403
exit_code=0
--- output ---
ok  	solana_golang/consensus	1.120s


## posnode rpc turbine sync
started_at=2026-06-16T13:03:51.2095796+08:00
command=go test .\cmd\posnode -run TestHTTPJSONRPC|TestStageBusinessRPC|TestConsensusStatus|TestTurbine|TestTransactionFastPath|TestFaultInjection|TestAddTransaction|TestVerifyQuorumCertificate -count 1
ended_at=2026-06-16T13:03:57.3602068+08:00
duration_seconds=6.151
exit_code=0
--- output ---
ok  	solana_golang/cmd/posnode	1.998s


## blockchain reorg persistence
started_at=2026-06-16T13:03:57.3617432+08:00
command=go test .\blockchain -run TestBuildGenesisStateCreatesTreasuryAndValidators|TestLedgerCommitPersistsAndReloads|TestLedgerReorganizeToBetterFork|TestStageBusinessFinalizedBlocksRejectDeepReorg|TestFaultInjectionReorgPersistsAfterNodeRestart -count 1
ended_at=2026-06-16T13:04:03.4224814+08:00
duration_seconds=6.061
exit_code=0
--- output ---
ok  	solana_golang/blockchain	1.906s


## p2p fault network routing
started_at=2026-06-16T13:04:03.4235159+08:00
command=go test .\p2p -run TestFaultInjection|TestHostHeartbeatClosesExpiredConnection|TestHostRequestRetries|TestHostDialPeerBacksOff|TestHostRateLimitsInboundMessages|TestPeerProtection|TestQueuedConnection|TestConnectionMessageSequencer -count 1
ended_at=2026-06-16T13:04:07.2923257+08:00
duration_seconds=3.869
exit_code=0
--- output ---
ok  	solana_golang/p2p	2.129s


## privacy audit confidential flow
started_at=2026-06-16T13:04:07.2938447+08:00
command=go test .\programs\privacy .\zk .\runtime -count 1
ended_at=2026-06-16T13:04:10.1145447+08:00
duration_seconds=2.821
exit_code=0
--- output ---
ok  	solana_golang/programs/privacy	1.401s
ok  	solana_golang/zk	1.070s
ok  	solana_golang/runtime	1.502s


## consensus business stake vote reward
started_at=2026-06-16T13:04:10.1156530+08:00
command=go test .\consensus -run TestPoSRealAccountStakeVoteAndBlockFlow|TestValidatorJoinsOnlyAfterRegisterStakeTransaction|TestStageBusiness|TestApplyBlockRewards|TestFaultInjectionLeaderOfflineFormsSkipQC|TestBLS -count 1
ended_at=2026-06-16T13:04:13.0471207+08:00
duration_seconds=2.931
exit_code=0
--- output ---
ok  	solana_golang/consensus	1.041s


## posnode rpc turbine sync
started_at=2026-06-16T13:04:13.0486297+08:00
command=go test .\cmd\posnode -run TestHTTPJSONRPC|TestStageBusinessRPC|TestConsensusStatus|TestTurbine|TestTransactionFastPath|TestFaultInjection|TestAddTransaction|TestVerifyQuorumCertificate -count 1
ended_at=2026-06-16T13:04:19.6569898+08:00
duration_seconds=6.608
exit_code=0
--- output ---
ok  	solana_golang/cmd/posnode	1.978s


## blockchain reorg persistence
started_at=2026-06-16T13:04:19.6584976+08:00
command=go test .\blockchain -run TestBuildGenesisStateCreatesTreasuryAndValidators|TestLedgerCommitPersistsAndReloads|TestLedgerReorganizeToBetterFork|TestStageBusinessFinalizedBlocksRejectDeepReorg|TestFaultInjectionReorgPersistsAfterNodeRestart -count 1
ended_at=2026-06-16T13:04:25.9233618+08:00
duration_seconds=6.265
exit_code=0
--- output ---
ok  	solana_golang/blockchain	2.007s


## p2p fault network routing
started_at=2026-06-16T13:04:25.9248883+08:00
command=go test .\p2p -run TestFaultInjection|TestHostHeartbeatClosesExpiredConnection|TestHostRequestRetries|TestHostDialPeerBacksOff|TestHostRateLimitsInboundMessages|TestPeerProtection|TestQueuedConnection|TestConnectionMessageSequencer -count 1
ended_at=2026-06-16T13:04:29.6349825+08:00
duration_seconds=3.71
exit_code=0
--- output ---
ok  	solana_golang/p2p	2.104s


## privacy audit confidential flow
started_at=2026-06-16T13:04:29.6367240+08:00
command=go test .\programs\privacy .\zk .\runtime -count 1
ended_at=2026-06-16T13:04:32.1984797+08:00
duration_seconds=2.562
exit_code=0
--- output ---
ok  	solana_golang/programs/privacy	0.993s
ok  	solana_golang/zk	1.412s
ok  	solana_golang/runtime	1.304s


## consensus business stake vote reward
started_at=2026-06-16T13:04:32.1999989+08:00
command=go test .\consensus -run TestPoSRealAccountStakeVoteAndBlockFlow|TestValidatorJoinsOnlyAfterRegisterStakeTransaction|TestStageBusiness|TestApplyBlockRewards|TestFaultInjectionLeaderOfflineFormsSkipQC|TestBLS -count 1
ended_at=2026-06-16T13:04:34.8633712+08:00
duration_seconds=2.663
exit_code=0
--- output ---
ok  	solana_golang/consensus	1.025s


## posnode rpc turbine sync
started_at=2026-06-16T13:04:34.8653919+08:00
command=go test .\cmd\posnode -run TestHTTPJSONRPC|TestStageBusinessRPC|TestConsensusStatus|TestTurbine|TestTransactionFastPath|TestFaultInjection|TestAddTransaction|TestVerifyQuorumCertificate -count 1
ended_at=2026-06-16T13:04:41.4329188+08:00
duration_seconds=6.568
exit_code=0
--- output ---
ok  	solana_golang/cmd/posnode	1.960s


## blockchain reorg persistence
started_at=2026-06-16T13:04:41.4349367+08:00
command=go test .\blockchain -run TestBuildGenesisStateCreatesTreasuryAndValidators|TestLedgerCommitPersistsAndReloads|TestLedgerReorganizeToBetterFork|TestStageBusinessFinalizedBlocksRejectDeepReorg|TestFaultInjectionReorgPersistsAfterNodeRestart -count 1
ended_at=2026-06-16T13:04:47.6849671+08:00
duration_seconds=6.25
exit_code=0
--- output ---
ok  	solana_golang/blockchain	2.059s


## p2p fault network routing
started_at=2026-06-16T13:04:47.6864741+08:00
command=go test .\p2p -run TestFaultInjection|TestHostHeartbeatClosesExpiredConnection|TestHostRequestRetries|TestHostDialPeerBacksOff|TestHostRateLimitsInboundMessages|TestPeerProtection|TestQueuedConnection|TestConnectionMessageSequencer -count 1
ended_at=2026-06-16T13:04:51.1216777+08:00
duration_seconds=3.435
exit_code=0
--- output ---
ok  	solana_golang/p2p	1.849s


## privacy audit confidential flow
started_at=2026-06-16T13:04:51.1228164+08:00
command=go test .\programs\privacy .\zk .\runtime -count 1
ended_at=2026-06-16T13:04:53.7184207+08:00
duration_seconds=2.596
exit_code=0
--- output ---
ok  	solana_golang/programs/privacy	1.394s
ok  	solana_golang/zk	1.015s
ok  	solana_golang/runtime	1.539s


## consensus business stake vote reward
started_at=2026-06-16T13:04:53.7310363+08:00
command=go test .\consensus -run TestPoSRealAccountStakeVoteAndBlockFlow|TestValidatorJoinsOnlyAfterRegisterStakeTransaction|TestStageBusiness|TestApplyBlockRewards|TestFaultInjectionLeaderOfflineFormsSkipQC|TestBLS -count 1
ended_at=2026-06-16T13:04:55.9700895+08:00
duration_seconds=2.239
exit_code=0
--- output ---
ok  	solana_golang/consensus	1.129s


## posnode rpc turbine sync
started_at=2026-06-16T13:04:55.9731616+08:00
command=go test .\cmd\posnode -run TestHTTPJSONRPC|TestStageBusinessRPC|TestConsensusStatus|TestTurbine|TestTransactionFastPath|TestFaultInjection|TestAddTransaction|TestVerifyQuorumCertificate -count 1
ended_at=2026-06-16T13:05:02.6246831+08:00
duration_seconds=6.652
exit_code=0
--- output ---
ok  	solana_golang/cmd/posnode	1.897s


## blockchain reorg persistence
started_at=2026-06-16T13:05:02.6267025+08:00
command=go test .\blockchain -run TestBuildGenesisStateCreatesTreasuryAndValidators|TestLedgerCommitPersistsAndReloads|TestLedgerReorganizeToBetterFork|TestStageBusinessFinalizedBlocksRejectDeepReorg|TestFaultInjectionReorgPersistsAfterNodeRestart -count 1
ended_at=2026-06-16T13:05:08.9181748+08:00
duration_seconds=6.291
exit_code=0
--- output ---
ok  	solana_golang/blockchain	1.984s


## p2p fault network routing
started_at=2026-06-16T13:05:08.9202006+08:00
command=go test .\p2p -run TestFaultInjection|TestHostHeartbeatClosesExpiredConnection|TestHostRequestRetries|TestHostDialPeerBacksOff|TestHostRateLimitsInboundMessages|TestPeerProtection|TestQueuedConnection|TestConnectionMessageSequencer -count 1
ended_at=2026-06-16T13:05:12.4794519+08:00
duration_seconds=3.559
exit_code=0
--- output ---
ok  	solana_golang/p2p	2.009s


## privacy audit confidential flow
started_at=2026-06-16T13:05:12.4810315+08:00
command=go test .\programs\privacy .\zk .\runtime -count 1
ended_at=2026-06-16T13:05:15.1658384+08:00
duration_seconds=2.685
exit_code=0
--- output ---
ok  	solana_golang/programs/privacy	1.432s
ok  	solana_golang/zk	1.109s
ok  	solana_golang/runtime	1.483s


## consensus business stake vote reward
started_at=2026-06-16T13:05:15.1673670+08:00
command=go test .\consensus -run TestPoSRealAccountStakeVoteAndBlockFlow|TestValidatorJoinsOnlyAfterRegisterStakeTransaction|TestStageBusiness|TestApplyBlockRewards|TestFaultInjectionLeaderOfflineFormsSkipQC|TestBLS -count 1
ended_at=2026-06-16T13:05:17.7310646+08:00
duration_seconds=2.564
exit_code=0
--- output ---
ok  	solana_golang/consensus	1.013s


## posnode rpc turbine sync
started_at=2026-06-16T13:05:17.7325738+08:00
command=go test .\cmd\posnode -run TestHTTPJSONRPC|TestStageBusinessRPC|TestConsensusStatus|TestTurbine|TestTransactionFastPath|TestFaultInjection|TestAddTransaction|TestVerifyQuorumCertificate -count 1
ended_at=2026-06-16T13:05:23.5339522+08:00
duration_seconds=5.801
exit_code=0
--- output ---
ok  	solana_golang/cmd/posnode	1.889s


## blockchain reorg persistence
started_at=2026-06-16T13:05:23.5354854+08:00
command=go test .\blockchain -run TestBuildGenesisStateCreatesTreasuryAndValidators|TestLedgerCommitPersistsAndReloads|TestLedgerReorganizeToBetterFork|TestStageBusinessFinalizedBlocksRejectDeepReorg|TestFaultInjectionReorgPersistsAfterNodeRestart -count 1
ended_at=2026-06-16T13:05:29.8546488+08:00
duration_seconds=6.319
exit_code=0
--- output ---
ok  	solana_golang/blockchain	1.929s


## p2p fault network routing
started_at=2026-06-16T13:05:29.8563799+08:00
command=go test .\p2p -run TestFaultInjection|TestHostHeartbeatClosesExpiredConnection|TestHostRequestRetries|TestHostDialPeerBacksOff|TestHostRateLimitsInboundMessages|TestPeerProtection|TestQueuedConnection|TestConnectionMessageSequencer -count 1
ended_at=2026-06-16T13:05:33.8557888+08:00
duration_seconds=3.999
exit_code=0
--- output ---
ok  	solana_golang/p2p	2.328s


## privacy audit confidential flow
started_at=2026-06-16T13:05:33.8578075+08:00
command=go test .\programs\privacy .\zk .\runtime -count 1
ended_at=2026-06-16T13:05:37.1178954+08:00
duration_seconds=3.26
exit_code=0
--- output ---
ok  	solana_golang/programs/privacy	1.313s
ok  	solana_golang/zk	1.056s
ok  	solana_golang/runtime	1.437s


## consensus business stake vote reward
started_at=2026-06-16T13:05:37.1294744+08:00
command=go test .\consensus -run TestPoSRealAccountStakeVoteAndBlockFlow|TestValidatorJoinsOnlyAfterRegisterStakeTransaction|TestStageBusiness|TestApplyBlockRewards|TestFaultInjectionLeaderOfflineFormsSkipQC|TestBLS -count 1
ended_at=2026-06-16T13:05:39.8439570+08:00
duration_seconds=2.714
exit_code=0
--- output ---
ok  	solana_golang/consensus	0.896s


## posnode rpc turbine sync
started_at=2026-06-16T13:05:39.8454952+08:00
command=go test .\cmd\posnode -run TestHTTPJSONRPC|TestStageBusinessRPC|TestConsensusStatus|TestTurbine|TestTransactionFastPath|TestFaultInjection|TestAddTransaction|TestVerifyQuorumCertificate -count 1
ended_at=2026-06-16T13:05:46.2900716+08:00
duration_seconds=6.445
exit_code=0
--- output ---
ok  	solana_golang/cmd/posnode	1.971s


## blockchain reorg persistence
started_at=2026-06-16T13:05:46.2915940+08:00
command=go test .\blockchain -run TestBuildGenesisStateCreatesTreasuryAndValidators|TestLedgerCommitPersistsAndReloads|TestLedgerReorganizeToBetterFork|TestStageBusinessFinalizedBlocksRejectDeepReorg|TestFaultInjectionReorgPersistsAfterNodeRestart -count 1
ended_at=2026-06-16T13:05:52.3872626+08:00
duration_seconds=6.096
exit_code=0
--- output ---
ok  	solana_golang/blockchain	1.917s


## p2p fault network routing
started_at=2026-06-16T13:05:52.3888463+08:00
command=go test .\p2p -run TestFaultInjection|TestHostHeartbeatClosesExpiredConnection|TestHostRequestRetries|TestHostDialPeerBacksOff|TestHostRateLimitsInboundMessages|TestPeerProtection|TestQueuedConnection|TestConnectionMessageSequencer -count 1
ended_at=2026-06-16T13:05:56.1951799+08:00
duration_seconds=3.806
exit_code=0
--- output ---
ok  	solana_golang/p2p	2.032s


## privacy audit confidential flow
started_at=2026-06-16T13:05:56.1972152+08:00
command=go test .\programs\privacy .\zk .\runtime -count 1
ended_at=2026-06-16T13:05:58.8209861+08:00
duration_seconds=2.624
exit_code=0
--- output ---
ok  	solana_golang/programs/privacy	1.290s
ok  	solana_golang/zk	0.889s
ok  	solana_golang/runtime	1.447s


## consensus business stake vote reward
started_at=2026-06-16T13:05:58.8224952+08:00
command=go test .\consensus -run TestPoSRealAccountStakeVoteAndBlockFlow|TestValidatorJoinsOnlyAfterRegisterStakeTransaction|TestStageBusiness|TestApplyBlockRewards|TestFaultInjectionLeaderOfflineFormsSkipQC|TestBLS -count 1
ended_at=2026-06-16T13:06:01.8006947+08:00
duration_seconds=2.978
exit_code=0
--- output ---
ok  	solana_golang/consensus	1.116s


## posnode rpc turbine sync
started_at=2026-06-16T13:06:01.8022091+08:00
command=go test .\cmd\posnode -run TestHTTPJSONRPC|TestStageBusinessRPC|TestConsensusStatus|TestTurbine|TestTransactionFastPath|TestFaultInjection|TestAddTransaction|TestVerifyQuorumCertificate -count 1
ended_at=2026-06-16T13:06:08.5476871+08:00
duration_seconds=6.745
exit_code=0
--- output ---
ok  	solana_golang/cmd/posnode	2.081s


## blockchain reorg persistence
started_at=2026-06-16T13:06:08.5519316+08:00
command=go test .\blockchain -run TestBuildGenesisStateCreatesTreasuryAndValidators|TestLedgerCommitPersistsAndReloads|TestLedgerReorganizeToBetterFork|TestStageBusinessFinalizedBlocksRejectDeepReorg|TestFaultInjectionReorgPersistsAfterNodeRestart -count 1
ended_at=2026-06-16T13:06:14.3882327+08:00
duration_seconds=5.836
exit_code=0
--- output ---
ok  	solana_golang/blockchain	1.656s


## p2p fault network routing
started_at=2026-06-16T13:06:14.3907505+08:00
command=go test .\p2p -run TestFaultInjection|TestHostHeartbeatClosesExpiredConnection|TestHostRequestRetries|TestHostDialPeerBacksOff|TestHostRateLimitsInboundMessages|TestPeerProtection|TestQueuedConnection|TestConnectionMessageSequencer -count 1
ended_at=2026-06-16T13:06:17.3527226+08:00
duration_seconds=2.962
exit_code=0
--- output ---
ok  	solana_golang/p2p	1.675s


## privacy audit confidential flow
started_at=2026-06-16T13:06:17.3552380+08:00
command=go test .\programs\privacy .\zk .\runtime -count 1
ended_at=2026-06-16T13:06:20.0706521+08:00
duration_seconds=2.715
exit_code=0
--- output ---
ok  	solana_golang/programs/privacy	1.410s
ok  	solana_golang/zk	1.053s
ok  	solana_golang/runtime	1.585s


## consensus business stake vote reward
started_at=2026-06-16T13:06:20.0721607+08:00
command=go test .\consensus -run TestPoSRealAccountStakeVoteAndBlockFlow|TestValidatorJoinsOnlyAfterRegisterStakeTransaction|TestStageBusiness|TestApplyBlockRewards|TestFaultInjectionLeaderOfflineFormsSkipQC|TestBLS -count 1
ended_at=2026-06-16T13:06:22.1565571+08:00
duration_seconds=2.084
exit_code=0
--- output ---
ok  	solana_golang/consensus	0.913s


## posnode rpc turbine sync
started_at=2026-06-16T13:06:22.1580765+08:00
command=go test .\cmd\posnode -run TestHTTPJSONRPC|TestStageBusinessRPC|TestConsensusStatus|TestTurbine|TestTransactionFastPath|TestFaultInjection|TestAddTransaction|TestVerifyQuorumCertificate -count 1
ended_at=2026-06-16T13:06:28.4727500+08:00
duration_seconds=6.315
exit_code=0
--- output ---
ok  	solana_golang/cmd/posnode	1.898s


## blockchain reorg persistence
started_at=2026-06-16T13:06:28.4742621+08:00
command=go test .\blockchain -run TestBuildGenesisStateCreatesTreasuryAndValidators|TestLedgerCommitPersistsAndReloads|TestLedgerReorganizeToBetterFork|TestStageBusinessFinalizedBlocksRejectDeepReorg|TestFaultInjectionReorgPersistsAfterNodeRestart -count 1
ended_at=2026-06-16T13:06:34.4327320+08:00
duration_seconds=5.958
exit_code=0
--- output ---
ok  	solana_golang/blockchain	1.923s


## p2p fault network routing
started_at=2026-06-16T13:06:34.4353292+08:00
command=go test .\p2p -run TestFaultInjection|TestHostHeartbeatClosesExpiredConnection|TestHostRequestRetries|TestHostDialPeerBacksOff|TestHostRateLimitsInboundMessages|TestPeerProtection|TestQueuedConnection|TestConnectionMessageSequencer -count 1
ended_at=2026-06-16T13:06:38.3112121+08:00
duration_seconds=3.876
exit_code=0
--- output ---
ok  	solana_golang/p2p	1.868s


## privacy audit confidential flow
started_at=2026-06-16T13:06:38.3127195+08:00
command=go test .\programs\privacy .\zk .\runtime -count 1
ended_at=2026-06-16T13:06:41.1908846+08:00
duration_seconds=2.878
exit_code=0
--- output ---
ok  	solana_golang/programs/privacy	1.468s
ok  	solana_golang/zk	1.074s
ok  	solana_golang/runtime	1.572s


## consensus business stake vote reward
started_at=2026-06-16T13:06:41.1924138+08:00
command=go test .\consensus -run TestPoSRealAccountStakeVoteAndBlockFlow|TestValidatorJoinsOnlyAfterRegisterStakeTransaction|TestStageBusiness|TestApplyBlockRewards|TestFaultInjectionLeaderOfflineFormsSkipQC|TestBLS -count 1
ended_at=2026-06-16T13:06:43.4106144+08:00
duration_seconds=2.218
exit_code=0
--- output ---
ok  	solana_golang/consensus	1.081s


## posnode rpc turbine sync
started_at=2026-06-16T13:06:43.4121241+08:00
command=go test .\cmd\posnode -run TestHTTPJSONRPC|TestStageBusinessRPC|TestConsensusStatus|TestTurbine|TestTransactionFastPath|TestFaultInjection|TestAddTransaction|TestVerifyQuorumCertificate -count 1
ended_at=2026-06-16T13:06:49.9678032+08:00
duration_seconds=6.556
exit_code=0
--- output ---
ok  	solana_golang/cmd/posnode	2.083s


## blockchain reorg persistence
started_at=2026-06-16T13:06:49.9693123+08:00
command=go test .\blockchain -run TestBuildGenesisStateCreatesTreasuryAndValidators|TestLedgerCommitPersistsAndReloads|TestLedgerReorganizeToBetterFork|TestStageBusinessFinalizedBlocksRejectDeepReorg|TestFaultInjectionReorgPersistsAfterNodeRestart -count 1
ended_at=2026-06-16T13:06:56.0686638+08:00
duration_seconds=6.099
exit_code=0
--- output ---
ok  	solana_golang/blockchain	1.906s


## p2p fault network routing
started_at=2026-06-16T13:06:56.0716808+08:00
command=go test .\p2p -run TestFaultInjection|TestHostHeartbeatClosesExpiredConnection|TestHostRequestRetries|TestHostDialPeerBacksOff|TestHostRateLimitsInboundMessages|TestPeerProtection|TestQueuedConnection|TestConnectionMessageSequencer -count 1
ended_at=2026-06-16T13:06:59.5164351+08:00
duration_seconds=3.445
exit_code=0
--- output ---
ok  	solana_golang/p2p	2.018s


## privacy audit confidential flow
started_at=2026-06-16T13:06:59.5179396+08:00
command=go test .\programs\privacy .\zk .\runtime -count 1
ended_at=2026-06-16T13:07:02.3982870+08:00
duration_seconds=2.88
exit_code=0
--- output ---
ok  	solana_golang/programs/privacy	1.059s
ok  	solana_golang/zk	1.426s
ok  	solana_golang/runtime	1.605s


## consensus business stake vote reward
started_at=2026-06-16T13:07:02.3997949+08:00
command=go test .\consensus -run TestPoSRealAccountStakeVoteAndBlockFlow|TestValidatorJoinsOnlyAfterRegisterStakeTransaction|TestStageBusiness|TestApplyBlockRewards|TestFaultInjectionLeaderOfflineFormsSkipQC|TestBLS -count 1
ended_at=2026-06-16T13:07:05.3201512+08:00
duration_seconds=2.92
exit_code=0
--- output ---
ok  	solana_golang/consensus	1.145s


## posnode rpc turbine sync
started_at=2026-06-16T13:07:05.3216622+08:00
command=go test .\cmd\posnode -run TestHTTPJSONRPC|TestStageBusinessRPC|TestConsensusStatus|TestTurbine|TestTransactionFastPath|TestFaultInjection|TestAddTransaction|TestVerifyQuorumCertificate -count 1
ended_at=2026-06-16T13:07:11.9634879+08:00
duration_seconds=6.642
exit_code=0
--- output ---
ok  	solana_golang/cmd/posnode	1.897s


## blockchain reorg persistence
started_at=2026-06-16T13:07:11.9660158+08:00
command=go test .\blockchain -run TestBuildGenesisStateCreatesTreasuryAndValidators|TestLedgerCommitPersistsAndReloads|TestLedgerReorganizeToBetterFork|TestStageBusinessFinalizedBlocksRejectDeepReorg|TestFaultInjectionReorgPersistsAfterNodeRestart -count 1
ended_at=2026-06-16T13:07:18.1803843+08:00
duration_seconds=6.214
exit_code=0
--- output ---
ok  	solana_golang/blockchain	1.905s


## p2p fault network routing
started_at=2026-06-16T13:07:18.1828947+08:00
command=go test .\p2p -run TestFaultInjection|TestHostHeartbeatClosesExpiredConnection|TestHostRequestRetries|TestHostDialPeerBacksOff|TestHostRateLimitsInboundMessages|TestPeerProtection|TestQueuedConnection|TestConnectionMessageSequencer -count 1
ended_at=2026-06-16T13:07:22.3408565+08:00
duration_seconds=4.158
exit_code=0
--- output ---
ok  	solana_golang/p2p	2.036s


## privacy audit confidential flow
started_at=2026-06-16T13:07:22.3561278+08:00
command=go test .\programs\privacy .\zk .\runtime -count 1
ended_at=2026-06-16T13:07:24.9773989+08:00
duration_seconds=2.621
exit_code=0
--- output ---
ok  	solana_golang/programs/privacy	1.027s
ok  	solana_golang/zk	1.314s
ok  	solana_golang/runtime	1.465s


## consensus business stake vote reward
started_at=2026-06-16T13:07:24.9789241+08:00
command=go test .\consensus -run TestPoSRealAccountStakeVoteAndBlockFlow|TestValidatorJoinsOnlyAfterRegisterStakeTransaction|TestStageBusiness|TestApplyBlockRewards|TestFaultInjectionLeaderOfflineFormsSkipQC|TestBLS -count 1
ended_at=2026-06-16T13:07:27.2349610+08:00
duration_seconds=2.256
exit_code=0
--- output ---
ok  	solana_golang/consensus	1.083s


## posnode rpc turbine sync
started_at=2026-06-16T13:07:27.2364747+08:00
command=go test .\cmd\posnode -run TestHTTPJSONRPC|TestStageBusinessRPC|TestConsensusStatus|TestTurbine|TestTransactionFastPath|TestFaultInjection|TestAddTransaction|TestVerifyQuorumCertificate -count 1
ended_at=2026-06-16T13:07:33.6939134+08:00
duration_seconds=6.457
exit_code=0
--- output ---
ok  	solana_golang/cmd/posnode	1.995s


## blockchain reorg persistence
started_at=2026-06-16T13:07:33.6954213+08:00
command=go test .\blockchain -run TestBuildGenesisStateCreatesTreasuryAndValidators|TestLedgerCommitPersistsAndReloads|TestLedgerReorganizeToBetterFork|TestStageBusinessFinalizedBlocksRejectDeepReorg|TestFaultInjectionReorgPersistsAfterNodeRestart -count 1
ended_at=2026-06-16T13:07:40.0401603+08:00
duration_seconds=6.345
exit_code=0
--- output ---
ok  	solana_golang/blockchain	1.849s


## p2p fault network routing
started_at=2026-06-16T13:07:40.0422044+08:00
command=go test .\p2p -run TestFaultInjection|TestHostHeartbeatClosesExpiredConnection|TestHostRequestRetries|TestHostDialPeerBacksOff|TestHostRateLimitsInboundMessages|TestPeerProtection|TestQueuedConnection|TestConnectionMessageSequencer -count 1
ended_at=2026-06-16T13:07:43.6759806+08:00
duration_seconds=3.634
exit_code=0
--- output ---
ok  	solana_golang/p2p	2.042s


## privacy audit confidential flow
started_at=2026-06-16T13:07:43.6774867+08:00
command=go test .\programs\privacy .\zk .\runtime -count 1
ended_at=2026-06-16T13:07:46.6385701+08:00
duration_seconds=2.961
exit_code=0
--- output ---
ok  	solana_golang/programs/privacy	1.378s
ok  	solana_golang/zk	1.026s
ok  	solana_golang/runtime	1.621s


## consensus business stake vote reward
started_at=2026-06-16T13:07:46.6400794+08:00
command=go test .\consensus -run TestPoSRealAccountStakeVoteAndBlockFlow|TestValidatorJoinsOnlyAfterRegisterStakeTransaction|TestStageBusiness|TestApplyBlockRewards|TestFaultInjectionLeaderOfflineFormsSkipQC|TestBLS -count 1
ended_at=2026-06-16T13:07:48.8651399+08:00
duration_seconds=2.225
exit_code=0
--- output ---
ok  	solana_golang/consensus	0.983s


## posnode rpc turbine sync
started_at=2026-06-16T13:07:48.8666658+08:00
command=go test .\cmd\posnode -run TestHTTPJSONRPC|TestStageBusinessRPC|TestConsensusStatus|TestTurbine|TestTransactionFastPath|TestFaultInjection|TestAddTransaction|TestVerifyQuorumCertificate -count 1
ended_at=2026-06-16T13:07:55.2068254+08:00
duration_seconds=6.34
exit_code=0
--- output ---
ok  	solana_golang/cmd/posnode	1.953s


## blockchain reorg persistence
started_at=2026-06-16T13:07:55.2083393+08:00
command=go test .\blockchain -run TestBuildGenesisStateCreatesTreasuryAndValidators|TestLedgerCommitPersistsAndReloads|TestLedgerReorganizeToBetterFork|TestStageBusinessFinalizedBlocksRejectDeepReorg|TestFaultInjectionReorgPersistsAfterNodeRestart -count 1
ended_at=2026-06-16T13:08:01.4428211+08:00
duration_seconds=6.234
exit_code=0
--- output ---
ok  	solana_golang/blockchain	1.881s


## p2p fault network routing
started_at=2026-06-16T13:08:01.4443712+08:00
command=go test .\p2p -run TestFaultInjection|TestHostHeartbeatClosesExpiredConnection|TestHostRequestRetries|TestHostDialPeerBacksOff|TestHostRateLimitsInboundMessages|TestPeerProtection|TestQueuedConnection|TestConnectionMessageSequencer -count 1
ended_at=2026-06-16T13:08:04.8919352+08:00
duration_seconds=3.448
exit_code=0
--- output ---
ok  	solana_golang/p2p	1.975s


## privacy audit confidential flow
started_at=2026-06-16T13:08:04.8934514+08:00
command=go test .\programs\privacy .\zk .\runtime -count 1
ended_at=2026-06-16T13:08:07.7516645+08:00
duration_seconds=2.858
exit_code=0
--- output ---
ok  	solana_golang/programs/privacy	1.371s
ok  	solana_golang/zk	1.010s
ok  	solana_golang/runtime	1.538s


## consensus business stake vote reward
started_at=2026-06-16T13:08:07.7531816+08:00
command=go test .\consensus -run TestPoSRealAccountStakeVoteAndBlockFlow|TestValidatorJoinsOnlyAfterRegisterStakeTransaction|TestStageBusiness|TestApplyBlockRewards|TestFaultInjectionLeaderOfflineFormsSkipQC|TestBLS -count 1
ended_at=2026-06-16T13:08:09.8771330+08:00
duration_seconds=2.124
exit_code=0
--- output ---
ok  	solana_golang/consensus	0.951s


## posnode rpc turbine sync
started_at=2026-06-16T13:08:09.8791777+08:00
command=go test .\cmd\posnode -run TestHTTPJSONRPC|TestStageBusinessRPC|TestConsensusStatus|TestTurbine|TestTransactionFastPath|TestFaultInjection|TestAddTransaction|TestVerifyQuorumCertificate -count 1
ended_at=2026-06-16T13:08:16.3843745+08:00
duration_seconds=6.505
exit_code=0
--- output ---
ok  	solana_golang/cmd/posnode	1.929s


## blockchain reorg persistence
started_at=2026-06-16T13:08:16.3864070+08:00
command=go test .\blockchain -run TestBuildGenesisStateCreatesTreasuryAndValidators|TestLedgerCommitPersistsAndReloads|TestLedgerReorganizeToBetterFork|TestStageBusinessFinalizedBlocksRejectDeepReorg|TestFaultInjectionReorgPersistsAfterNodeRestart -count 1
ended_at=2026-06-16T13:08:22.3694022+08:00
duration_seconds=5.983
exit_code=0
--- output ---
ok  	solana_golang/blockchain	1.981s


## p2p fault network routing
started_at=2026-06-16T13:08:22.3709111+08:00
command=go test .\p2p -run TestFaultInjection|TestHostHeartbeatClosesExpiredConnection|TestHostRequestRetries|TestHostDialPeerBacksOff|TestHostRateLimitsInboundMessages|TestPeerProtection|TestQueuedConnection|TestConnectionMessageSequencer -count 1
ended_at=2026-06-16T13:08:26.1274287+08:00
duration_seconds=3.757
exit_code=0
--- output ---
ok  	solana_golang/p2p	2.283s


## privacy audit confidential flow
started_at=2026-06-16T13:08:26.1294792+08:00
command=go test .\programs\privacy .\zk .\runtime -count 1
ended_at=2026-06-16T13:08:29.2620488+08:00
duration_seconds=3.133
exit_code=0
--- output ---
ok  	solana_golang/programs/privacy	1.332s
ok  	solana_golang/zk	1.030s
ok  	solana_golang/runtime	1.505s


## consensus business stake vote reward
started_at=2026-06-16T13:08:29.2635572+08:00
command=go test .\consensus -run TestPoSRealAccountStakeVoteAndBlockFlow|TestValidatorJoinsOnlyAfterRegisterStakeTransaction|TestStageBusiness|TestApplyBlockRewards|TestFaultInjectionLeaderOfflineFormsSkipQC|TestBLS -count 1
ended_at=2026-06-16T13:08:32.1866746+08:00
duration_seconds=2.923
exit_code=0
--- output ---
ok  	solana_golang/consensus	1.039s


## posnode rpc turbine sync
started_at=2026-06-16T13:08:32.1901883+08:00
command=go test .\cmd\posnode -run TestHTTPJSONRPC|TestStageBusinessRPC|TestConsensusStatus|TestTurbine|TestTransactionFastPath|TestFaultInjection|TestAddTransaction|TestVerifyQuorumCertificate -count 1
ended_at=2026-06-16T13:08:38.9177337+08:00
duration_seconds=6.728
exit_code=0
--- output ---
ok  	solana_golang/cmd/posnode	1.909s


## blockchain reorg persistence
started_at=2026-06-16T13:08:38.9192677+08:00
command=go test .\blockchain -run TestBuildGenesisStateCreatesTreasuryAndValidators|TestLedgerCommitPersistsAndReloads|TestLedgerReorganizeToBetterFork|TestStageBusinessFinalizedBlocksRejectDeepReorg|TestFaultInjectionReorgPersistsAfterNodeRestart -count 1
ended_at=2026-06-16T13:08:45.4533153+08:00
duration_seconds=6.534
exit_code=0
--- output ---
ok  	solana_golang/blockchain	1.958s


## p2p fault network routing
started_at=2026-06-16T13:08:45.4548595+08:00
command=go test .\p2p -run TestFaultInjection|TestHostHeartbeatClosesExpiredConnection|TestHostRequestRetries|TestHostDialPeerBacksOff|TestHostRateLimitsInboundMessages|TestPeerProtection|TestQueuedConnection|TestConnectionMessageSequencer -count 1
ended_at=2026-06-16T13:08:48.9417564+08:00
duration_seconds=3.487
exit_code=0
--- output ---
ok  	solana_golang/p2p	2.014s


## privacy audit confidential flow
started_at=2026-06-16T13:08:48.9433648+08:00
command=go test .\programs\privacy .\zk .\runtime -count 1
ended_at=2026-06-16T13:08:51.6179053+08:00
duration_seconds=2.675
exit_code=0
--- output ---
ok  	solana_golang/programs/privacy	1.290s
ok  	solana_golang/zk	0.969s
ok  	solana_golang/runtime	1.464s


phase_ended_at=2026-06-16T13:08:51.6189093+08:00
phase_duration_seconds=302.826
cycles=14
