phase=business
round=14
minutes=5
started_at=2026-06-16T13:08:51.6194120+08:00

## consensus business stake vote reward
started_at=2026-06-16T13:08:51.6256933+08:00
command=go test .\consensus -run TestPoSRealAccountStakeVoteAndBlockFlow|TestValidatorJoinsOnlyAfterRegisterStakeTransaction|TestStageBusiness|TestApplyBlockRewards|TestFaultInjectionLeaderOfflineFormsSkipQC|TestBLS -count 1
ended_at=2026-06-16T13:08:53.9476820+08:00
duration_seconds=2.322
exit_code=0
--- output ---
ok  	solana_golang/consensus	1.085s


## posnode rpc turbine sync
started_at=2026-06-16T13:08:53.9491911+08:00
command=go test .\cmd\posnode -run TestHTTPJSONRPC|TestStageBusinessRPC|TestConsensusStatus|TestTurbine|TestTransactionFastPath|TestFaultInjection|TestAddTransaction|TestVerifyQuorumCertificate -count 1
ended_at=2026-06-16T13:09:00.3958139+08:00
duration_seconds=6.447
exit_code=0
--- output ---
ok  	solana_golang/cmd/posnode	1.948s


## blockchain reorg persistence
started_at=2026-06-16T13:09:00.3973215+08:00
command=go test .\blockchain -run TestBuildGenesisStateCreatesTreasuryAndValidators|TestLedgerCommitPersistsAndReloads|TestLedgerReorganizeToBetterFork|TestStageBusinessFinalizedBlocksRejectDeepReorg|TestFaultInjectionReorgPersistsAfterNodeRestart -count 1
ended_at=2026-06-16T13:09:06.5909002+08:00
duration_seconds=6.194
exit_code=0
--- output ---
ok  	solana_golang/blockchain	1.989s


## p2p fault network routing
started_at=2026-06-16T13:09:06.5924086+08:00
command=go test .\p2p -run TestFaultInjection|TestHostHeartbeatClosesExpiredConnection|TestHostRequestRetries|TestHostDialPeerBacksOff|TestHostRateLimitsInboundMessages|TestPeerProtection|TestQueuedConnection|TestConnectionMessageSequencer -count 1
ended_at=2026-06-16T13:09:10.3597543+08:00
duration_seconds=3.767
exit_code=0
--- output ---
ok  	solana_golang/p2p	1.932s


## privacy audit confidential flow
started_at=2026-06-16T13:09:10.3617892+08:00
command=go test .\programs\privacy .\zk .\runtime -count 1
ended_at=2026-06-16T13:09:13.4217980+08:00
duration_seconds=3.06
exit_code=0
--- output ---
ok  	solana_golang/programs/privacy	1.071s
ok  	solana_golang/zk	1.390s
ok  	solana_golang/runtime	1.574s


## consensus business stake vote reward
started_at=2026-06-16T13:09:13.4233199+08:00
command=go test .\consensus -run TestPoSRealAccountStakeVoteAndBlockFlow|TestValidatorJoinsOnlyAfterRegisterStakeTransaction|TestStageBusiness|TestApplyBlockRewards|TestFaultInjectionLeaderOfflineFormsSkipQC|TestBLS -count 1
ended_at=2026-06-16T13:09:15.6535813+08:00
duration_seconds=2.23
exit_code=0
--- output ---
ok  	solana_golang/consensus	0.987s


## posnode rpc turbine sync
started_at=2026-06-16T13:09:15.6550984+08:00
command=go test .\cmd\posnode -run TestHTTPJSONRPC|TestStageBusinessRPC|TestConsensusStatus|TestTurbine|TestTransactionFastPath|TestFaultInjection|TestAddTransaction|TestVerifyQuorumCertificate -count 1
ended_at=2026-06-16T13:09:21.9229685+08:00
duration_seconds=6.268
exit_code=0
--- output ---
ok  	solana_golang/cmd/posnode	1.875s


## blockchain reorg persistence
started_at=2026-06-16T13:09:21.9245001+08:00
command=go test .\blockchain -run TestBuildGenesisStateCreatesTreasuryAndValidators|TestLedgerCommitPersistsAndReloads|TestLedgerReorganizeToBetterFork|TestStageBusinessFinalizedBlocksRejectDeepReorg|TestFaultInjectionReorgPersistsAfterNodeRestart -count 1
ended_at=2026-06-16T13:09:27.8044857+08:00
duration_seconds=5.88
exit_code=0
--- output ---
ok  	solana_golang/blockchain	1.398s


## p2p fault network routing
started_at=2026-06-16T13:09:27.8059995+08:00
command=go test .\p2p -run TestFaultInjection|TestHostHeartbeatClosesExpiredConnection|TestHostRequestRetries|TestHostDialPeerBacksOff|TestHostRateLimitsInboundMessages|TestPeerProtection|TestQueuedConnection|TestConnectionMessageSequencer -count 1
ended_at=2026-06-16T13:09:31.9873721+08:00
duration_seconds=4.181
exit_code=0
--- output ---
ok  	solana_golang/p2p	2.412s


## privacy audit confidential flow
started_at=2026-06-16T13:09:31.9888800+08:00
command=go test .\programs\privacy .\zk .\runtime -count 1
ended_at=2026-06-16T13:09:35.0556431+08:00
duration_seconds=3.067
exit_code=0
--- output ---
ok  	solana_golang/programs/privacy	1.177s
ok  	solana_golang/zk	1.581s
ok  	solana_golang/runtime	1.279s


## consensus business stake vote reward
started_at=2026-06-16T13:09:35.0704799+08:00
command=go test .\consensus -run TestPoSRealAccountStakeVoteAndBlockFlow|TestValidatorJoinsOnlyAfterRegisterStakeTransaction|TestStageBusiness|TestApplyBlockRewards|TestFaultInjectionLeaderOfflineFormsSkipQC|TestBLS -count 1
ended_at=2026-06-16T13:09:37.3805910+08:00
duration_seconds=2.31
exit_code=0
--- output ---
ok  	solana_golang/consensus	1.081s


## posnode rpc turbine sync
started_at=2026-06-16T13:09:37.3821213+08:00
command=go test .\cmd\posnode -run TestHTTPJSONRPC|TestStageBusinessRPC|TestConsensusStatus|TestTurbine|TestTransactionFastPath|TestFaultInjection|TestAddTransaction|TestVerifyQuorumCertificate -count 1
ended_at=2026-06-16T13:09:43.8184812+08:00
duration_seconds=6.436
exit_code=0
--- output ---
ok  	solana_golang/cmd/posnode	1.830s


## blockchain reorg persistence
started_at=2026-06-16T13:09:43.8199943+08:00
command=go test .\blockchain -run TestBuildGenesisStateCreatesTreasuryAndValidators|TestLedgerCommitPersistsAndReloads|TestLedgerReorganizeToBetterFork|TestStageBusinessFinalizedBlocksRejectDeepReorg|TestFaultInjectionReorgPersistsAfterNodeRestart -count 1
ended_at=2026-06-16T13:09:49.7997777+08:00
duration_seconds=5.98
exit_code=0
--- output ---
ok  	solana_golang/blockchain	2.059s


## p2p fault network routing
started_at=2026-06-16T13:09:49.8022949+08:00
command=go test .\p2p -run TestFaultInjection|TestHostHeartbeatClosesExpiredConnection|TestHostRequestRetries|TestHostDialPeerBacksOff|TestHostRateLimitsInboundMessages|TestPeerProtection|TestQueuedConnection|TestConnectionMessageSequencer -count 1
ended_at=2026-06-16T13:09:53.2335657+08:00
duration_seconds=3.431
exit_code=0
--- output ---
ok  	solana_golang/p2p	1.981s


## privacy audit confidential flow
started_at=2026-06-16T13:09:53.2350717+08:00
command=go test .\programs\privacy .\zk .\runtime -count 1
ended_at=2026-06-16T13:09:56.6940497+08:00
duration_seconds=3.459
exit_code=0
--- output ---
ok  	solana_golang/programs/privacy	1.570s
ok  	solana_golang/zk	1.024s
ok  	solana_golang/runtime	1.571s


## consensus business stake vote reward
started_at=2026-06-16T13:09:56.6955562+08:00
command=go test .\consensus -run TestPoSRealAccountStakeVoteAndBlockFlow|TestValidatorJoinsOnlyAfterRegisterStakeTransaction|TestStageBusiness|TestApplyBlockRewards|TestFaultInjectionLeaderOfflineFormsSkipQC|TestBLS -count 1
ended_at=2026-06-16T13:09:58.7846822+08:00
duration_seconds=2.089
exit_code=0
--- output ---
ok  	solana_golang/consensus	0.941s


## posnode rpc turbine sync
started_at=2026-06-16T13:09:58.7862205+08:00
command=go test .\cmd\posnode -run TestHTTPJSONRPC|TestStageBusinessRPC|TestConsensusStatus|TestTurbine|TestTransactionFastPath|TestFaultInjection|TestAddTransaction|TestVerifyQuorumCertificate -count 1
ended_at=2026-06-16T13:10:05.4570043+08:00
duration_seconds=6.671
exit_code=0
--- output ---
ok  	solana_golang/cmd/posnode	1.976s


## blockchain reorg persistence
started_at=2026-06-16T13:10:05.4585158+08:00
command=go test .\blockchain -run TestBuildGenesisStateCreatesTreasuryAndValidators|TestLedgerCommitPersistsAndReloads|TestLedgerReorganizeToBetterFork|TestStageBusinessFinalizedBlocksRejectDeepReorg|TestFaultInjectionReorgPersistsAfterNodeRestart -count 1
ended_at=2026-06-16T13:10:11.6530177+08:00
duration_seconds=6.195
exit_code=0
--- output ---
ok  	solana_golang/blockchain	1.999s


## p2p fault network routing
started_at=2026-06-16T13:10:11.6545320+08:00
command=go test .\p2p -run TestFaultInjection|TestHostHeartbeatClosesExpiredConnection|TestHostRequestRetries|TestHostDialPeerBacksOff|TestHostRateLimitsInboundMessages|TestPeerProtection|TestQueuedConnection|TestConnectionMessageSequencer -count 1
ended_at=2026-06-16T13:10:15.1026812+08:00
duration_seconds=3.448
exit_code=0
--- output ---
ok  	solana_golang/p2p	2.011s


## privacy audit confidential flow
started_at=2026-06-16T13:10:15.1042288+08:00
command=go test .\programs\privacy .\zk .\runtime -count 1
ended_at=2026-06-16T13:10:17.8476500+08:00
duration_seconds=2.743
exit_code=0
--- output ---
ok  	solana_golang/programs/privacy	1.415s
ok  	solana_golang/zk	1.047s
ok  	solana_golang/runtime	1.573s


## consensus business stake vote reward
started_at=2026-06-16T13:10:17.8497517+08:00
command=go test .\consensus -run TestPoSRealAccountStakeVoteAndBlockFlow|TestValidatorJoinsOnlyAfterRegisterStakeTransaction|TestStageBusiness|TestApplyBlockRewards|TestFaultInjectionLeaderOfflineFormsSkipQC|TestBLS -count 1
ended_at=2026-06-16T13:10:20.3824883+08:00
duration_seconds=2.533
exit_code=0
--- output ---
ok  	solana_golang/consensus	1.021s


## posnode rpc turbine sync
started_at=2026-06-16T13:10:20.3934897+08:00
command=go test .\cmd\posnode -run TestHTTPJSONRPC|TestStageBusinessRPC|TestConsensusStatus|TestTurbine|TestTransactionFastPath|TestFaultInjection|TestAddTransaction|TestVerifyQuorumCertificate -count 1
ended_at=2026-06-16T13:10:27.0694770+08:00
duration_seconds=6.676
exit_code=0
--- output ---
ok  	solana_golang/cmd/posnode	1.895s


## blockchain reorg persistence
started_at=2026-06-16T13:10:27.0710194+08:00
command=go test .\blockchain -run TestBuildGenesisStateCreatesTreasuryAndValidators|TestLedgerCommitPersistsAndReloads|TestLedgerReorganizeToBetterFork|TestStageBusinessFinalizedBlocksRejectDeepReorg|TestFaultInjectionReorgPersistsAfterNodeRestart -count 1
ended_at=2026-06-16T13:10:33.4040633+08:00
duration_seconds=6.333
exit_code=0
--- output ---
ok  	solana_golang/blockchain	1.820s


## p2p fault network routing
started_at=2026-06-16T13:10:33.4055949+08:00
command=go test .\p2p -run TestFaultInjection|TestHostHeartbeatClosesExpiredConnection|TestHostRequestRetries|TestHostDialPeerBacksOff|TestHostRateLimitsInboundMessages|TestPeerProtection|TestQueuedConnection|TestConnectionMessageSequencer -count 1
ended_at=2026-06-16T13:10:37.1755111+08:00
duration_seconds=3.77
exit_code=0
--- output ---
ok  	solana_golang/p2p	1.988s


## privacy audit confidential flow
started_at=2026-06-16T13:10:37.1770270+08:00
command=go test .\programs\privacy .\zk .\runtime -count 1
ended_at=2026-06-16T13:10:40.0622710+08:00
duration_seconds=2.885
exit_code=0
--- output ---
ok  	solana_golang/programs/privacy	1.408s
ok  	solana_golang/zk	1.009s
ok  	solana_golang/runtime	1.603s


## consensus business stake vote reward
started_at=2026-06-16T13:10:40.0643251+08:00
command=go test .\consensus -run TestPoSRealAccountStakeVoteAndBlockFlow|TestValidatorJoinsOnlyAfterRegisterStakeTransaction|TestStageBusiness|TestApplyBlockRewards|TestFaultInjectionLeaderOfflineFormsSkipQC|TestBLS -count 1
ended_at=2026-06-16T13:10:42.3993099+08:00
duration_seconds=2.335
exit_code=0
--- output ---
ok  	solana_golang/consensus	0.998s


## posnode rpc turbine sync
started_at=2026-06-16T13:10:42.4008205+08:00
command=go test .\cmd\posnode -run TestHTTPJSONRPC|TestStageBusinessRPC|TestConsensusStatus|TestTurbine|TestTransactionFastPath|TestFaultInjection|TestAddTransaction|TestVerifyQuorumCertificate -count 1
ended_at=2026-06-16T13:10:49.1932867+08:00
duration_seconds=6.792
exit_code=0
--- output ---
ok  	solana_golang/cmd/posnode	2.066s


## blockchain reorg persistence
started_at=2026-06-16T13:10:49.1949315+08:00
command=go test .\blockchain -run TestBuildGenesisStateCreatesTreasuryAndValidators|TestLedgerCommitPersistsAndReloads|TestLedgerReorganizeToBetterFork|TestStageBusinessFinalizedBlocksRejectDeepReorg|TestFaultInjectionReorgPersistsAfterNodeRestart -count 1
ended_at=2026-06-16T13:10:55.4310502+08:00
duration_seconds=6.236
exit_code=0
--- output ---
ok  	solana_golang/blockchain	1.896s


## p2p fault network routing
started_at=2026-06-16T13:10:55.4325793+08:00
command=go test .\p2p -run TestFaultInjection|TestHostHeartbeatClosesExpiredConnection|TestHostRequestRetries|TestHostDialPeerBacksOff|TestHostRateLimitsInboundMessages|TestPeerProtection|TestQueuedConnection|TestConnectionMessageSequencer -count 1
ended_at=2026-06-16T13:10:59.2373360+08:00
duration_seconds=3.805
exit_code=0
--- output ---
ok  	solana_golang/p2p	1.922s


## privacy audit confidential flow
started_at=2026-06-16T13:10:59.2388456+08:00
command=go test .\programs\privacy .\zk .\runtime -count 1
ended_at=2026-06-16T13:11:02.0302589+08:00
duration_seconds=2.791
exit_code=0
--- output ---
ok  	solana_golang/programs/privacy	1.435s
ok  	solana_golang/zk	1.069s
ok  	solana_golang/runtime	1.598s


## consensus business stake vote reward
started_at=2026-06-16T13:11:02.0317673+08:00
command=go test .\consensus -run TestPoSRealAccountStakeVoteAndBlockFlow|TestValidatorJoinsOnlyAfterRegisterStakeTransaction|TestStageBusiness|TestApplyBlockRewards|TestFaultInjectionLeaderOfflineFormsSkipQC|TestBLS -count 1
ended_at=2026-06-16T13:11:04.2644735+08:00
duration_seconds=2.233
exit_code=0
--- output ---
ok  	solana_golang/consensus	1.046s


## posnode rpc turbine sync
started_at=2026-06-16T13:11:04.2664943+08:00
command=go test .\cmd\posnode -run TestHTTPJSONRPC|TestStageBusinessRPC|TestConsensusStatus|TestTurbine|TestTransactionFastPath|TestFaultInjection|TestAddTransaction|TestVerifyQuorumCertificate -count 1
ended_at=2026-06-16T13:11:11.0156256+08:00
duration_seconds=6.749
exit_code=0
--- output ---
ok  	solana_golang/cmd/posnode	2.006s


## blockchain reorg persistence
started_at=2026-06-16T13:11:11.0219982+08:00
command=go test .\blockchain -run TestBuildGenesisStateCreatesTreasuryAndValidators|TestLedgerCommitPersistsAndReloads|TestLedgerReorganizeToBetterFork|TestStageBusinessFinalizedBlocksRejectDeepReorg|TestFaultInjectionReorgPersistsAfterNodeRestart -count 1
ended_at=2026-06-16T13:11:17.2921882+08:00
duration_seconds=6.27
exit_code=0
--- output ---
ok  	solana_golang/blockchain	1.950s


## p2p fault network routing
started_at=2026-06-16T13:11:17.2942282+08:00
command=go test .\p2p -run TestFaultInjection|TestHostHeartbeatClosesExpiredConnection|TestHostRequestRetries|TestHostDialPeerBacksOff|TestHostRateLimitsInboundMessages|TestPeerProtection|TestQueuedConnection|TestConnectionMessageSequencer -count 1
ended_at=2026-06-16T13:11:21.0857758+08:00
duration_seconds=3.792
exit_code=0
--- output ---
ok  	solana_golang/p2p	2.262s


## privacy audit confidential flow
started_at=2026-06-16T13:11:21.0872840+08:00
command=go test .\programs\privacy .\zk .\runtime -count 1
ended_at=2026-06-16T13:11:23.7173018+08:00
duration_seconds=2.63
exit_code=0
--- output ---
ok  	solana_golang/programs/privacy	1.369s
ok  	solana_golang/zk	1.028s
ok  	solana_golang/runtime	1.523s


## consensus business stake vote reward
started_at=2026-06-16T13:11:23.7213228+08:00
command=go test .\consensus -run TestPoSRealAccountStakeVoteAndBlockFlow|TestValidatorJoinsOnlyAfterRegisterStakeTransaction|TestStageBusiness|TestApplyBlockRewards|TestFaultInjectionLeaderOfflineFormsSkipQC|TestBLS -count 1
ended_at=2026-06-16T13:11:26.1884772+08:00
duration_seconds=2.467
exit_code=0
--- output ---
ok  	solana_golang/consensus	0.993s


## posnode rpc turbine sync
started_at=2026-06-16T13:11:26.1900617+08:00
command=go test .\cmd\posnode -run TestHTTPJSONRPC|TestStageBusinessRPC|TestConsensusStatus|TestTurbine|TestTransactionFastPath|TestFaultInjection|TestAddTransaction|TestVerifyQuorumCertificate -count 1
ended_at=2026-06-16T13:11:32.8674947+08:00
duration_seconds=6.677
exit_code=0
--- output ---
ok  	solana_golang/cmd/posnode	1.919s


## blockchain reorg persistence
started_at=2026-06-16T13:11:32.8690030+08:00
command=go test .\blockchain -run TestBuildGenesisStateCreatesTreasuryAndValidators|TestLedgerCommitPersistsAndReloads|TestLedgerReorganizeToBetterFork|TestStageBusinessFinalizedBlocksRejectDeepReorg|TestFaultInjectionReorgPersistsAfterNodeRestart -count 1
ended_at=2026-06-16T13:11:39.2191227+08:00
duration_seconds=6.35
exit_code=0
--- output ---
ok  	solana_golang/blockchain	2.012s


## p2p fault network routing
started_at=2026-06-16T13:11:39.2206810+08:00
command=go test .\p2p -run TestFaultInjection|TestHostHeartbeatClosesExpiredConnection|TestHostRequestRetries|TestHostDialPeerBacksOff|TestHostRateLimitsInboundMessages|TestPeerProtection|TestQueuedConnection|TestConnectionMessageSequencer -count 1
ended_at=2026-06-16T13:11:42.6053947+08:00
duration_seconds=3.385
exit_code=0
--- output ---
ok  	solana_golang/p2p	1.899s


## privacy audit confidential flow
started_at=2026-06-16T13:11:42.6069676+08:00
command=go test .\programs\privacy .\zk .\runtime -count 1
ended_at=2026-06-16T13:11:45.3396546+08:00
duration_seconds=2.733
exit_code=0
--- output ---
ok  	solana_golang/programs/privacy	1.468s
ok  	solana_golang/zk	1.001s
ok  	solana_golang/runtime	1.590s


## consensus business stake vote reward
started_at=2026-06-16T13:11:45.3411682+08:00
command=go test .\consensus -run TestPoSRealAccountStakeVoteAndBlockFlow|TestValidatorJoinsOnlyAfterRegisterStakeTransaction|TestStageBusiness|TestApplyBlockRewards|TestFaultInjectionLeaderOfflineFormsSkipQC|TestBLS -count 1
ended_at=2026-06-16T13:11:47.4689647+08:00
duration_seconds=2.128
exit_code=0
--- output ---
ok  	solana_golang/consensus	1.031s


## posnode rpc turbine sync
started_at=2026-06-16T13:11:47.4719902+08:00
command=go test .\cmd\posnode -run TestHTTPJSONRPC|TestStageBusinessRPC|TestConsensusStatus|TestTurbine|TestTransactionFastPath|TestFaultInjection|TestAddTransaction|TestVerifyQuorumCertificate -count 1
ended_at=2026-06-16T13:11:54.2309034+08:00
duration_seconds=6.759
exit_code=0
--- output ---
ok  	solana_golang/cmd/posnode	1.949s


## blockchain reorg persistence
started_at=2026-06-16T13:11:54.2324174+08:00
command=go test .\blockchain -run TestBuildGenesisStateCreatesTreasuryAndValidators|TestLedgerCommitPersistsAndReloads|TestLedgerReorganizeToBetterFork|TestStageBusinessFinalizedBlocksRejectDeepReorg|TestFaultInjectionReorgPersistsAfterNodeRestart -count 1
ended_at=2026-06-16T13:12:00.1332721+08:00
duration_seconds=5.901
exit_code=0
--- output ---
ok  	solana_golang/blockchain	1.842s


## p2p fault network routing
started_at=2026-06-16T13:12:00.1347835+08:00
command=go test .\p2p -run TestFaultInjection|TestHostHeartbeatClosesExpiredConnection|TestHostRequestRetries|TestHostDialPeerBacksOff|TestHostRateLimitsInboundMessages|TestPeerProtection|TestQueuedConnection|TestConnectionMessageSequencer -count 1
ended_at=2026-06-16T13:12:04.2535172+08:00
duration_seconds=4.119
exit_code=0
--- output ---
ok  	solana_golang/p2p	2.167s


## privacy audit confidential flow
started_at=2026-06-16T13:12:04.2550666+08:00
command=go test .\programs\privacy .\zk .\runtime -count 1
ended_at=2026-06-16T13:12:07.0025359+08:00
duration_seconds=2.747
exit_code=0
--- output ---
ok  	solana_golang/programs/privacy	1.427s
ok  	solana_golang/zk	1.085s
ok  	solana_golang/runtime	1.551s


## consensus business stake vote reward
started_at=2026-06-16T13:12:07.0045538+08:00
command=go test .\consensus -run TestPoSRealAccountStakeVoteAndBlockFlow|TestValidatorJoinsOnlyAfterRegisterStakeTransaction|TestStageBusiness|TestApplyBlockRewards|TestFaultInjectionLeaderOfflineFormsSkipQC|TestBLS -count 1
ended_at=2026-06-16T13:12:09.2618718+08:00
duration_seconds=2.257
exit_code=0
--- output ---
ok  	solana_golang/consensus	0.959s


## posnode rpc turbine sync
started_at=2026-06-16T13:12:09.2633874+08:00
command=go test .\cmd\posnode -run TestHTTPJSONRPC|TestStageBusinessRPC|TestConsensusStatus|TestTurbine|TestTransactionFastPath|TestFaultInjection|TestAddTransaction|TestVerifyQuorumCertificate -count 1
ended_at=2026-06-16T13:12:15.8472427+08:00
duration_seconds=6.584
exit_code=0
--- output ---
ok  	solana_golang/cmd/posnode	2.073s


## blockchain reorg persistence
started_at=2026-06-16T13:12:15.8487895+08:00
command=go test .\blockchain -run TestBuildGenesisStateCreatesTreasuryAndValidators|TestLedgerCommitPersistsAndReloads|TestLedgerReorganizeToBetterFork|TestStageBusinessFinalizedBlocksRejectDeepReorg|TestFaultInjectionReorgPersistsAfterNodeRestart -count 1
ended_at=2026-06-16T13:12:22.2430476+08:00
duration_seconds=6.394
exit_code=0
--- output ---
ok  	solana_golang/blockchain	1.947s


## p2p fault network routing
started_at=2026-06-16T13:12:22.2508901+08:00
command=go test .\p2p -run TestFaultInjection|TestHostHeartbeatClosesExpiredConnection|TestHostRequestRetries|TestHostDialPeerBacksOff|TestHostRateLimitsInboundMessages|TestPeerProtection|TestQueuedConnection|TestConnectionMessageSequencer -count 1
ended_at=2026-06-16T13:12:25.9493947+08:00
duration_seconds=3.699
exit_code=0
--- output ---
ok  	solana_golang/p2p	2.164s


## privacy audit confidential flow
started_at=2026-06-16T13:12:25.9509037+08:00
command=go test .\programs\privacy .\zk .\runtime -count 1
ended_at=2026-06-16T13:12:28.7981923+08:00
duration_seconds=2.847
exit_code=0
--- output ---
ok  	solana_golang/programs/privacy	1.423s
ok  	solana_golang/zk	1.033s
ok  	solana_golang/runtime	1.572s


## consensus business stake vote reward
started_at=2026-06-16T13:12:28.7996996+08:00
command=go test .\consensus -run TestPoSRealAccountStakeVoteAndBlockFlow|TestValidatorJoinsOnlyAfterRegisterStakeTransaction|TestStageBusiness|TestApplyBlockRewards|TestFaultInjectionLeaderOfflineFormsSkipQC|TestBLS -count 1
ended_at=2026-06-16T13:12:30.9975123+08:00
duration_seconds=2.198
exit_code=0
--- output ---
ok  	solana_golang/consensus	1.041s


## posnode rpc turbine sync
started_at=2026-06-16T13:12:30.9990356+08:00
command=go test .\cmd\posnode -run TestHTTPJSONRPC|TestStageBusinessRPC|TestConsensusStatus|TestTurbine|TestTransactionFastPath|TestFaultInjection|TestAddTransaction|TestVerifyQuorumCertificate -count 1
ended_at=2026-06-16T13:12:37.4017918+08:00
duration_seconds=6.403
exit_code=0
--- output ---
ok  	solana_golang/cmd/posnode	1.979s


## blockchain reorg persistence
started_at=2026-06-16T13:12:37.4033083+08:00
command=go test .\blockchain -run TestBuildGenesisStateCreatesTreasuryAndValidators|TestLedgerCommitPersistsAndReloads|TestLedgerReorganizeToBetterFork|TestStageBusinessFinalizedBlocksRejectDeepReorg|TestFaultInjectionReorgPersistsAfterNodeRestart -count 1
ended_at=2026-06-16T13:12:44.2048348+08:00
duration_seconds=6.802
exit_code=0
--- output ---
ok  	solana_golang/blockchain	1.983s


## p2p fault network routing
started_at=2026-06-16T13:12:44.2073885+08:00
command=go test .\p2p -run TestFaultInjection|TestHostHeartbeatClosesExpiredConnection|TestHostRequestRetries|TestHostDialPeerBacksOff|TestHostRateLimitsInboundMessages|TestPeerProtection|TestQueuedConnection|TestConnectionMessageSequencer -count 1
ended_at=2026-06-16T13:12:47.8079282+08:00
duration_seconds=3.601
exit_code=0
--- output ---
ok  	solana_golang/p2p	2.164s


## privacy audit confidential flow
started_at=2026-06-16T13:12:47.8089505+08:00
command=go test .\programs\privacy .\zk .\runtime -count 1
ended_at=2026-06-16T13:12:50.4702811+08:00
duration_seconds=2.661
exit_code=0
--- output ---
ok  	solana_golang/programs/privacy	1.353s
ok  	solana_golang/zk	1.028s
ok  	solana_golang/runtime	1.459s


## consensus business stake vote reward
started_at=2026-06-16T13:12:50.4717898+08:00
command=go test .\consensus -run TestPoSRealAccountStakeVoteAndBlockFlow|TestValidatorJoinsOnlyAfterRegisterStakeTransaction|TestStageBusiness|TestApplyBlockRewards|TestFaultInjectionLeaderOfflineFormsSkipQC|TestBLS -count 1
ended_at=2026-06-16T13:12:52.8446240+08:00
duration_seconds=2.373
exit_code=0
--- output ---
ok  	solana_golang/consensus	1.043s


## posnode rpc turbine sync
started_at=2026-06-16T13:12:52.8466568+08:00
command=go test .\cmd\posnode -run TestHTTPJSONRPC|TestStageBusinessRPC|TestConsensusStatus|TestTurbine|TestTransactionFastPath|TestFaultInjection|TestAddTransaction|TestVerifyQuorumCertificate -count 1
ended_at=2026-06-16T13:12:58.9707877+08:00
duration_seconds=6.124
exit_code=0
--- output ---
ok  	solana_golang/cmd/posnode	1.903s


## blockchain reorg persistence
started_at=2026-06-16T13:12:58.9722967+08:00
command=go test .\blockchain -run TestBuildGenesisStateCreatesTreasuryAndValidators|TestLedgerCommitPersistsAndReloads|TestLedgerReorganizeToBetterFork|TestStageBusinessFinalizedBlocksRejectDeepReorg|TestFaultInjectionReorgPersistsAfterNodeRestart -count 1
ended_at=2026-06-16T13:13:05.2891334+08:00
duration_seconds=6.317
exit_code=0
--- output ---
ok  	solana_golang/blockchain	1.968s


## p2p fault network routing
started_at=2026-06-16T13:13:05.2916526+08:00
command=go test .\p2p -run TestFaultInjection|TestHostHeartbeatClosesExpiredConnection|TestHostRequestRetries|TestHostDialPeerBacksOff|TestHostRateLimitsInboundMessages|TestPeerProtection|TestQueuedConnection|TestConnectionMessageSequencer -count 1
ended_at=2026-06-16T13:13:08.7214653+08:00
duration_seconds=3.43
exit_code=0
--- output ---
ok  	solana_golang/p2p	2.097s


## privacy audit confidential flow
started_at=2026-06-16T13:13:08.7229716+08:00
command=go test .\programs\privacy .\zk .\runtime -count 1
ended_at=2026-06-16T13:13:11.5088068+08:00
duration_seconds=2.786
exit_code=0
--- output ---
ok  	solana_golang/programs/privacy	1.038s
ok  	solana_golang/zk	1.409s
ok  	solana_golang/runtime	1.617s


## consensus business stake vote reward
started_at=2026-06-16T13:13:11.5103770+08:00
command=go test .\consensus -run TestPoSRealAccountStakeVoteAndBlockFlow|TestValidatorJoinsOnlyAfterRegisterStakeTransaction|TestStageBusiness|TestApplyBlockRewards|TestFaultInjectionLeaderOfflineFormsSkipQC|TestBLS -count 1
ended_at=2026-06-16T13:13:13.8342822+08:00
duration_seconds=2.324
exit_code=0
--- output ---
ok  	solana_golang/consensus	1.097s


## posnode rpc turbine sync
started_at=2026-06-16T13:13:13.8357913+08:00
command=go test .\cmd\posnode -run TestHTTPJSONRPC|TestStageBusinessRPC|TestConsensusStatus|TestTurbine|TestTransactionFastPath|TestFaultInjection|TestAddTransaction|TestVerifyQuorumCertificate -count 1
ended_at=2026-06-16T13:13:20.3837185+08:00
duration_seconds=6.548
exit_code=0
--- output ---
ok  	solana_golang/cmd/posnode	2.020s


## blockchain reorg persistence
started_at=2026-06-16T13:13:20.3852267+08:00
command=go test .\blockchain -run TestBuildGenesisStateCreatesTreasuryAndValidators|TestLedgerCommitPersistsAndReloads|TestLedgerReorganizeToBetterFork|TestStageBusinessFinalizedBlocksRejectDeepReorg|TestFaultInjectionReorgPersistsAfterNodeRestart -count 1
ended_at=2026-06-16T13:13:26.3904950+08:00
duration_seconds=6.005
exit_code=0
--- output ---
ok  	solana_golang/blockchain	1.987s


## p2p fault network routing
started_at=2026-06-16T13:13:26.3920041+08:00
command=go test .\p2p -run TestFaultInjection|TestHostHeartbeatClosesExpiredConnection|TestHostRequestRetries|TestHostDialPeerBacksOff|TestHostRateLimitsInboundMessages|TestPeerProtection|TestQueuedConnection|TestConnectionMessageSequencer -count 1
ended_at=2026-06-16T13:13:30.2303913+08:00
duration_seconds=3.838
exit_code=0
--- output ---
ok  	solana_golang/p2p	2.424s


## privacy audit confidential flow
started_at=2026-06-16T13:13:30.2321041+08:00
command=go test .\programs\privacy .\zk .\runtime -count 1
ended_at=2026-06-16T13:13:32.9576569+08:00
duration_seconds=2.726
exit_code=0
--- output ---
ok  	solana_golang/programs/privacy	1.369s
ok  	solana_golang/zk	1.039s
ok  	solana_golang/runtime	1.513s


## consensus business stake vote reward
started_at=2026-06-16T13:13:32.9586803+08:00
command=go test .\consensus -run TestPoSRealAccountStakeVoteAndBlockFlow|TestValidatorJoinsOnlyAfterRegisterStakeTransaction|TestStageBusiness|TestApplyBlockRewards|TestFaultInjectionLeaderOfflineFormsSkipQC|TestBLS -count 1
ended_at=2026-06-16T13:13:35.1777916+08:00
duration_seconds=2.219
exit_code=0
--- output ---
ok  	solana_golang/consensus	1.049s


## posnode rpc turbine sync
started_at=2026-06-16T13:13:35.1793013+08:00
command=go test .\cmd\posnode -run TestHTTPJSONRPC|TestStageBusinessRPC|TestConsensusStatus|TestTurbine|TestTransactionFastPath|TestFaultInjection|TestAddTransaction|TestVerifyQuorumCertificate -count 1
ended_at=2026-06-16T13:13:41.5789899+08:00
duration_seconds=6.4
exit_code=0
--- output ---
ok  	solana_golang/cmd/posnode	1.860s


## blockchain reorg persistence
started_at=2026-06-16T13:13:41.5804983+08:00
command=go test .\blockchain -run TestBuildGenesisStateCreatesTreasuryAndValidators|TestLedgerCommitPersistsAndReloads|TestLedgerReorganizeToBetterFork|TestStageBusinessFinalizedBlocksRejectDeepReorg|TestFaultInjectionReorgPersistsAfterNodeRestart -count 1
ended_at=2026-06-16T13:13:47.7334057+08:00
duration_seconds=6.153
exit_code=0
--- output ---
ok  	solana_golang/blockchain	1.958s


## p2p fault network routing
started_at=2026-06-16T13:13:47.7354489+08:00
command=go test .\p2p -run TestFaultInjection|TestHostHeartbeatClosesExpiredConnection|TestHostRequestRetries|TestHostDialPeerBacksOff|TestHostRateLimitsInboundMessages|TestPeerProtection|TestQueuedConnection|TestConnectionMessageSequencer -count 1
ended_at=2026-06-16T13:13:51.5354767+08:00
duration_seconds=3.8
exit_code=0
--- output ---
ok  	solana_golang/p2p	2.425s


## privacy audit confidential flow
started_at=2026-06-16T13:13:51.5380312+08:00
command=go test .\programs\privacy .\zk .\runtime -count 1
ended_at=2026-06-16T13:13:53.9121017+08:00
duration_seconds=2.374
exit_code=0
--- output ---
ok  	solana_golang/programs/privacy	1.355s
ok  	solana_golang/zk	1.082s
ok  	solana_golang/runtime	1.211s


phase_ended_at=2026-06-16T13:13:53.9136097+08:00
phase_duration_seconds=302.294
cycles=14
