phase=business
round=15
minutes=5
started_at=2026-06-16T13:13:53.9136097+08:00

## consensus business stake vote reward
started_at=2026-06-16T13:13:53.9274867+08:00
command=go test .\consensus -run TestPoSRealAccountStakeVoteAndBlockFlow|TestValidatorJoinsOnlyAfterRegisterStakeTransaction|TestStageBusiness|TestApplyBlockRewards|TestFaultInjectionLeaderOfflineFormsSkipQC|TestBLS -count 1
ended_at=2026-06-16T13:13:56.2005810+08:00
duration_seconds=2.273
exit_code=0
--- output ---
ok  	solana_golang/consensus	1.081s


## posnode rpc turbine sync
started_at=2026-06-16T13:13:56.2031021+08:00
command=go test .\cmd\posnode -run TestHTTPJSONRPC|TestStageBusinessRPC|TestConsensusStatus|TestTurbine|TestTransactionFastPath|TestFaultInjection|TestAddTransaction|TestVerifyQuorumCertificate -count 1
ended_at=2026-06-16T13:14:02.7894428+08:00
duration_seconds=6.586
exit_code=0
--- output ---
ok  	solana_golang/cmd/posnode	1.975s


## blockchain reorg persistence
started_at=2026-06-16T13:14:02.7914577+08:00
command=go test .\blockchain -run TestBuildGenesisStateCreatesTreasuryAndValidators|TestLedgerCommitPersistsAndReloads|TestLedgerReorganizeToBetterFork|TestStageBusinessFinalizedBlocksRejectDeepReorg|TestFaultInjectionReorgPersistsAfterNodeRestart -count 1
ended_at=2026-06-16T13:14:08.9197265+08:00
duration_seconds=6.128
exit_code=0
--- output ---
ok  	solana_golang/blockchain	1.837s


## p2p fault network routing
started_at=2026-06-16T13:14:08.9212958+08:00
command=go test .\p2p -run TestFaultInjection|TestHostHeartbeatClosesExpiredConnection|TestHostRequestRetries|TestHostDialPeerBacksOff|TestHostRateLimitsInboundMessages|TestPeerProtection|TestQueuedConnection|TestConnectionMessageSequencer -count 1
ended_at=2026-06-16T13:14:12.7597073+08:00
duration_seconds=3.838
exit_code=0
--- output ---
ok  	solana_golang/p2p	2.029s


## privacy audit confidential flow
started_at=2026-06-16T13:14:12.7612152+08:00
command=go test .\programs\privacy .\zk .\runtime -count 1
ended_at=2026-06-16T13:14:15.4369981+08:00
duration_seconds=2.676
exit_code=0
--- output ---
ok  	solana_golang/programs/privacy	1.342s
ok  	solana_golang/zk	1.000s
ok  	solana_golang/runtime	1.559s


## consensus business stake vote reward
started_at=2026-06-16T13:14:15.4385248+08:00
command=go test .\consensus -run TestPoSRealAccountStakeVoteAndBlockFlow|TestValidatorJoinsOnlyAfterRegisterStakeTransaction|TestStageBusiness|TestApplyBlockRewards|TestFaultInjectionLeaderOfflineFormsSkipQC|TestBLS -count 1
ended_at=2026-06-16T13:14:17.6103909+08:00
duration_seconds=2.172
exit_code=0
--- output ---
ok  	solana_golang/consensus	0.968s


## posnode rpc turbine sync
started_at=2026-06-16T13:14:17.6129028+08:00
command=go test .\cmd\posnode -run TestHTTPJSONRPC|TestStageBusinessRPC|TestConsensusStatus|TestTurbine|TestTransactionFastPath|TestFaultInjection|TestAddTransaction|TestVerifyQuorumCertificate -count 1
ended_at=2026-06-16T13:14:24.2325442+08:00
duration_seconds=6.62
exit_code=0
--- output ---
ok  	solana_golang/cmd/posnode	2.053s


## blockchain reorg persistence
started_at=2026-06-16T13:14:24.2340608+08:00
command=go test .\blockchain -run TestBuildGenesisStateCreatesTreasuryAndValidators|TestLedgerCommitPersistsAndReloads|TestLedgerReorganizeToBetterFork|TestStageBusinessFinalizedBlocksRejectDeepReorg|TestFaultInjectionReorgPersistsAfterNodeRestart -count 1
ended_at=2026-06-16T13:14:30.6583201+08:00
duration_seconds=6.424
exit_code=0
--- output ---
ok  	solana_golang/blockchain	2.023s


## p2p fault network routing
started_at=2026-06-16T13:14:30.6613587+08:00
command=go test .\p2p -run TestFaultInjection|TestHostHeartbeatClosesExpiredConnection|TestHostRequestRetries|TestHostDialPeerBacksOff|TestHostRateLimitsInboundMessages|TestPeerProtection|TestQueuedConnection|TestConnectionMessageSequencer -count 1
ended_at=2026-06-16T13:14:34.8807950+08:00
duration_seconds=4.219
exit_code=0
--- output ---
ok  	solana_golang/p2p	2.078s


## privacy audit confidential flow
started_at=2026-06-16T13:14:34.8910094+08:00
command=go test .\programs\privacy .\zk .\runtime -count 1
ended_at=2026-06-16T13:14:37.5467166+08:00
duration_seconds=2.656
exit_code=0
--- output ---
ok  	solana_golang/programs/privacy	1.388s
ok  	solana_golang/zk	0.984s
ok  	solana_golang/runtime	1.465s


## consensus business stake vote reward
started_at=2026-06-16T13:14:37.5482257+08:00
command=go test .\consensus -run TestPoSRealAccountStakeVoteAndBlockFlow|TestValidatorJoinsOnlyAfterRegisterStakeTransaction|TestStageBusiness|TestApplyBlockRewards|TestFaultInjectionLeaderOfflineFormsSkipQC|TestBLS -count 1
ended_at=2026-06-16T13:14:39.7305834+08:00
duration_seconds=2.182
exit_code=0
--- output ---
ok  	solana_golang/consensus	0.936s


## posnode rpc turbine sync
started_at=2026-06-16T13:14:39.7316073+08:00
command=go test .\cmd\posnode -run TestHTTPJSONRPC|TestStageBusinessRPC|TestConsensusStatus|TestTurbine|TestTransactionFastPath|TestFaultInjection|TestAddTransaction|TestVerifyQuorumCertificate -count 1
ended_at=2026-06-16T13:14:46.1981235+08:00
duration_seconds=6.467
exit_code=0
--- output ---
ok  	solana_golang/cmd/posnode	1.957s


## blockchain reorg persistence
started_at=2026-06-16T13:14:46.1996332+08:00
command=go test .\blockchain -run TestBuildGenesisStateCreatesTreasuryAndValidators|TestLedgerCommitPersistsAndReloads|TestLedgerReorganizeToBetterFork|TestStageBusinessFinalizedBlocksRejectDeepReorg|TestFaultInjectionReorgPersistsAfterNodeRestart -count 1
ended_at=2026-06-16T13:14:52.3520546+08:00
duration_seconds=6.152
exit_code=0
--- output ---
ok  	solana_golang/blockchain	1.827s


## p2p fault network routing
started_at=2026-06-16T13:14:52.3535619+08:00
command=go test .\p2p -run TestFaultInjection|TestHostHeartbeatClosesExpiredConnection|TestHostRequestRetries|TestHostDialPeerBacksOff|TestHostRateLimitsInboundMessages|TestPeerProtection|TestQueuedConnection|TestConnectionMessageSequencer -count 1
ended_at=2026-06-16T13:14:56.5507023+08:00
duration_seconds=4.197
exit_code=0
--- output ---
ok  	solana_golang/p2p	2.207s


## privacy audit confidential flow
started_at=2026-06-16T13:14:56.5522094+08:00
command=go test .\programs\privacy .\zk .\runtime -count 1
ended_at=2026-06-16T13:14:59.2119180+08:00
duration_seconds=2.66
exit_code=0
--- output ---
ok  	solana_golang/programs/privacy	1.020s
ok  	solana_golang/zk	1.372s
ok  	solana_golang/runtime	1.528s


## consensus business stake vote reward
started_at=2026-06-16T13:14:59.2143459+08:00
command=go test .\consensus -run TestPoSRealAccountStakeVoteAndBlockFlow|TestValidatorJoinsOnlyAfterRegisterStakeTransaction|TestStageBusiness|TestApplyBlockRewards|TestFaultInjectionLeaderOfflineFormsSkipQC|TestBLS -count 1
ended_at=2026-06-16T13:15:01.3047260+08:00
duration_seconds=2.09
exit_code=0
--- output ---
ok  	solana_golang/consensus	0.919s


## posnode rpc turbine sync
started_at=2026-06-16T13:15:01.3062763+08:00
command=go test .\cmd\posnode -run TestHTTPJSONRPC|TestStageBusinessRPC|TestConsensusStatus|TestTurbine|TestTransactionFastPath|TestFaultInjection|TestAddTransaction|TestVerifyQuorumCertificate -count 1
ended_at=2026-06-16T13:15:08.3375565+08:00
duration_seconds=7.031
exit_code=0
--- output ---
ok  	solana_golang/cmd/posnode	2.090s


## blockchain reorg persistence
started_at=2026-06-16T13:15:08.3390632+08:00
command=go test .\blockchain -run TestBuildGenesisStateCreatesTreasuryAndValidators|TestLedgerCommitPersistsAndReloads|TestLedgerReorganizeToBetterFork|TestStageBusinessFinalizedBlocksRejectDeepReorg|TestFaultInjectionReorgPersistsAfterNodeRestart -count 1
ended_at=2026-06-16T13:15:14.3195754+08:00
duration_seconds=5.981
exit_code=0
--- output ---
ok  	solana_golang/blockchain	1.905s


## p2p fault network routing
started_at=2026-06-16T13:15:14.3210847+08:00
command=go test .\p2p -run TestFaultInjection|TestHostHeartbeatClosesExpiredConnection|TestHostRequestRetries|TestHostDialPeerBacksOff|TestHostRateLimitsInboundMessages|TestPeerProtection|TestQueuedConnection|TestConnectionMessageSequencer -count 1
ended_at=2026-06-16T13:15:17.6507458+08:00
duration_seconds=3.33
exit_code=0
--- output ---
ok  	solana_golang/p2p	1.949s


## privacy audit confidential flow
started_at=2026-06-16T13:15:17.6528916+08:00
command=go test .\programs\privacy .\zk .\runtime -count 1
ended_at=2026-06-16T13:15:20.4316171+08:00
duration_seconds=2.779
exit_code=0
--- output ---
ok  	solana_golang/programs/privacy	1.383s
ok  	solana_golang/zk	1.061s
ok  	solana_golang/runtime	1.584s


## consensus business stake vote reward
started_at=2026-06-16T13:15:20.4331746+08:00
command=go test .\consensus -run TestPoSRealAccountStakeVoteAndBlockFlow|TestValidatorJoinsOnlyAfterRegisterStakeTransaction|TestStageBusiness|TestApplyBlockRewards|TestFaultInjectionLeaderOfflineFormsSkipQC|TestBLS -count 1
ended_at=2026-06-16T13:15:22.3609179+08:00
duration_seconds=1.928
exit_code=0
--- output ---
ok  	solana_golang/consensus	0.641s


## posnode rpc turbine sync
started_at=2026-06-16T13:15:22.3629409+08:00
command=go test .\cmd\posnode -run TestHTTPJSONRPC|TestStageBusinessRPC|TestConsensusStatus|TestTurbine|TestTransactionFastPath|TestFaultInjection|TestAddTransaction|TestVerifyQuorumCertificate -count 1
ended_at=2026-06-16T13:15:28.8972359+08:00
duration_seconds=6.534
exit_code=0
--- output ---
ok  	solana_golang/cmd/posnode	2.007s


## blockchain reorg persistence
started_at=2026-06-16T13:15:28.8987585+08:00
command=go test .\blockchain -run TestBuildGenesisStateCreatesTreasuryAndValidators|TestLedgerCommitPersistsAndReloads|TestLedgerReorganizeToBetterFork|TestStageBusinessFinalizedBlocksRejectDeepReorg|TestFaultInjectionReorgPersistsAfterNodeRestart -count 1
ended_at=2026-06-16T13:15:34.8982217+08:00
duration_seconds=5.999
exit_code=0
--- output ---
ok  	solana_golang/blockchain	1.978s


## p2p fault network routing
started_at=2026-06-16T13:15:34.9002569+08:00
command=go test .\p2p -run TestFaultInjection|TestHostHeartbeatClosesExpiredConnection|TestHostRequestRetries|TestHostDialPeerBacksOff|TestHostRateLimitsInboundMessages|TestPeerProtection|TestQueuedConnection|TestConnectionMessageSequencer -count 1
ended_at=2026-06-16T13:15:39.2646368+08:00
duration_seconds=4.364
exit_code=0
--- output ---
ok  	solana_golang/p2p	2.328s


## privacy audit confidential flow
started_at=2026-06-16T13:15:39.2661790+08:00
command=go test .\programs\privacy .\zk .\runtime -count 1
ended_at=2026-06-16T13:15:41.8254637+08:00
duration_seconds=2.559
exit_code=0
--- output ---
ok  	solana_golang/programs/privacy	1.450s
ok  	solana_golang/zk	1.077s
ok  	solana_golang/runtime	1.447s


## consensus business stake vote reward
started_at=2026-06-16T13:15:41.8269925+08:00
command=go test .\consensus -run TestPoSRealAccountStakeVoteAndBlockFlow|TestValidatorJoinsOnlyAfterRegisterStakeTransaction|TestStageBusiness|TestApplyBlockRewards|TestFaultInjectionLeaderOfflineFormsSkipQC|TestBLS -count 1
ended_at=2026-06-16T13:15:44.4733276+08:00
duration_seconds=2.646
exit_code=0
--- output ---
ok  	solana_golang/consensus	1.032s


## posnode rpc turbine sync
started_at=2026-06-16T13:15:44.4748411+08:00
command=go test .\cmd\posnode -run TestHTTPJSONRPC|TestStageBusinessRPC|TestConsensusStatus|TestTurbine|TestTransactionFastPath|TestFaultInjection|TestAddTransaction|TestVerifyQuorumCertificate -count 1
ended_at=2026-06-16T13:15:51.0233346+08:00
duration_seconds=6.548
exit_code=0
--- output ---
ok  	solana_golang/cmd/posnode	1.982s


## blockchain reorg persistence
started_at=2026-06-16T13:15:51.0248411+08:00
command=go test .\blockchain -run TestBuildGenesisStateCreatesTreasuryAndValidators|TestLedgerCommitPersistsAndReloads|TestLedgerReorganizeToBetterFork|TestStageBusinessFinalizedBlocksRejectDeepReorg|TestFaultInjectionReorgPersistsAfterNodeRestart -count 1
ended_at=2026-06-16T13:15:57.2355672+08:00
duration_seconds=6.211
exit_code=0
--- output ---
ok  	solana_golang/blockchain	1.937s


## p2p fault network routing
started_at=2026-06-16T13:15:57.2370769+08:00
command=go test .\p2p -run TestFaultInjection|TestHostHeartbeatClosesExpiredConnection|TestHostRequestRetries|TestHostDialPeerBacksOff|TestHostRateLimitsInboundMessages|TestPeerProtection|TestQueuedConnection|TestConnectionMessageSequencer -count 1
ended_at=2026-06-16T13:16:01.3014824+08:00
duration_seconds=4.064
exit_code=0
--- output ---
ok  	solana_golang/p2p	2.066s


## privacy audit confidential flow
started_at=2026-06-16T13:16:01.3029970+08:00
command=go test .\programs\privacy .\zk .\runtime -count 1
ended_at=2026-06-16T13:16:04.5182442+08:00
duration_seconds=3.215
exit_code=0
--- output ---
ok  	solana_golang/programs/privacy	1.002s
ok  	solana_golang/zk	1.409s
ok  	solana_golang/runtime	1.544s


## consensus business stake vote reward
started_at=2026-06-16T13:16:04.5197599+08:00
command=go test .\consensus -run TestPoSRealAccountStakeVoteAndBlockFlow|TestValidatorJoinsOnlyAfterRegisterStakeTransaction|TestStageBusiness|TestApplyBlockRewards|TestFaultInjectionLeaderOfflineFormsSkipQC|TestBLS -count 1
ended_at=2026-06-16T13:16:06.6861495+08:00
duration_seconds=2.166
exit_code=0
--- output ---
ok  	solana_golang/consensus	1.026s


## posnode rpc turbine sync
started_at=2026-06-16T13:16:06.6881770+08:00
command=go test .\cmd\posnode -run TestHTTPJSONRPC|TestStageBusinessRPC|TestConsensusStatus|TestTurbine|TestTransactionFastPath|TestFaultInjection|TestAddTransaction|TestVerifyQuorumCertificate -count 1
ended_at=2026-06-16T13:16:12.7827229+08:00
duration_seconds=6.095
exit_code=0
--- output ---
ok  	solana_golang/cmd/posnode	1.539s


## blockchain reorg persistence
started_at=2026-06-16T13:16:12.7843757+08:00
command=go test .\blockchain -run TestBuildGenesisStateCreatesTreasuryAndValidators|TestLedgerCommitPersistsAndReloads|TestLedgerReorganizeToBetterFork|TestStageBusinessFinalizedBlocksRejectDeepReorg|TestFaultInjectionReorgPersistsAfterNodeRestart -count 1
ended_at=2026-06-16T13:16:18.6469102+08:00
duration_seconds=5.863
exit_code=0
--- output ---
ok  	solana_golang/blockchain	1.952s


## p2p fault network routing
started_at=2026-06-16T13:16:18.6492044+08:00
command=go test .\p2p -run TestFaultInjection|TestHostHeartbeatClosesExpiredConnection|TestHostRequestRetries|TestHostDialPeerBacksOff|TestHostRateLimitsInboundMessages|TestPeerProtection|TestQueuedConnection|TestConnectionMessageSequencer -count 1
ended_at=2026-06-16T13:16:22.3744661+08:00
duration_seconds=3.725
exit_code=0
--- output ---
ok  	solana_golang/p2p	2.006s


## privacy audit confidential flow
started_at=2026-06-16T13:16:22.3769807+08:00
command=go test .\programs\privacy .\zk .\runtime -count 1
ended_at=2026-06-16T13:16:25.4720593+08:00
duration_seconds=3.095
exit_code=0
--- output ---
ok  	solana_golang/programs/privacy	1.073s
ok  	solana_golang/zk	1.490s
ok  	solana_golang/runtime	1.720s


## consensus business stake vote reward
started_at=2026-06-16T13:16:25.4745870+08:00
command=go test .\consensus -run TestPoSRealAccountStakeVoteAndBlockFlow|TestValidatorJoinsOnlyAfterRegisterStakeTransaction|TestStageBusiness|TestApplyBlockRewards|TestFaultInjectionLeaderOfflineFormsSkipQC|TestBLS -count 1
ended_at=2026-06-16T13:16:27.6330845+08:00
duration_seconds=2.158
exit_code=0
--- output ---
ok  	solana_golang/consensus	1.011s


## posnode rpc turbine sync
started_at=2026-06-16T13:16:27.6346230+08:00
command=go test .\cmd\posnode -run TestHTTPJSONRPC|TestStageBusinessRPC|TestConsensusStatus|TestTurbine|TestTransactionFastPath|TestFaultInjection|TestAddTransaction|TestVerifyQuorumCertificate -count 1
ended_at=2026-06-16T13:16:34.0344055+08:00
duration_seconds=6.4
exit_code=0
--- output ---
ok  	solana_golang/cmd/posnode	1.839s


## blockchain reorg persistence
started_at=2026-06-16T13:16:34.0360158+08:00
command=go test .\blockchain -run TestBuildGenesisStateCreatesTreasuryAndValidators|TestLedgerCommitPersistsAndReloads|TestLedgerReorganizeToBetterFork|TestStageBusinessFinalizedBlocksRejectDeepReorg|TestFaultInjectionReorgPersistsAfterNodeRestart -count 1
ended_at=2026-06-16T13:16:40.3199206+08:00
duration_seconds=6.284
exit_code=0
--- output ---
ok  	solana_golang/blockchain	2.003s


## p2p fault network routing
started_at=2026-06-16T13:16:40.3220213+08:00
command=go test .\p2p -run TestFaultInjection|TestHostHeartbeatClosesExpiredConnection|TestHostRequestRetries|TestHostDialPeerBacksOff|TestHostRateLimitsInboundMessages|TestPeerProtection|TestQueuedConnection|TestConnectionMessageSequencer -count 1
ended_at=2026-06-16T13:16:44.1060921+08:00
duration_seconds=3.784
exit_code=0
--- output ---
ok  	solana_golang/p2p	2.001s


## privacy audit confidential flow
started_at=2026-06-16T13:16:44.1077259+08:00
command=go test .\programs\privacy .\zk .\runtime -count 1
ended_at=2026-06-16T13:16:46.8374916+08:00
duration_seconds=2.73
exit_code=0
--- output ---
ok  	solana_golang/programs/privacy	1.439s
ok  	solana_golang/zk	1.016s
ok  	solana_golang/runtime	1.520s


## consensus business stake vote reward
started_at=2026-06-16T13:16:46.8390005+08:00
command=go test .\consensus -run TestPoSRealAccountStakeVoteAndBlockFlow|TestValidatorJoinsOnlyAfterRegisterStakeTransaction|TestStageBusiness|TestApplyBlockRewards|TestFaultInjectionLeaderOfflineFormsSkipQC|TestBLS -count 1
ended_at=2026-06-16T13:16:49.1392125+08:00
duration_seconds=2.3
exit_code=0
--- output ---
ok  	solana_golang/consensus	1.059s


## posnode rpc turbine sync
started_at=2026-06-16T13:16:49.1479371+08:00
command=go test .\cmd\posnode -run TestHTTPJSONRPC|TestStageBusinessRPC|TestConsensusStatus|TestTurbine|TestTransactionFastPath|TestFaultInjection|TestAddTransaction|TestVerifyQuorumCertificate -count 1
ended_at=2026-06-16T13:16:55.1849396+08:00
duration_seconds=6.037
exit_code=0
--- output ---
ok  	solana_golang/cmd/posnode	1.923s


## blockchain reorg persistence
started_at=2026-06-16T13:16:55.1864486+08:00
command=go test .\blockchain -run TestBuildGenesisStateCreatesTreasuryAndValidators|TestLedgerCommitPersistsAndReloads|TestLedgerReorganizeToBetterFork|TestStageBusinessFinalizedBlocksRejectDeepReorg|TestFaultInjectionReorgPersistsAfterNodeRestart -count 1
ended_at=2026-06-16T13:17:01.1025069+08:00
duration_seconds=5.916
exit_code=0
--- output ---
ok  	solana_golang/blockchain	1.783s


## p2p fault network routing
started_at=2026-06-16T13:17:01.1050185+08:00
command=go test .\p2p -run TestFaultInjection|TestHostHeartbeatClosesExpiredConnection|TestHostRequestRetries|TestHostDialPeerBacksOff|TestHostRateLimitsInboundMessages|TestPeerProtection|TestQueuedConnection|TestConnectionMessageSequencer -count 1
ended_at=2026-06-16T13:17:04.5843934+08:00
duration_seconds=3.479
exit_code=0
--- output ---
ok  	solana_golang/p2p	1.563s


## privacy audit confidential flow
started_at=2026-06-16T13:17:04.5859007+08:00
command=go test .\programs\privacy .\zk .\runtime -count 1
ended_at=2026-06-16T13:17:07.2526373+08:00
duration_seconds=2.667
exit_code=0
--- output ---
ok  	solana_golang/programs/privacy	1.317s
ok  	solana_golang/zk	0.964s
ok  	solana_golang/runtime	1.470s


## consensus business stake vote reward
started_at=2026-06-16T13:17:07.2541715+08:00
command=go test .\consensus -run TestPoSRealAccountStakeVoteAndBlockFlow|TestValidatorJoinsOnlyAfterRegisterStakeTransaction|TestStageBusiness|TestApplyBlockRewards|TestFaultInjectionLeaderOfflineFormsSkipQC|TestBLS -count 1
ended_at=2026-06-16T13:17:09.7051202+08:00
duration_seconds=2.451
exit_code=0
--- output ---
ok  	solana_golang/consensus	0.981s


## posnode rpc turbine sync
started_at=2026-06-16T13:17:09.7066518+08:00
command=go test .\cmd\posnode -run TestHTTPJSONRPC|TestStageBusinessRPC|TestConsensusStatus|TestTurbine|TestTransactionFastPath|TestFaultInjection|TestAddTransaction|TestVerifyQuorumCertificate -count 1
ended_at=2026-06-16T13:17:16.2191269+08:00
duration_seconds=6.512
exit_code=0
--- output ---
ok  	solana_golang/cmd/posnode	1.967s


## blockchain reorg persistence
started_at=2026-06-16T13:17:16.2211404+08:00
command=go test .\blockchain -run TestBuildGenesisStateCreatesTreasuryAndValidators|TestLedgerCommitPersistsAndReloads|TestLedgerReorganizeToBetterFork|TestStageBusinessFinalizedBlocksRejectDeepReorg|TestFaultInjectionReorgPersistsAfterNodeRestart -count 1
ended_at=2026-06-16T13:17:22.6571492+08:00
duration_seconds=6.436
exit_code=0
--- output ---
ok  	solana_golang/blockchain	1.919s


## p2p fault network routing
started_at=2026-06-16T13:17:22.6586579+08:00
command=go test .\p2p -run TestFaultInjection|TestHostHeartbeatClosesExpiredConnection|TestHostRequestRetries|TestHostDialPeerBacksOff|TestHostRateLimitsInboundMessages|TestPeerProtection|TestQueuedConnection|TestConnectionMessageSequencer -count 1
ended_at=2026-06-16T13:17:26.2310066+08:00
duration_seconds=3.572
exit_code=0
--- output ---
ok  	solana_golang/p2p	2.077s


## privacy audit confidential flow
started_at=2026-06-16T13:17:26.2330857+08:00
command=go test .\programs\privacy .\zk .\runtime -count 1
ended_at=2026-06-16T13:17:29.0240788+08:00
duration_seconds=2.791
exit_code=0
--- output ---
ok  	solana_golang/programs/privacy	1.343s
ok  	solana_golang/zk	1.038s
ok  	solana_golang/runtime	1.550s


## consensus business stake vote reward
started_at=2026-06-16T13:17:29.0256042+08:00
command=go test .\consensus -run TestPoSRealAccountStakeVoteAndBlockFlow|TestValidatorJoinsOnlyAfterRegisterStakeTransaction|TestStageBusiness|TestApplyBlockRewards|TestFaultInjectionLeaderOfflineFormsSkipQC|TestBLS -count 1
ended_at=2026-06-16T13:17:31.2900663+08:00
duration_seconds=2.264
exit_code=0
--- output ---
ok  	solana_golang/consensus	0.980s


## posnode rpc turbine sync
started_at=2026-06-16T13:17:31.2925792+08:00
command=go test .\cmd\posnode -run TestHTTPJSONRPC|TestStageBusinessRPC|TestConsensusStatus|TestTurbine|TestTransactionFastPath|TestFaultInjection|TestAddTransaction|TestVerifyQuorumCertificate -count 1
ended_at=2026-06-16T13:17:37.6205749+08:00
duration_seconds=6.328
exit_code=0
--- output ---
ok  	solana_golang/cmd/posnode	1.965s


## blockchain reorg persistence
started_at=2026-06-16T13:17:37.6220903+08:00
command=go test .\blockchain -run TestBuildGenesisStateCreatesTreasuryAndValidators|TestLedgerCommitPersistsAndReloads|TestLedgerReorganizeToBetterFork|TestStageBusinessFinalizedBlocksRejectDeepReorg|TestFaultInjectionReorgPersistsAfterNodeRestart -count 1
ended_at=2026-06-16T13:17:44.1261055+08:00
duration_seconds=6.504
exit_code=0
--- output ---
ok  	solana_golang/blockchain	1.988s


## p2p fault network routing
started_at=2026-06-16T13:17:44.1286261+08:00
command=go test .\p2p -run TestFaultInjection|TestHostHeartbeatClosesExpiredConnection|TestHostRequestRetries|TestHostDialPeerBacksOff|TestHostRateLimitsInboundMessages|TestPeerProtection|TestQueuedConnection|TestConnectionMessageSequencer -count 1
ended_at=2026-06-16T13:17:47.5653130+08:00
duration_seconds=3.437
exit_code=0
--- output ---
ok  	solana_golang/p2p	1.932s


## privacy audit confidential flow
started_at=2026-06-16T13:17:47.5668239+08:00
command=go test .\programs\privacy .\zk .\runtime -count 1
ended_at=2026-06-16T13:17:50.3071537+08:00
duration_seconds=2.74
exit_code=0
--- output ---
ok  	solana_golang/programs/privacy	1.374s
ok  	solana_golang/zk	1.019s
ok  	solana_golang/runtime	1.503s


## consensus business stake vote reward
started_at=2026-06-16T13:17:50.3152106+08:00
command=go test .\consensus -run TestPoSRealAccountStakeVoteAndBlockFlow|TestValidatorJoinsOnlyAfterRegisterStakeTransaction|TestStageBusiness|TestApplyBlockRewards|TestFaultInjectionLeaderOfflineFormsSkipQC|TestBLS -count 1
ended_at=2026-06-16T13:17:52.5985080+08:00
duration_seconds=2.283
exit_code=0
--- output ---
ok  	solana_golang/consensus	1.026s


## posnode rpc turbine sync
started_at=2026-06-16T13:17:52.6000313+08:00
command=go test .\cmd\posnode -run TestHTTPJSONRPC|TestStageBusinessRPC|TestConsensusStatus|TestTurbine|TestTransactionFastPath|TestFaultInjection|TestAddTransaction|TestVerifyQuorumCertificate -count 1
ended_at=2026-06-16T13:17:59.2988076+08:00
duration_seconds=6.699
exit_code=0
--- output ---
ok  	solana_golang/cmd/posnode	1.905s


## blockchain reorg persistence
started_at=2026-06-16T13:17:59.3008456+08:00
command=go test .\blockchain -run TestBuildGenesisStateCreatesTreasuryAndValidators|TestLedgerCommitPersistsAndReloads|TestLedgerReorganizeToBetterFork|TestStageBusinessFinalizedBlocksRejectDeepReorg|TestFaultInjectionReorgPersistsAfterNodeRestart -count 1
ended_at=2026-06-16T13:18:05.3039574+08:00
duration_seconds=6.003
exit_code=0
--- output ---
ok  	solana_golang/blockchain	1.939s


## p2p fault network routing
started_at=2026-06-16T13:18:05.3059944+08:00
command=go test .\p2p -run TestFaultInjection|TestHostHeartbeatClosesExpiredConnection|TestHostRequestRetries|TestHostDialPeerBacksOff|TestHostRateLimitsInboundMessages|TestPeerProtection|TestQueuedConnection|TestConnectionMessageSequencer -count 1
ended_at=2026-06-16T13:18:09.2623266+08:00
duration_seconds=3.956
exit_code=0
--- output ---
ok  	solana_golang/p2p	2.164s


## privacy audit confidential flow
started_at=2026-06-16T13:18:09.2638330+08:00
command=go test .\programs\privacy .\zk .\runtime -count 1
ended_at=2026-06-16T13:18:11.9683219+08:00
duration_seconds=2.704
exit_code=0
--- output ---
ok  	solana_golang/programs/privacy	1.334s
ok  	solana_golang/zk	1.026s
ok  	solana_golang/runtime	1.484s


## consensus business stake vote reward
started_at=2026-06-16T13:18:11.9703676+08:00
command=go test .\consensus -run TestPoSRealAccountStakeVoteAndBlockFlow|TestValidatorJoinsOnlyAfterRegisterStakeTransaction|TestStageBusiness|TestApplyBlockRewards|TestFaultInjectionLeaderOfflineFormsSkipQC|TestBLS -count 1
ended_at=2026-06-16T13:18:14.2640112+08:00
duration_seconds=2.294
exit_code=0
--- output ---
ok  	solana_golang/consensus	1.026s


## posnode rpc turbine sync
started_at=2026-06-16T13:18:14.2655208+08:00
command=go test .\cmd\posnode -run TestHTTPJSONRPC|TestStageBusinessRPC|TestConsensusStatus|TestTurbine|TestTransactionFastPath|TestFaultInjection|TestAddTransaction|TestVerifyQuorumCertificate -count 1
ended_at=2026-06-16T13:18:20.7729735+08:00
duration_seconds=6.507
exit_code=0
--- output ---
ok  	solana_golang/cmd/posnode	1.901s


## blockchain reorg persistence
started_at=2026-06-16T13:18:20.7745075+08:00
command=go test .\blockchain -run TestBuildGenesisStateCreatesTreasuryAndValidators|TestLedgerCommitPersistsAndReloads|TestLedgerReorganizeToBetterFork|TestStageBusinessFinalizedBlocksRejectDeepReorg|TestFaultInjectionReorgPersistsAfterNodeRestart -count 1
ended_at=2026-06-16T13:18:26.6322503+08:00
duration_seconds=5.858
exit_code=0
--- output ---
ok  	solana_golang/blockchain	1.924s


## p2p fault network routing
started_at=2026-06-16T13:18:26.6347622+08:00
command=go test .\p2p -run TestFaultInjection|TestHostHeartbeatClosesExpiredConnection|TestHostRequestRetries|TestHostDialPeerBacksOff|TestHostRateLimitsInboundMessages|TestPeerProtection|TestQueuedConnection|TestConnectionMessageSequencer -count 1
ended_at=2026-06-16T13:18:30.1914684+08:00
duration_seconds=3.557
exit_code=0
--- output ---
ok  	solana_golang/p2p	2.064s


## privacy audit confidential flow
started_at=2026-06-16T13:18:30.1929763+08:00
command=go test .\programs\privacy .\zk .\runtime -count 1
ended_at=2026-06-16T13:18:33.0567280+08:00
duration_seconds=2.864
exit_code=0
--- output ---
ok  	solana_golang/programs/privacy	1.352s
ok  	solana_golang/zk	0.959s
ok  	solana_golang/runtime	1.541s


## consensus business stake vote reward
started_at=2026-06-16T13:18:33.0587508+08:00
command=go test .\consensus -run TestPoSRealAccountStakeVoteAndBlockFlow|TestValidatorJoinsOnlyAfterRegisterStakeTransaction|TestStageBusiness|TestApplyBlockRewards|TestFaultInjectionLeaderOfflineFormsSkipQC|TestBLS -count 1
ended_at=2026-06-16T13:18:35.3474955+08:00
duration_seconds=2.289
exit_code=0
--- output ---
ok  	solana_golang/consensus	1.038s


## posnode rpc turbine sync
started_at=2026-06-16T13:18:35.3490035+08:00
command=go test .\cmd\posnode -run TestHTTPJSONRPC|TestStageBusinessRPC|TestConsensusStatus|TestTurbine|TestTransactionFastPath|TestFaultInjection|TestAddTransaction|TestVerifyQuorumCertificate -count 1
ended_at=2026-06-16T13:18:41.6009814+08:00
duration_seconds=6.252
exit_code=0
--- output ---
ok  	solana_golang/cmd/posnode	2.055s


## blockchain reorg persistence
started_at=2026-06-16T13:18:41.6025467+08:00
command=go test .\blockchain -run TestBuildGenesisStateCreatesTreasuryAndValidators|TestLedgerCommitPersistsAndReloads|TestLedgerReorganizeToBetterFork|TestStageBusinessFinalizedBlocksRejectDeepReorg|TestFaultInjectionReorgPersistsAfterNodeRestart -count 1
ended_at=2026-06-16T13:18:47.6875371+08:00
duration_seconds=6.085
exit_code=0
--- output ---
ok  	solana_golang/blockchain	1.885s


## p2p fault network routing
started_at=2026-06-16T13:18:47.6895461+08:00
command=go test .\p2p -run TestFaultInjection|TestHostHeartbeatClosesExpiredConnection|TestHostRequestRetries|TestHostDialPeerBacksOff|TestHostRateLimitsInboundMessages|TestPeerProtection|TestQueuedConnection|TestConnectionMessageSequencer -count 1
ended_at=2026-06-16T13:18:51.3028269+08:00
duration_seconds=3.613
exit_code=0
--- output ---
ok  	solana_golang/p2p	2.186s


## privacy audit confidential flow
started_at=2026-06-16T13:18:51.3043773+08:00
command=go test .\programs\privacy .\zk .\runtime -count 1
ended_at=2026-06-16T13:18:54.0812833+08:00
duration_seconds=2.777
exit_code=0
--- output ---
ok  	solana_golang/programs/privacy	1.525s
ok  	solana_golang/zk	1.113s
ok  	solana_golang/runtime	1.425s


phase_ended_at=2026-06-16T13:18:54.0827903+08:00
phase_duration_seconds=300.169
cycles=14
