phase=business
round=16
minutes=5
started_at=2026-06-16T13:18:54.0827903+08:00

## consensus business stake vote reward
started_at=2026-06-16T13:18:54.0883967+08:00
command=go test .\consensus -run TestPoSRealAccountStakeVoteAndBlockFlow|TestValidatorJoinsOnlyAfterRegisterStakeTransaction|TestStageBusiness|TestApplyBlockRewards|TestFaultInjectionLeaderOfflineFormsSkipQC|TestBLS -count 1
ended_at=2026-06-16T13:18:56.2314030+08:00
duration_seconds=2.143
exit_code=0
--- output ---
ok  	solana_golang/consensus	0.920s


## posnode rpc turbine sync
started_at=2026-06-16T13:18:56.2334631+08:00
command=go test .\cmd\posnode -run TestHTTPJSONRPC|TestStageBusinessRPC|TestConsensusStatus|TestTurbine|TestTransactionFastPath|TestFaultInjection|TestAddTransaction|TestVerifyQuorumCertificate -count 1
ended_at=2026-06-16T13:19:02.5636233+08:00
duration_seconds=6.33
exit_code=0
--- output ---
ok  	solana_golang/cmd/posnode	1.944s


## blockchain reorg persistence
started_at=2026-06-16T13:19:02.5656391+08:00
command=go test .\blockchain -run TestBuildGenesisStateCreatesTreasuryAndValidators|TestLedgerCommitPersistsAndReloads|TestLedgerReorganizeToBetterFork|TestStageBusinessFinalizedBlocksRejectDeepReorg|TestFaultInjectionReorgPersistsAfterNodeRestart -count 1
ended_at=2026-06-16T13:19:08.8604471+08:00
duration_seconds=6.295
exit_code=0
--- output ---
ok  	solana_golang/blockchain	1.782s


## p2p fault network routing
started_at=2026-06-16T13:19:08.8619595+08:00
command=go test .\p2p -run TestFaultInjection|TestHostHeartbeatClosesExpiredConnection|TestHostRequestRetries|TestHostDialPeerBacksOff|TestHostRateLimitsInboundMessages|TestPeerProtection|TestQueuedConnection|TestConnectionMessageSequencer -count 1
ended_at=2026-06-16T13:19:12.6370594+08:00
duration_seconds=3.775
exit_code=0
--- output ---
ok  	solana_golang/p2p	2.192s


## privacy audit confidential flow
started_at=2026-06-16T13:19:12.6385739+08:00
command=go test .\programs\privacy .\zk .\runtime -count 1
ended_at=2026-06-16T13:19:15.3668187+08:00
duration_seconds=2.728
exit_code=0
--- output ---
ok  	solana_golang/programs/privacy	1.351s
ok  	solana_golang/zk	1.034s
ok  	solana_golang/runtime	1.533s


## consensus business stake vote reward
started_at=2026-06-16T13:19:15.3683281+08:00
command=go test .\consensus -run TestPoSRealAccountStakeVoteAndBlockFlow|TestValidatorJoinsOnlyAfterRegisterStakeTransaction|TestStageBusiness|TestApplyBlockRewards|TestFaultInjectionLeaderOfflineFormsSkipQC|TestBLS -count 1
ended_at=2026-06-16T13:19:17.6034786+08:00
duration_seconds=2.235
exit_code=0
--- output ---
ok  	solana_golang/consensus	0.986s


## posnode rpc turbine sync
started_at=2026-06-16T13:19:17.6049938+08:00
command=go test .\cmd\posnode -run TestHTTPJSONRPC|TestStageBusinessRPC|TestConsensusStatus|TestTurbine|TestTransactionFastPath|TestFaultInjection|TestAddTransaction|TestVerifyQuorumCertificate -count 1
ended_at=2026-06-16T13:19:23.8509668+08:00
duration_seconds=6.246
exit_code=0
--- output ---
ok  	solana_golang/cmd/posnode	1.511s


## blockchain reorg persistence
started_at=2026-06-16T13:19:23.8530036+08:00
command=go test .\blockchain -run TestBuildGenesisStateCreatesTreasuryAndValidators|TestLedgerCommitPersistsAndReloads|TestLedgerReorganizeToBetterFork|TestStageBusinessFinalizedBlocksRejectDeepReorg|TestFaultInjectionReorgPersistsAfterNodeRestart -count 1
ended_at=2026-06-16T13:19:30.0531489+08:00
duration_seconds=6.2
exit_code=0
--- output ---
ok  	solana_golang/blockchain	1.933s


## p2p fault network routing
started_at=2026-06-16T13:19:30.0546573+08:00
command=go test .\p2p -run TestFaultInjection|TestHostHeartbeatClosesExpiredConnection|TestHostRequestRetries|TestHostDialPeerBacksOff|TestHostRateLimitsInboundMessages|TestPeerProtection|TestQueuedConnection|TestConnectionMessageSequencer -count 1
ended_at=2026-06-16T13:19:33.9049311+08:00
duration_seconds=3.85
exit_code=0
--- output ---
ok  	solana_golang/p2p	2.171s


## privacy audit confidential flow
started_at=2026-06-16T13:19:33.9064389+08:00
command=go test .\programs\privacy .\zk .\runtime -count 1
ended_at=2026-06-16T13:19:36.8099898+08:00
duration_seconds=2.904
exit_code=0
--- output ---
ok  	solana_golang/programs/privacy	1.491s
ok  	solana_golang/zk	1.086s
ok  	solana_golang/runtime	1.576s


## consensus business stake vote reward
started_at=2026-06-16T13:19:36.8114976+08:00
command=go test .\consensus -run TestPoSRealAccountStakeVoteAndBlockFlow|TestValidatorJoinsOnlyAfterRegisterStakeTransaction|TestStageBusiness|TestApplyBlockRewards|TestFaultInjectionLeaderOfflineFormsSkipQC|TestBLS -count 1
ended_at=2026-06-16T13:19:39.1227583+08:00
duration_seconds=2.311
exit_code=0
--- output ---
ok  	solana_golang/consensus	1.004s


## posnode rpc turbine sync
started_at=2026-06-16T13:19:39.1247708+08:00
command=go test .\cmd\posnode -run TestHTTPJSONRPC|TestStageBusinessRPC|TestConsensusStatus|TestTurbine|TestTransactionFastPath|TestFaultInjection|TestAddTransaction|TestVerifyQuorumCertificate -count 1
ended_at=2026-06-16T13:19:45.2372055+08:00
duration_seconds=6.112
exit_code=0
--- output ---
ok  	solana_golang/cmd/posnode	1.830s


## blockchain reorg persistence
started_at=2026-06-16T13:19:45.2388366+08:00
command=go test .\blockchain -run TestBuildGenesisStateCreatesTreasuryAndValidators|TestLedgerCommitPersistsAndReloads|TestLedgerReorganizeToBetterFork|TestStageBusinessFinalizedBlocksRejectDeepReorg|TestFaultInjectionReorgPersistsAfterNodeRestart -count 1
ended_at=2026-06-16T13:19:51.0982063+08:00
duration_seconds=5.859
exit_code=0
--- output ---
ok  	solana_golang/blockchain	1.883s


## p2p fault network routing
started_at=2026-06-16T13:19:51.0997401+08:00
command=go test .\p2p -run TestFaultInjection|TestHostHeartbeatClosesExpiredConnection|TestHostRequestRetries|TestHostDialPeerBacksOff|TestHostRateLimitsInboundMessages|TestPeerProtection|TestQueuedConnection|TestConnectionMessageSequencer -count 1
ended_at=2026-06-16T13:19:54.8467727+08:00
duration_seconds=3.747
exit_code=0
--- output ---
ok  	solana_golang/p2p	2.190s


## privacy audit confidential flow
started_at=2026-06-16T13:19:54.8486927+08:00
command=go test .\programs\privacy .\zk .\runtime -count 1
ended_at=2026-06-16T13:19:57.5670110+08:00
duration_seconds=2.718
exit_code=0
--- output ---
ok  	solana_golang/programs/privacy	1.458s
ok  	solana_golang/zk	1.051s
ok  	solana_golang/runtime	1.562s


## consensus business stake vote reward
started_at=2026-06-16T13:19:57.5751153+08:00
command=go test .\consensus -run TestPoSRealAccountStakeVoteAndBlockFlow|TestValidatorJoinsOnlyAfterRegisterStakeTransaction|TestStageBusiness|TestApplyBlockRewards|TestFaultInjectionLeaderOfflineFormsSkipQC|TestBLS -count 1
ended_at=2026-06-16T13:20:00.2670912+08:00
duration_seconds=2.692
exit_code=0
--- output ---
ok  	solana_golang/consensus	1.009s


## posnode rpc turbine sync
started_at=2026-06-16T13:20:00.2688901+08:00
command=go test .\cmd\posnode -run TestHTTPJSONRPC|TestStageBusinessRPC|TestConsensusStatus|TestTurbine|TestTransactionFastPath|TestFaultInjection|TestAddTransaction|TestVerifyQuorumCertificate -count 1
ended_at=2026-06-16T13:20:06.6927259+08:00
duration_seconds=6.424
exit_code=0
--- output ---
ok  	solana_golang/cmd/posnode	1.937s


## blockchain reorg persistence
started_at=2026-06-16T13:20:06.6942757+08:00
command=go test .\blockchain -run TestBuildGenesisStateCreatesTreasuryAndValidators|TestLedgerCommitPersistsAndReloads|TestLedgerReorganizeToBetterFork|TestStageBusinessFinalizedBlocksRejectDeepReorg|TestFaultInjectionReorgPersistsAfterNodeRestart -count 1
ended_at=2026-06-16T13:20:12.6984460+08:00
duration_seconds=6.004
exit_code=0
--- output ---
ok  	solana_golang/blockchain	1.878s


## p2p fault network routing
started_at=2026-06-16T13:20:12.7003059+08:00
command=go test .\p2p -run TestFaultInjection|TestHostHeartbeatClosesExpiredConnection|TestHostRequestRetries|TestHostDialPeerBacksOff|TestHostRateLimitsInboundMessages|TestPeerProtection|TestQueuedConnection|TestConnectionMessageSequencer -count 1
ended_at=2026-06-16T13:20:16.4196730+08:00
duration_seconds=3.719
exit_code=0
--- output ---
ok  	solana_golang/p2p	2.141s


## privacy audit confidential flow
started_at=2026-06-16T13:20:16.4211997+08:00
command=go test .\programs\privacy .\zk .\runtime -count 1
ended_at=2026-06-16T13:20:18.9803779+08:00
duration_seconds=2.559
exit_code=0
--- output ---
ok  	solana_golang/programs/privacy	1.411s
ok  	solana_golang/zk	1.043s
ok  	solana_golang/runtime	1.432s


## consensus business stake vote reward
started_at=2026-06-16T13:20:18.9818947+08:00
command=go test .\consensus -run TestPoSRealAccountStakeVoteAndBlockFlow|TestValidatorJoinsOnlyAfterRegisterStakeTransaction|TestStageBusiness|TestApplyBlockRewards|TestFaultInjectionLeaderOfflineFormsSkipQC|TestBLS -count 1
ended_at=2026-06-16T13:20:21.6098754+08:00
duration_seconds=2.628
exit_code=0
--- output ---
ok  	solana_golang/consensus	1.007s


## posnode rpc turbine sync
started_at=2026-06-16T13:20:21.6113814+08:00
command=go test .\cmd\posnode -run TestHTTPJSONRPC|TestStageBusinessRPC|TestConsensusStatus|TestTurbine|TestTransactionFastPath|TestFaultInjection|TestAddTransaction|TestVerifyQuorumCertificate -count 1
ended_at=2026-06-16T13:20:27.5145381+08:00
duration_seconds=5.903
exit_code=0
--- output ---
ok  	solana_golang/cmd/posnode	1.798s


## blockchain reorg persistence
started_at=2026-06-16T13:20:27.5160811+08:00
command=go test .\blockchain -run TestBuildGenesisStateCreatesTreasuryAndValidators|TestLedgerCommitPersistsAndReloads|TestLedgerReorganizeToBetterFork|TestStageBusinessFinalizedBlocksRejectDeepReorg|TestFaultInjectionReorgPersistsAfterNodeRestart -count 1
ended_at=2026-06-16T13:20:33.9163049+08:00
duration_seconds=6.4
exit_code=0
--- output ---
ok  	solana_golang/blockchain	1.971s


## p2p fault network routing
started_at=2026-06-16T13:20:33.9178145+08:00
command=go test .\p2p -run TestFaultInjection|TestHostHeartbeatClosesExpiredConnection|TestHostRequestRetries|TestHostDialPeerBacksOff|TestHostRateLimitsInboundMessages|TestPeerProtection|TestQueuedConnection|TestConnectionMessageSequencer -count 1
ended_at=2026-06-16T13:20:37.6814364+08:00
duration_seconds=3.764
exit_code=0
--- output ---
ok  	solana_golang/p2p	1.866s


## privacy audit confidential flow
started_at=2026-06-16T13:20:37.6829433+08:00
command=go test .\programs\privacy .\zk .\runtime -count 1
ended_at=2026-06-16T13:20:40.8493598+08:00
duration_seconds=3.166
exit_code=0
--- output ---
ok  	solana_golang/programs/privacy	1.449s
ok  	solana_golang/zk	1.061s
ok  	solana_golang/runtime	1.511s


## consensus business stake vote reward
started_at=2026-06-16T13:20:40.8528961+08:00
command=go test .\consensus -run TestPoSRealAccountStakeVoteAndBlockFlow|TestValidatorJoinsOnlyAfterRegisterStakeTransaction|TestStageBusiness|TestApplyBlockRewards|TestFaultInjectionLeaderOfflineFormsSkipQC|TestBLS -count 1
ended_at=2026-06-16T13:20:43.5585170+08:00
duration_seconds=2.706
exit_code=0
--- output ---
ok  	solana_golang/consensus	0.904s


## posnode rpc turbine sync
started_at=2026-06-16T13:20:43.5595285+08:00
command=go test .\cmd\posnode -run TestHTTPJSONRPC|TestStageBusinessRPC|TestConsensusStatus|TestTurbine|TestTransactionFastPath|TestFaultInjection|TestAddTransaction|TestVerifyQuorumCertificate -count 1
ended_at=2026-06-16T13:20:50.1518089+08:00
duration_seconds=6.592
exit_code=0
--- output ---
ok  	solana_golang/cmd/posnode	2.010s


## blockchain reorg persistence
started_at=2026-06-16T13:20:50.1533400+08:00
command=go test .\blockchain -run TestBuildGenesisStateCreatesTreasuryAndValidators|TestLedgerCommitPersistsAndReloads|TestLedgerReorganizeToBetterFork|TestStageBusinessFinalizedBlocksRejectDeepReorg|TestFaultInjectionReorgPersistsAfterNodeRestart -count 1
ended_at=2026-06-16T13:20:56.2034616+08:00
duration_seconds=6.05
exit_code=0
--- output ---
ok  	solana_golang/blockchain	2.043s


## p2p fault network routing
started_at=2026-06-16T13:20:56.2049755+08:00
command=go test .\p2p -run TestFaultInjection|TestHostHeartbeatClosesExpiredConnection|TestHostRequestRetries|TestHostDialPeerBacksOff|TestHostRateLimitsInboundMessages|TestPeerProtection|TestQueuedConnection|TestConnectionMessageSequencer -count 1
ended_at=2026-06-16T13:20:59.9943471+08:00
duration_seconds=3.789
exit_code=0
--- output ---
ok  	solana_golang/p2p	2.156s


## privacy audit confidential flow
started_at=2026-06-16T13:20:59.9958635+08:00
command=go test .\programs\privacy .\zk .\runtime -count 1
ended_at=2026-06-16T13:21:02.8082363+08:00
duration_seconds=2.812
exit_code=0
--- output ---
ok  	solana_golang/programs/privacy	1.425s
ok  	solana_golang/zk	1.039s
ok  	solana_golang/runtime	1.584s


## consensus business stake vote reward
started_at=2026-06-16T13:21:02.8157673+08:00
command=go test .\consensus -run TestPoSRealAccountStakeVoteAndBlockFlow|TestValidatorJoinsOnlyAfterRegisterStakeTransaction|TestStageBusiness|TestApplyBlockRewards|TestFaultInjectionLeaderOfflineFormsSkipQC|TestBLS -count 1
ended_at=2026-06-16T13:21:05.0065733+08:00
duration_seconds=2.191
exit_code=0
--- output ---
ok  	solana_golang/consensus	0.932s


## posnode rpc turbine sync
started_at=2026-06-16T13:21:05.0117995+08:00
command=go test .\cmd\posnode -run TestHTTPJSONRPC|TestStageBusinessRPC|TestConsensusStatus|TestTurbine|TestTransactionFastPath|TestFaultInjection|TestAddTransaction|TestVerifyQuorumCertificate -count 1
ended_at=2026-06-16T13:21:11.5873952+08:00
duration_seconds=6.576
exit_code=0
--- output ---
ok  	solana_golang/cmd/posnode	2.019s


## blockchain reorg persistence
started_at=2026-06-16T13:21:11.5889026+08:00
command=go test .\blockchain -run TestBuildGenesisStateCreatesTreasuryAndValidators|TestLedgerCommitPersistsAndReloads|TestLedgerReorganizeToBetterFork|TestStageBusinessFinalizedBlocksRejectDeepReorg|TestFaultInjectionReorgPersistsAfterNodeRestart -count 1
ended_at=2026-06-16T13:21:18.1091783+08:00
duration_seconds=6.52
exit_code=0
--- output ---
ok  	solana_golang/blockchain	1.999s


## p2p fault network routing
started_at=2026-06-16T13:21:18.1107475+08:00
command=go test .\p2p -run TestFaultInjection|TestHostHeartbeatClosesExpiredConnection|TestHostRequestRetries|TestHostDialPeerBacksOff|TestHostRateLimitsInboundMessages|TestPeerProtection|TestQueuedConnection|TestConnectionMessageSequencer -count 1
ended_at=2026-06-16T13:21:21.3993760+08:00
duration_seconds=3.289
exit_code=0
--- output ---
ok  	solana_golang/p2p	1.831s


## privacy audit confidential flow
started_at=2026-06-16T13:21:21.4018850+08:00
command=go test .\programs\privacy .\zk .\runtime -count 1
ended_at=2026-06-16T13:21:23.9953490+08:00
duration_seconds=2.593
exit_code=0
--- output ---
ok  	solana_golang/programs/privacy	1.368s
ok  	solana_golang/zk	1.093s
ok  	solana_golang/runtime	1.301s


## consensus business stake vote reward
started_at=2026-06-16T13:21:23.9968585+08:00
command=go test .\consensus -run TestPoSRealAccountStakeVoteAndBlockFlow|TestValidatorJoinsOnlyAfterRegisterStakeTransaction|TestStageBusiness|TestApplyBlockRewards|TestFaultInjectionLeaderOfflineFormsSkipQC|TestBLS -count 1
ended_at=2026-06-16T13:21:26.6092234+08:00
duration_seconds=2.612
exit_code=0
--- output ---
ok  	solana_golang/consensus	0.995s


## posnode rpc turbine sync
started_at=2026-06-16T13:21:26.6107309+08:00
command=go test .\cmd\posnode -run TestHTTPJSONRPC|TestStageBusinessRPC|TestConsensusStatus|TestTurbine|TestTransactionFastPath|TestFaultInjection|TestAddTransaction|TestVerifyQuorumCertificate -count 1
ended_at=2026-06-16T13:21:32.8940231+08:00
duration_seconds=6.283
exit_code=0
--- output ---
ok  	solana_golang/cmd/posnode	1.877s


## blockchain reorg persistence
started_at=2026-06-16T13:21:32.8955303+08:00
command=go test .\blockchain -run TestBuildGenesisStateCreatesTreasuryAndValidators|TestLedgerCommitPersistsAndReloads|TestLedgerReorganizeToBetterFork|TestStageBusinessFinalizedBlocksRejectDeepReorg|TestFaultInjectionReorgPersistsAfterNodeRestart -count 1
ended_at=2026-06-16T13:21:39.4675706+08:00
duration_seconds=6.572
exit_code=0
--- output ---
ok  	solana_golang/blockchain	1.986s


## p2p fault network routing
started_at=2026-06-16T13:21:39.4690799+08:00
command=go test .\p2p -run TestFaultInjection|TestHostHeartbeatClosesExpiredConnection|TestHostRequestRetries|TestHostDialPeerBacksOff|TestHostRateLimitsInboundMessages|TestPeerProtection|TestQueuedConnection|TestConnectionMessageSequencer -count 1
ended_at=2026-06-16T13:21:42.9873436+08:00
duration_seconds=3.518
exit_code=0
--- output ---
ok  	solana_golang/p2p	2.064s


## privacy audit confidential flow
started_at=2026-06-16T13:21:42.9888526+08:00
command=go test .\programs\privacy .\zk .\runtime -count 1
ended_at=2026-06-16T13:21:45.7752327+08:00
duration_seconds=2.786
exit_code=0
--- output ---
ok  	solana_golang/programs/privacy	1.117s
ok  	solana_golang/zk	1.515s
ok  	solana_golang/runtime	1.601s


## consensus business stake vote reward
started_at=2026-06-16T13:21:45.7773396+08:00
command=go test .\consensus -run TestPoSRealAccountStakeVoteAndBlockFlow|TestValidatorJoinsOnlyAfterRegisterStakeTransaction|TestStageBusiness|TestApplyBlockRewards|TestFaultInjectionLeaderOfflineFormsSkipQC|TestBLS -count 1
ended_at=2026-06-16T13:21:48.1823880+08:00
duration_seconds=2.405
exit_code=0
--- output ---
ok  	solana_golang/consensus	1.032s


## posnode rpc turbine sync
started_at=2026-06-16T13:21:48.1839054+08:00
command=go test .\cmd\posnode -run TestHTTPJSONRPC|TestStageBusinessRPC|TestConsensusStatus|TestTurbine|TestTransactionFastPath|TestFaultInjection|TestAddTransaction|TestVerifyQuorumCertificate -count 1
ended_at=2026-06-16T13:21:55.0818017+08:00
duration_seconds=6.898
exit_code=0
--- output ---
ok  	solana_golang/cmd/posnode	2.026s


## blockchain reorg persistence
started_at=2026-06-16T13:21:55.0833676+08:00
command=go test .\blockchain -run TestBuildGenesisStateCreatesTreasuryAndValidators|TestLedgerCommitPersistsAndReloads|TestLedgerReorganizeToBetterFork|TestStageBusinessFinalizedBlocksRejectDeepReorg|TestFaultInjectionReorgPersistsAfterNodeRestart -count 1
ended_at=2026-06-16T13:22:01.2760589+08:00
duration_seconds=6.193
exit_code=0
--- output ---
ok  	solana_golang/blockchain	1.901s


## p2p fault network routing
started_at=2026-06-16T13:22:01.2775678+08:00
command=go test .\p2p -run TestFaultInjection|TestHostHeartbeatClosesExpiredConnection|TestHostRequestRetries|TestHostDialPeerBacksOff|TestHostRateLimitsInboundMessages|TestPeerProtection|TestQueuedConnection|TestConnectionMessageSequencer -count 1
ended_at=2026-06-16T13:22:05.6041639+08:00
duration_seconds=4.327
exit_code=0
--- output ---
ok  	solana_golang/p2p	2.341s


## privacy audit confidential flow
started_at=2026-06-16T13:22:05.6056727+08:00
command=go test .\programs\privacy .\zk .\runtime -count 1
ended_at=2026-06-16T13:22:07.5868123+08:00
duration_seconds=1.981
exit_code=0
--- output ---
ok  	solana_golang/programs/privacy	0.873s
ok  	solana_golang/zk	0.797s
ok  	solana_golang/runtime	0.664s


## consensus business stake vote reward
started_at=2026-06-16T13:22:07.5883193+08:00
command=go test .\consensus -run TestPoSRealAccountStakeVoteAndBlockFlow|TestValidatorJoinsOnlyAfterRegisterStakeTransaction|TestStageBusiness|TestApplyBlockRewards|TestFaultInjectionLeaderOfflineFormsSkipQC|TestBLS -count 1
ended_at=2026-06-16T13:22:09.9247104+08:00
duration_seconds=2.336
exit_code=0
--- output ---
ok  	solana_golang/consensus	1.087s


## posnode rpc turbine sync
started_at=2026-06-16T13:22:09.9262189+08:00
command=go test .\cmd\posnode -run TestHTTPJSONRPC|TestStageBusinessRPC|TestConsensusStatus|TestTurbine|TestTransactionFastPath|TestFaultInjection|TestAddTransaction|TestVerifyQuorumCertificate -count 1
ended_at=2026-06-16T13:22:16.3316555+08:00
duration_seconds=6.405
exit_code=0
--- output ---
ok  	solana_golang/cmd/posnode	1.915s


## blockchain reorg persistence
started_at=2026-06-16T13:22:16.3464213+08:00
command=go test .\blockchain -run TestBuildGenesisStateCreatesTreasuryAndValidators|TestLedgerCommitPersistsAndReloads|TestLedgerReorganizeToBetterFork|TestStageBusinessFinalizedBlocksRejectDeepReorg|TestFaultInjectionReorgPersistsAfterNodeRestart -count 1
ended_at=2026-06-16T13:22:22.6684333+08:00
duration_seconds=6.322
exit_code=0
--- output ---
ok  	solana_golang/blockchain	1.930s


## p2p fault network routing
started_at=2026-06-16T13:22:22.6699429+08:00
command=go test .\p2p -run TestFaultInjection|TestHostHeartbeatClosesExpiredConnection|TestHostRequestRetries|TestHostDialPeerBacksOff|TestHostRateLimitsInboundMessages|TestPeerProtection|TestQueuedConnection|TestConnectionMessageSequencer -count 1
ended_at=2026-06-16T13:22:26.3929129+08:00
duration_seconds=3.723
exit_code=0
--- output ---
ok  	solana_golang/p2p	2.266s


## privacy audit confidential flow
started_at=2026-06-16T13:22:26.3949480+08:00
command=go test .\programs\privacy .\zk .\runtime -count 1
ended_at=2026-06-16T13:22:29.1757783+08:00
duration_seconds=2.781
exit_code=0
--- output ---
ok  	solana_golang/programs/privacy	1.369s
ok  	solana_golang/zk	1.049s
ok  	solana_golang/runtime	1.571s


## consensus business stake vote reward
started_at=2026-06-16T13:22:29.1773109+08:00
command=go test .\consensus -run TestPoSRealAccountStakeVoteAndBlockFlow|TestValidatorJoinsOnlyAfterRegisterStakeTransaction|TestStageBusiness|TestApplyBlockRewards|TestFaultInjectionLeaderOfflineFormsSkipQC|TestBLS -count 1
ended_at=2026-06-16T13:22:31.2254295+08:00
duration_seconds=2.048
exit_code=0
--- output ---
ok  	solana_golang/consensus	0.954s


## posnode rpc turbine sync
started_at=2026-06-16T13:22:31.2269378+08:00
command=go test .\cmd\posnode -run TestHTTPJSONRPC|TestStageBusinessRPC|TestConsensusStatus|TestTurbine|TestTransactionFastPath|TestFaultInjection|TestAddTransaction|TestVerifyQuorumCertificate -count 1
ended_at=2026-06-16T13:22:37.8156695+08:00
duration_seconds=6.589
exit_code=0
--- output ---
ok  	solana_golang/cmd/posnode	2.082s


## blockchain reorg persistence
started_at=2026-06-16T13:22:37.8171766+08:00
command=go test .\blockchain -run TestBuildGenesisStateCreatesTreasuryAndValidators|TestLedgerCommitPersistsAndReloads|TestLedgerReorganizeToBetterFork|TestStageBusinessFinalizedBlocksRejectDeepReorg|TestFaultInjectionReorgPersistsAfterNodeRestart -count 1
ended_at=2026-06-16T13:22:43.3571987+08:00
duration_seconds=5.54
exit_code=0
--- output ---
ok  	solana_golang/blockchain	1.859s


## p2p fault network routing
started_at=2026-06-16T13:22:43.3587047+08:00
command=go test .\p2p -run TestFaultInjection|TestHostHeartbeatClosesExpiredConnection|TestHostRequestRetries|TestHostDialPeerBacksOff|TestHostRateLimitsInboundMessages|TestPeerProtection|TestQueuedConnection|TestConnectionMessageSequencer -count 1
ended_at=2026-06-16T13:22:46.9548057+08:00
duration_seconds=3.596
exit_code=0
--- output ---
ok  	solana_golang/p2p	2.049s


## privacy audit confidential flow
started_at=2026-06-16T13:22:46.9563220+08:00
command=go test .\programs\privacy .\zk .\runtime -count 1
ended_at=2026-06-16T13:22:49.5384407+08:00
duration_seconds=2.582
exit_code=0
--- output ---
ok  	solana_golang/programs/privacy	1.080s
ok  	solana_golang/zk	1.435s
ok  	solana_golang/runtime	1.430s


## consensus business stake vote reward
started_at=2026-06-16T13:22:49.5399918+08:00
command=go test .\consensus -run TestPoSRealAccountStakeVoteAndBlockFlow|TestValidatorJoinsOnlyAfterRegisterStakeTransaction|TestStageBusiness|TestApplyBlockRewards|TestFaultInjectionLeaderOfflineFormsSkipQC|TestBLS -count 1
ended_at=2026-06-16T13:22:52.3157058+08:00
duration_seconds=2.776
exit_code=0
--- output ---
ok  	solana_golang/consensus	1.066s


## posnode rpc turbine sync
started_at=2026-06-16T13:22:52.3172420+08:00
command=go test .\cmd\posnode -run TestHTTPJSONRPC|TestStageBusinessRPC|TestConsensusStatus|TestTurbine|TestTransactionFastPath|TestFaultInjection|TestAddTransaction|TestVerifyQuorumCertificate -count 1
ended_at=2026-06-16T13:22:59.0272116+08:00
duration_seconds=6.71
exit_code=0
--- output ---
ok  	solana_golang/cmd/posnode	2.026s


## blockchain reorg persistence
started_at=2026-06-16T13:22:59.0289440+08:00
command=go test .\blockchain -run TestBuildGenesisStateCreatesTreasuryAndValidators|TestLedgerCommitPersistsAndReloads|TestLedgerReorganizeToBetterFork|TestStageBusinessFinalizedBlocksRejectDeepReorg|TestFaultInjectionReorgPersistsAfterNodeRestart -count 1
ended_at=2026-06-16T13:23:05.3066521+08:00
duration_seconds=6.278
exit_code=0
--- output ---
ok  	solana_golang/blockchain	1.914s


## p2p fault network routing
started_at=2026-06-16T13:23:05.3081601+08:00
command=go test .\p2p -run TestFaultInjection|TestHostHeartbeatClosesExpiredConnection|TestHostRequestRetries|TestHostDialPeerBacksOff|TestHostRateLimitsInboundMessages|TestPeerProtection|TestQueuedConnection|TestConnectionMessageSequencer -count 1
ended_at=2026-06-16T13:23:09.1005302+08:00
duration_seconds=3.792
exit_code=0
--- output ---
ok  	solana_golang/p2p	2.116s


## privacy audit confidential flow
started_at=2026-06-16T13:23:09.1020583+08:00
command=go test .\programs\privacy .\zk .\runtime -count 1
ended_at=2026-06-16T13:23:11.8098362+08:00
duration_seconds=2.708
exit_code=0
--- output ---
ok  	solana_golang/programs/privacy	1.566s
ok  	solana_golang/zk	1.055s
ok  	solana_golang/runtime	1.566s


## consensus business stake vote reward
started_at=2026-06-16T13:23:11.8149886+08:00
command=go test .\consensus -run TestPoSRealAccountStakeVoteAndBlockFlow|TestValidatorJoinsOnlyAfterRegisterStakeTransaction|TestStageBusiness|TestApplyBlockRewards|TestFaultInjectionLeaderOfflineFormsSkipQC|TestBLS -count 1
ended_at=2026-06-16T13:23:14.0928635+08:00
duration_seconds=2.278
exit_code=0
--- output ---
ok  	solana_golang/consensus	1.036s


## posnode rpc turbine sync
started_at=2026-06-16T13:23:14.0943740+08:00
command=go test .\cmd\posnode -run TestHTTPJSONRPC|TestStageBusinessRPC|TestConsensusStatus|TestTurbine|TestTransactionFastPath|TestFaultInjection|TestAddTransaction|TestVerifyQuorumCertificate -count 1
ended_at=2026-06-16T13:23:20.4744762+08:00
duration_seconds=6.38
exit_code=0
--- output ---
ok  	solana_golang/cmd/posnode	1.931s


## blockchain reorg persistence
started_at=2026-06-16T13:23:20.4760161+08:00
command=go test .\blockchain -run TestBuildGenesisStateCreatesTreasuryAndValidators|TestLedgerCommitPersistsAndReloads|TestLedgerReorganizeToBetterFork|TestStageBusinessFinalizedBlocksRejectDeepReorg|TestFaultInjectionReorgPersistsAfterNodeRestart -count 1
ended_at=2026-06-16T13:23:26.8801840+08:00
duration_seconds=6.404
exit_code=0
--- output ---
ok  	solana_golang/blockchain	2.032s


## p2p fault network routing
started_at=2026-06-16T13:23:26.8826944+08:00
command=go test .\p2p -run TestFaultInjection|TestHostHeartbeatClosesExpiredConnection|TestHostRequestRetries|TestHostDialPeerBacksOff|TestHostRateLimitsInboundMessages|TestPeerProtection|TestQueuedConnection|TestConnectionMessageSequencer -count 1
ended_at=2026-06-16T13:23:30.9043728+08:00
duration_seconds=4.022
exit_code=0
--- output ---
ok  	solana_golang/p2p	2.011s


## privacy audit confidential flow
started_at=2026-06-16T13:23:30.9068884+08:00
command=go test .\programs\privacy .\zk .\runtime -count 1
ended_at=2026-06-16T13:23:33.6654721+08:00
duration_seconds=2.759
exit_code=0
--- output ---
ok  	solana_golang/programs/privacy	1.389s
ok  	solana_golang/zk	1.047s
ok  	solana_golang/runtime	1.468s


## consensus business stake vote reward
started_at=2026-06-16T13:23:33.6674980+08:00
command=go test .\consensus -run TestPoSRealAccountStakeVoteAndBlockFlow|TestValidatorJoinsOnlyAfterRegisterStakeTransaction|TestStageBusiness|TestApplyBlockRewards|TestFaultInjectionLeaderOfflineFormsSkipQC|TestBLS -count 1
ended_at=2026-06-16T13:23:35.9253592+08:00
duration_seconds=2.258
exit_code=0
--- output ---
ok  	solana_golang/consensus	0.879s


## posnode rpc turbine sync
started_at=2026-06-16T13:23:35.9269002+08:00
command=go test .\cmd\posnode -run TestHTTPJSONRPC|TestStageBusinessRPC|TestConsensusStatus|TestTurbine|TestTransactionFastPath|TestFaultInjection|TestAddTransaction|TestVerifyQuorumCertificate -count 1
ended_at=2026-06-16T13:23:41.9265575+08:00
duration_seconds=6
exit_code=0
--- output ---
ok  	solana_golang/cmd/posnode	1.870s


## blockchain reorg persistence
started_at=2026-06-16T13:23:41.9285713+08:00
command=go test .\blockchain -run TestBuildGenesisStateCreatesTreasuryAndValidators|TestLedgerCommitPersistsAndReloads|TestLedgerReorganizeToBetterFork|TestStageBusinessFinalizedBlocksRejectDeepReorg|TestFaultInjectionReorgPersistsAfterNodeRestart -count 1
ended_at=2026-06-16T13:23:47.7702019+08:00
duration_seconds=5.842
exit_code=0
--- output ---
ok  	solana_golang/blockchain	1.659s


## p2p fault network routing
started_at=2026-06-16T13:23:47.7717227+08:00
command=go test .\p2p -run TestFaultInjection|TestHostHeartbeatClosesExpiredConnection|TestHostRequestRetries|TestHostDialPeerBacksOff|TestHostRateLimitsInboundMessages|TestPeerProtection|TestQueuedConnection|TestConnectionMessageSequencer -count 1
ended_at=2026-06-16T13:23:51.8393173+08:00
duration_seconds=4.068
exit_code=0
--- output ---
ok  	solana_golang/p2p	2.540s


## privacy audit confidential flow
started_at=2026-06-16T13:23:51.8408230+08:00
command=go test .\programs\privacy .\zk .\runtime -count 1
ended_at=2026-06-16T13:23:54.3312611+08:00
duration_seconds=2.49
exit_code=0
--- output ---
ok  	solana_golang/programs/privacy	1.078s
ok  	solana_golang/zk	1.158s
ok  	solana_golang/runtime	1.270s


phase_ended_at=2026-06-16T13:23:54.3317671+08:00
phase_duration_seconds=300.249
cycles=14
